#
# A fatal error has been detected by the Java Runtime Environment:
#
#  EXCEPTION_ACCESS_VIOLATION (0xc0000005) at pc=0x00007ffaf3933936, pid=9852, tid=5200
#
# JRE version: Java(TM) SE Runtime Environment 18.9 (11.0.7+8) (build 11.0.7+8-LTS)
# Java VM: Java HotSpot(TM) 64-Bit Server VM 18.9 (11.0.7+8-LTS, mixed mode, tiered, compressed oops, g1 gc, windows-amd64)
# Problematic frame:
# V  [jvm.dll+0x6f3936]
#
# No core dump will be written. Minidumps are not enabled by default on client versions of Windows
#
# If you would like to submit a bug report, please visit:
#   https://bugreport.java.com/bugreport/crash.jsp
#

---------------  S U M M A R Y ------------

Command Line: -Dcom.sun.management.jmxremote -Dcom.sun.management.jmxremote.port=59813 -Dcom.sun.management.jmxremote.authenticate=false -Dcom.sun.management.jmxremote.ssl=false -Djava.rmi.server.hostname=localhost -Dspring.jmx.enabled=true -Dspring.application.admin.enabled=true -Xverify:none -XX:TieredStopAtLevel=1 -Dspring.boot.project.name=ecommerce -Dfile.encoding=UTF-8 com.mycompany.ecommerce.EcommerceApplication --spring.output.ansi.enabled=always

Host: Intel(R) Core(TM) i7-6700HQ CPU @ 2.60GHz, 8 cores, 7G,  Windows 10 , 64 bit Build 18362 (10.0.18362.900)
Time: Fri Jun 19 17:46:29 2020 Hora oficial do Brasil elapsed time: 1 seconds (0d 0h 0m 1s)

---------------  T H R E A D  ---------------

Current thread (0x00000240a0457800):  WatcherThread [stack: 0x000000d2cd200000,0x000000d2cd300000] [id=5200]

Stack: [0x000000d2cd200000,0x000000d2cd300000],  sp=0x000000d2cd2ff940,  free space=1022k
Native frames: (J=compiled Java code, j=interpreted, Vv=VM code, C=native code)
V  [jvm.dll+0x6f3936]
V  [jvm.dll+0x73fc7d]
V  [jvm.dll+0x765fe9]
V  [jvm.dll+0x75e875]
V  [jvm.dll+0x660b26]
C  [ucrtbase.dll+0x20e82]
C  [KERNEL32.DLL+0x17bd4]
C  [ntdll.dll+0x6ce51]


siginfo: EXCEPTION_ACCESS_VIOLATION (0xc0000005), reading address 0x0000000c0000000b


Register to memory mapping:

RIP=0x00007ffaf3933936 jvm.dll
RAX=0x0000000c0000000b is an unknown value
RBX=0x0 is NULL
RCX=0x00000240a04445f0 points into unknown readable memory: e8 4a b4 f3 fa 7f 00 00
RDX=0x0000000000000032 is an unknown value
RSP=0x000000d2cd2ff940 points into unknown readable memory: 00 78 45 a0 40 02 00 00
RBP=0x0000000000000002 is an unknown value
RSI=0x00000240a039f170 points into unknown readable memory: 0b 00 00 00 0c 00 00 00
RDI=0x0000000000000001 is an unknown value
R8 =0x0 is NULL
R9 =0x0000024088330b80 is at begin+0 in a stub
StubRoutines::atomic_cmpxchg_long [0x0000024088330b80, 0x0000024088330b89[ (9 bytes)
R10=0x00000000546c6148 is an unknown value
R11=0xfffffffff92d69bb is an unknown value
R12=0x0 is NULL
R13=0x00000240a0457800 points into unknown readable memory: 18 92 b4 f3 fa 7f 00 00
R14=0x0000000000000032 is an unknown value
R15=0x00000240a028fe30 points into unknown readable memory: 00 00 00 00 00 00 00 00


Registers:
RAX=0x0000000c0000000b, RBX=0x0000000000000000, RCX=0x00000240a04445f0, RDX=0x0000000000000032
RSP=0x000000d2cd2ff940, RBP=0x0000000000000002, RSI=0x00000240a039f170, RDI=0x0000000000000001
R8 =0x0000000000000000, R9 =0x0000024088330b80, R10=0x00000000546c6148, R11=0xfffffffff92d69bb
R12=0x0000000000000000, R13=0x00000240a0457800, R14=0x0000000000000032, R15=0x00000240a028fe30
RIP=0x00007ffaf3933936, EFLAGS=0x0000000000010246

Top of Stack: (sp=0x000000d2cd2ff940)
0x000000d2cd2ff940:   00000240a0457800 00000240a0457800
0x000000d2cd2ff950:   00001b9a5c671d3c 00007ffaf38742d9
0x000000d2cd2ff960:   00007ffaf3ceabc8 00007ffaf397fc7d
0x000000d2cd2ff970:   00000240ffc9dda0 00000240ffc9dda0
0x000000d2cd2ff980:   00000240ffc9dda0 431bde82d7b634db
0x000000d2cd2ff990:   00000240a028fe30 00001b9a5c671d3c
0x000000d2cd2ff9a0:   00000240ffc9dda0 00007ffaf39a5fe9
0x000000d2cd2ff9b0:   0000000000000001 0000000000000032
0x000000d2cd2ff9c0:   0000000000000032 0000000000000002
0x000000d2cd2ff9d0:   000000d2cd2ffa70 0000000000000000
0x000000d2cd2ff9e0:   00007ffb553a0000 00007ffb554117d3
0x000000d2cd2ff9f0:   0000000000000000 00007ffb553a0000
0x000000d2cd2ffa00:   0000000000000000 000000d2cb933000
0x000000d2cd2ffa10:   00000240a0457800 0000000000000000
0x000000d2cd2ffa20:   0000000000100000 000000d2cd2ffe70
0x000000d2cd2ffa30:   000000d2cd200000 00007ffaf399e875 

Instructions: (pc=0x00007ffaf3933936)
0x00007ffaf3933916:   cc cc cc cc cc cc cc cc cc cc 48 89 5c 24 10 56
0x00007ffaf3933926:   48 83 ec 20 48 8b 35 67 23 3b 00 33 db 48 8b 06
0x00007ffaf3933936:   39 18 7e 27 48 89 7c 24 30 8b fb 48 8b 40 18 48
0x00007ffaf3933946:   8b 0c 07 48 8b 01 ff 50 08 48 8b 06 48 8d 7f 08 


Stack slot to memory mapping:
stack at sp + 0 slots: 0x00000240a0457800 points into unknown readable memory: 18 92 b4 f3 fa 7f 00 00
stack at sp + 1 slots: 0x00000240a0457800 points into unknown readable memory: 18 92 b4 f3 fa 7f 00 00
stack at sp + 2 slots: 0x00001b9a5c671d3c is an unknown value
stack at sp + 3 slots: 0x00007ffaf38742d9 jvm.dll
stack at sp + 4 slots: 0x00007ffaf3ceabc8 jvm.dll
stack at sp + 5 slots: 0x00007ffaf397fc7d jvm.dll
stack at sp + 6 slots: 0x00000240ffc9dda0 points into unknown readable memory: 01 00 00 00 00 00 00 00
stack at sp + 7 slots: 0x00000240ffc9dda0 points into unknown readable memory: 01 00 00 00 00 00 00 00


---------------  P R O C E S S  ---------------

Threads class SMR info:
_java_thread_list=0x00000240a0422b30, length=12, elements={
0x00000240ffca2000, 0x000002409e9c8800, 0x000002409e9ca000, 0x000002409f356800,
0x000002409f357800, 0x000002409f358800, 0x000002409f367000, 0x000002409f50e800,
0x000002409f593800, 0x00000240a0380000, 0x00000240a03bb800, 0x00000240a03b5800
}

Java Threads: ( => current thread )
  0x00000240ffca2000 JavaThread "main" [_thread_in_vm, id=1248, stack(0x000000d2cbe00000,0x000000d2cbf00000)]
  0x000002409e9c8800 JavaThread "Reference Handler" daemon [_thread_blocked, id=19608, stack(0x000000d2cc500000,0x000000d2cc600000)]
  0x000002409e9ca000 JavaThread "Finalizer" daemon [_thread_blocked, id=15348, stack(0x000000d2cc600000,0x000000d2cc700000)]
  0x000002409f356800 JavaThread "Signal Dispatcher" daemon [_thread_blocked, id=9756, stack(0x000000d2cc700000,0x000000d2cc800000)]
  0x000002409f357800 JavaThread "Attach Listener" daemon [_thread_blocked, id=18768, stack(0x000000d2cc800000,0x000000d2cc900000)]
  0x000002409f358800 JavaThread "C1 CompilerThread0" daemon [_thread_blocked, id=19188, stack(0x000000d2cc900000,0x000000d2cca00000)]
  0x000002409f367000 JavaThread "Sweeper thread" daemon [_thread_blocked, id=18628, stack(0x000000d2cca00000,0x000000d2ccb00000)]
  0x000002409f50e800 JavaThread "Common-Cleaner" daemon [_thread_blocked, id=7200, stack(0x000000d2ccb00000,0x000000d2ccc00000)]
  0x000002409f593800 JavaThread "Service Thread" daemon [_thread_blocked, id=18680, stack(0x000000d2ccc00000,0x000000d2ccd00000)]
  0x00000240a0380000 JavaThread "RMI TCP Accept-0" daemon [_thread_in_native, id=13476, stack(0x000000d2ccf00000,0x000000d2cd000000)]
  0x00000240a03bb800 JavaThread "RMI TCP Accept-59813" daemon [_thread_in_native, id=19344, stack(0x000000d2cd000000,0x000000d2cd100000)]
  0x00000240a03b5800 JavaThread "RMI TCP Accept-0" daemon [_thread_in_native, id=20320, stack(0x000000d2cd100000,0x000000d2cd200000)]

Other Threads:
  0x000002409e9c6800 VMThread "VM Thread" [stack: 0x000000d2cc400000,0x000000d2cc500000] [id=472]
=>0x00000240a0457800 WatcherThread [stack: 0x000000d2cd200000,0x000000d2cd300000] [id=5200]
  0x00000240ffcbb000 GCTaskThread "GC Thread#0" [stack: 0x000000d2cbf00000,0x000000d2cc000000] [id=19904]
  0x00000240a0390800 GCTaskThread "GC Thread#1" [stack: 0x000000d2ccd00000,0x000000d2cce00000] [id=18516]
  0x00000240a0391000 GCTaskThread "GC Thread#2" [stack: 0x000000d2cce00000,0x000000d2ccf00000] [id=19988]
  0x00000240ffcea000 ConcurrentGCThread "G1 Main Marker" [stack: 0x000000d2cc000000,0x000000d2cc100000] [id=18872]
  0x00000240ffcec000 ConcurrentGCThread "G1 Conc#0" [stack: 0x000000d2cc100000,0x000000d2cc200000] [id=14324]
  0x000002409e830800 ConcurrentGCThread "G1 Refine#0" [stack: 0x000000d2cc200000,0x000000d2cc300000] [id=9328]
  0x000002409e831800 ConcurrentGCThread "G1 Young RemSet Sampling" [stack: 0x000000d2cc300000,0x000000d2cc400000] [id=19496]

Threads with active compile tasks:

VM state:not at safepoint (normal execution)

VM Mutex/Monitor currently owned by a thread:  ([mutex/lock_event])
[0x00000240ffc9dda0] PeriodicTask_lock - owner thread: 0x00000240a0457800

Heap address: 0x0000000081e00000, size: 2018 MB, Compressed Oops mode: 32-bit
Narrow klass base: 0x0000000000000000, Narrow klass shift: 3
Compressed class space size: 1073741824 Address: 0x0000000100000000

Heap:
 garbage-first heap   total 131072K, used 21023K [0x0000000081e00000, 0x0000000100000000)
  region size 1024K, 4 young (4096K), 2 survivors (2048K)
 Metaspace       used 14616K, capacity 14991K, committed 15232K, reserved 1062912K
  class space    used 1546K, capacity 1664K, committed 1664K, reserved 1048576K
Heap Regions: E=young(eden), S=young(survivor), O=old, HS=humongous(starts), HC=humongous(continues), CS=collection set, F=free, A=archive, TAMS=top-at-mark-start (previous, next)
|   0|0x0000000081e00000, 0x0000000081f00000, 0x0000000081f00000|100%|HS|  |TAMS 0x0000000081e00000, 0x0000000081e00000| Complete 
|   1|0x0000000081f00000, 0x0000000082000000, 0x0000000082000000|100%| O|  |TAMS 0x0000000081f00000, 0x0000000081f00000| Untracked 
|   2|0x0000000082000000, 0x0000000082100000, 0x0000000082100000|100%| O|  |TAMS 0x0000000082000000, 0x0000000082000000| Untracked 
|   3|0x0000000082100000, 0x0000000082200000, 0x0000000082200000|100%| O|  |TAMS 0x0000000082100000, 0x0000000082100000| Untracked 
|   4|0x0000000082200000, 0x0000000082300000, 0x0000000082300000|100%| O|  |TAMS 0x0000000082200000, 0x0000000082200000| Untracked 
|   5|0x0000000082300000, 0x0000000082400000, 0x0000000082400000|100%| O|  |TAMS 0x0000000082300000, 0x0000000082300000| Untracked 
|   6|0x0000000082400000, 0x0000000082500000, 0x0000000082500000|100%| O|  |TAMS 0x0000000082400000, 0x0000000082400000| Untracked 
|   7|0x0000000082500000, 0x0000000082600000, 0x0000000082600000|100%| O|  |TAMS 0x0000000082500000, 0x0000000082500000| Untracked 
|   8|0x0000000082600000, 0x0000000082700000, 0x0000000082700000|100%| O|  |TAMS 0x0000000082600000, 0x0000000082600000| Untracked 
|   9|0x0000000082700000, 0x0000000082800000, 0x0000000082800000|100%| O|  |TAMS 0x0000000082700000, 0x0000000082700000| Untracked 
|  10|0x0000000082800000, 0x0000000082900000, 0x0000000082900000|100%| O|  |TAMS 0x0000000082800000, 0x0000000082800000| Untracked 
|  11|0x0000000082900000, 0x0000000082a00000, 0x0000000082a00000|100%| O|  |TAMS 0x0000000082900000, 0x0000000082900000| Untracked 
|  12|0x0000000082a00000, 0x0000000082b00000, 0x0000000082b00000|100%| O|  |TAMS 0x0000000082a00000, 0x0000000082a00000| Untracked 
|  13|0x0000000082b00000, 0x0000000082c00000, 0x0000000082c00000|100%| O|  |TAMS 0x0000000082b00000, 0x0000000082b00000| Untracked 
|  14|0x0000000082c00000, 0x0000000082d00000, 0x0000000082d00000|100%| O|  |TAMS 0x0000000082c00000, 0x0000000082c00000| Untracked 
|  15|0x0000000082d00000, 0x0000000082e00000, 0x0000000082e00000|100%| O|  |TAMS 0x0000000082d00000, 0x0000000082d00000| Untracked 
|  16|0x0000000082e00000, 0x0000000082f00000, 0x0000000082f00000|100%| O|  |TAMS 0x0000000082e00000, 0x0000000082e00000| Untracked 
|  17|0x0000000082f00000, 0x0000000082fd9600, 0x0000000083000000| 84%| O|  |TAMS 0x0000000082f00000, 0x0000000082f00000| Untracked 
|  18|0x0000000083000000, 0x0000000083000000, 0x0000000083100000|  0%| F|  |TAMS 0x0000000083000000, 0x0000000083000000| Untracked 
|  19|0x0000000083100000, 0x0000000083100000, 0x0000000083200000|  0%| F|  |TAMS 0x0000000083100000, 0x0000000083100000| Untracked 
|  20|0x0000000083200000, 0x0000000083200000, 0x0000000083300000|  0%| F|  |TAMS 0x0000000083200000, 0x0000000083200000| Untracked 
|  21|0x0000000083300000, 0x0000000083300000, 0x0000000083400000|  0%| F|  |TAMS 0x0000000083300000, 0x0000000083300000| Untracked 
|  22|0x0000000083400000, 0x0000000083400000, 0x0000000083500000|  0%| F|  |TAMS 0x0000000083400000, 0x0000000083400000| Untracked 
|  23|0x0000000083500000, 0x0000000083500000, 0x0000000083600000|  0%| F|  |TAMS 0x0000000083500000, 0x0000000083500000| Untracked 
|  24|0x0000000083600000, 0x0000000083600000, 0x0000000083700000|  0%| F|  |TAMS 0x0000000083600000, 0x0000000083600000| Untracked 
|  25|0x0000000083700000, 0x0000000083700000, 0x0000000083800000|  0%| F|  |TAMS 0x0000000083700000, 0x0000000083700000| Untracked 
|  26|0x0000000083800000, 0x0000000083800000, 0x0000000083900000|  0%| F|  |TAMS 0x0000000083800000, 0x0000000083800000| Untracked 
|  27|0x0000000083900000, 0x0000000083900000, 0x0000000083a00000|  0%| F|  |TAMS 0x0000000083900000, 0x0000000083900000| Untracked 
|  28|0x0000000083a00000, 0x0000000083a00000, 0x0000000083b00000|  0%| F|  |TAMS 0x0000000083a00000, 0x0000000083a00000| Untracked 
|  29|0x0000000083b00000, 0x0000000083b00000, 0x0000000083c00000|  0%| F|  |TAMS 0x0000000083b00000, 0x0000000083b00000| Untracked 
|  30|0x0000000083c00000, 0x0000000083c00000, 0x0000000083d00000|  0%| F|  |TAMS 0x0000000083c00000, 0x0000000083c00000| Untracked 
|  31|0x0000000083d00000, 0x0000000083d00000, 0x0000000083e00000|  0%| F|  |TAMS 0x0000000083d00000, 0x0000000083d00000| Untracked 
|  32|0x0000000083e00000, 0x0000000083e00000, 0x0000000083f00000|  0%| F|  |TAMS 0x0000000083e00000, 0x0000000083e00000| Untracked 
|  33|0x0000000083f00000, 0x0000000083f00000, 0x0000000084000000|  0%| F|  |TAMS 0x0000000083f00000, 0x0000000083f00000| Untracked 
|  34|0x0000000084000000, 0x0000000084000000, 0x0000000084100000|  0%| F|  |TAMS 0x0000000084000000, 0x0000000084000000| Untracked 
|  35|0x0000000084100000, 0x0000000084100000, 0x0000000084200000|  0%| F|  |TAMS 0x0000000084100000, 0x0000000084100000| Untracked 
|  36|0x0000000084200000, 0x0000000084200000, 0x0000000084300000|  0%| F|  |TAMS 0x0000000084200000, 0x0000000084200000| Untracked 
|  37|0x0000000084300000, 0x0000000084300000, 0x0000000084400000|  0%| F|  |TAMS 0x0000000084300000, 0x0000000084300000| Untracked 
|  38|0x0000000084400000, 0x0000000084400000, 0x0000000084500000|  0%| F|  |TAMS 0x0000000084400000, 0x0000000084400000| Untracked 
|  39|0x0000000084500000, 0x0000000084500000, 0x0000000084600000|  0%| F|  |TAMS 0x0000000084500000, 0x0000000084500000| Untracked 
|  40|0x0000000084600000, 0x0000000084600000, 0x0000000084700000|  0%| F|  |TAMS 0x0000000084600000, 0x0000000084600000| Untracked 
|  41|0x0000000084700000, 0x0000000084700000, 0x0000000084800000|  0%| F|  |TAMS 0x0000000084700000, 0x0000000084700000| Untracked 
|  42|0x0000000084800000, 0x0000000084800000, 0x0000000084900000|  0%| F|  |TAMS 0x0000000084800000, 0x0000000084800000| Untracked 
|  43|0x0000000084900000, 0x0000000084900000, 0x0000000084a00000|  0%| F|  |TAMS 0x0000000084900000, 0x0000000084900000| Untracked 
|  44|0x0000000084a00000, 0x0000000084a00000, 0x0000000084b00000|  0%| F|  |TAMS 0x0000000084a00000, 0x0000000084a00000| Untracked 
|  45|0x0000000084b00000, 0x0000000084b00000, 0x0000000084c00000|  0%| F|  |TAMS 0x0000000084b00000, 0x0000000084b00000| Untracked 
|  46|0x0000000084c00000, 0x0000000084c00000, 0x0000000084d00000|  0%| F|  |TAMS 0x0000000084c00000, 0x0000000084c00000| Untracked 
|  47|0x0000000084d00000, 0x0000000084d00000, 0x0000000084e00000|  0%| F|  |TAMS 0x0000000084d00000, 0x0000000084d00000| Untracked 
|  48|0x0000000084e00000, 0x0000000084e00000, 0x0000000084f00000|  0%| F|  |TAMS 0x0000000084e00000, 0x0000000084e00000| Untracked 
|  49|0x0000000084f00000, 0x0000000084f00000, 0x0000000085000000|  0%| F|  |TAMS 0x0000000084f00000, 0x0000000084f00000| Untracked 
|  50|0x0000000085000000, 0x0000000085000000, 0x0000000085100000|  0%| F|  |TAMS 0x0000000085000000, 0x0000000085000000| Untracked 
|  51|0x0000000085100000, 0x0000000085100000, 0x0000000085200000|  0%| F|  |TAMS 0x0000000085100000, 0x0000000085100000| Untracked 
|  52|0x0000000085200000, 0x0000000085200000, 0x0000000085300000|  0%| F|  |TAMS 0x0000000085200000, 0x0000000085200000| Untracked 
|  53|0x0000000085300000, 0x0000000085300000, 0x0000000085400000|  0%| F|  |TAMS 0x0000000085300000, 0x0000000085300000| Untracked 
|  54|0x0000000085400000, 0x0000000085400000, 0x0000000085500000|  0%| F|  |TAMS 0x0000000085400000, 0x0000000085400000| Untracked 
|  55|0x0000000085500000, 0x0000000085500000, 0x0000000085600000|  0%| F|  |TAMS 0x0000000085500000, 0x0000000085500000| Untracked 
|  56|0x0000000085600000, 0x0000000085600000, 0x0000000085700000|  0%| F|  |TAMS 0x0000000085600000, 0x0000000085600000| Untracked 
|  57|0x0000000085700000, 0x0000000085700000, 0x0000000085800000|  0%| F|  |TAMS 0x0000000085700000, 0x0000000085700000| Untracked 
|  58|0x0000000085800000, 0x0000000085800000, 0x0000000085900000|  0%| F|  |TAMS 0x0000000085800000, 0x0000000085800000| Untracked 
|  59|0x0000000085900000, 0x0000000085900000, 0x0000000085a00000|  0%| F|  |TAMS 0x0000000085900000, 0x0000000085900000| Untracked 
|  60|0x0000000085a00000, 0x0000000085a00000, 0x0000000085b00000|  0%| F|  |TAMS 0x0000000085a00000, 0x0000000085a00000| Untracked 
|  61|0x0000000085b00000, 0x0000000085b00000, 0x0000000085c00000|  0%| F|  |TAMS 0x0000000085b00000, 0x0000000085b00000| Untracked 
|  62|0x0000000085c00000, 0x0000000085c00000, 0x0000000085d00000|  0%| F|  |TAMS 0x0000000085c00000, 0x0000000085c00000| Untracked 
|  63|0x0000000085d00000, 0x0000000085d00000, 0x0000000085e00000|  0%| F|  |TAMS 0x0000000085d00000, 0x0000000085d00000| Untracked 
|  64|0x0000000085e00000, 0x0000000085e00000, 0x0000000085f00000|  0%| F|  |TAMS 0x0000000085e00000, 0x0000000085e00000| Untracked 
|  65|0x0000000085f00000, 0x0000000085f00000, 0x0000000086000000|  0%| F|  |TAMS 0x0000000085f00000, 0x0000000085f00000| Untracked 
|  66|0x0000000086000000, 0x0000000086000000, 0x0000000086100000|  0%| F|  |TAMS 0x0000000086000000, 0x0000000086000000| Untracked 
|  67|0x0000000086100000, 0x0000000086100000, 0x0000000086200000|  0%| F|  |TAMS 0x0000000086100000, 0x0000000086100000| Untracked 
|  68|0x0000000086200000, 0x0000000086200000, 0x0000000086300000|  0%| F|  |TAMS 0x0000000086200000, 0x0000000086200000| Untracked 
|  69|0x0000000086300000, 0x0000000086300000, 0x0000000086400000|  0%| F|  |TAMS 0x0000000086300000, 0x0000000086300000| Untracked 
|  70|0x0000000086400000, 0x0000000086400000, 0x0000000086500000|  0%| F|  |TAMS 0x0000000086400000, 0x0000000086400000| Untracked 
|  71|0x0000000086500000, 0x0000000086500000, 0x0000000086600000|  0%| F|  |TAMS 0x0000000086500000, 0x0000000086500000| Untracked 
|  72|0x0000000086600000, 0x0000000086600000, 0x0000000086700000|  0%| F|  |TAMS 0x0000000086600000, 0x0000000086600000| Untracked 
|  73|0x0000000086700000, 0x0000000086700000, 0x0000000086800000|  0%| F|  |TAMS 0x0000000086700000, 0x0000000086700000| Untracked 
|  74|0x0000000086800000, 0x0000000086800000, 0x0000000086900000|  0%| F|  |TAMS 0x0000000086800000, 0x0000000086800000| Untracked 
|  75|0x0000000086900000, 0x0000000086900000, 0x0000000086a00000|  0%| F|  |TAMS 0x0000000086900000, 0x0000000086900000| Untracked 
|  76|0x0000000086a00000, 0x0000000086a00000, 0x0000000086b00000|  0%| F|  |TAMS 0x0000000086a00000, 0x0000000086a00000| Untracked 
|  77|0x0000000086b00000, 0x0000000086b00000, 0x0000000086c00000|  0%| F|  |TAMS 0x0000000086b00000, 0x0000000086b00000| Untracked 
|  78|0x0000000086c00000, 0x0000000086c00000, 0x0000000086d00000|  0%| F|  |TAMS 0x0000000086c00000, 0x0000000086c00000| Untracked 
|  79|0x0000000086d00000, 0x0000000086d00000, 0x0000000086e00000|  0%| F|  |TAMS 0x0000000086d00000, 0x0000000086d00000| Untracked 
|  80|0x0000000086e00000, 0x0000000086e00000, 0x0000000086f00000|  0%| F|  |TAMS 0x0000000086e00000, 0x0000000086e00000| Untracked 
|  81|0x0000000086f00000, 0x0000000086f00000, 0x0000000087000000|  0%| F|  |TAMS 0x0000000086f00000, 0x0000000086f00000| Untracked 
|  82|0x0000000087000000, 0x0000000087000000, 0x0000000087100000|  0%| F|  |TAMS 0x0000000087000000, 0x0000000087000000| Untracked 
|  83|0x0000000087100000, 0x0000000087100000, 0x0000000087200000|  0%| F|  |TAMS 0x0000000087100000, 0x0000000087100000| Untracked 
|  84|0x0000000087200000, 0x0000000087200000, 0x0000000087300000|  0%| F|  |TAMS 0x0000000087200000, 0x0000000087200000| Untracked 
|  85|0x0000000087300000, 0x0000000087300000, 0x0000000087400000|  0%| F|  |TAMS 0x0000000087300000, 0x0000000087300000| Untracked 
|  86|0x0000000087400000, 0x0000000087400000, 0x0000000087500000|  0%| F|  |TAMS 0x0000000087400000, 0x0000000087400000| Untracked 
|  87|0x0000000087500000, 0x0000000087500000, 0x0000000087600000|  0%| F|  |TAMS 0x0000000087500000, 0x0000000087500000| Untracked 
|  88|0x0000000087600000, 0x0000000087600000, 0x0000000087700000|  0%| F|  |TAMS 0x0000000087600000, 0x0000000087600000| Untracked 
|  89|0x0000000087700000, 0x0000000087700000, 0x0000000087800000|  0%| F|  |TAMS 0x0000000087700000, 0x0000000087700000| Untracked 
|  90|0x0000000087800000, 0x0000000087800000, 0x0000000087900000|  0%| F|  |TAMS 0x0000000087800000, 0x0000000087800000| Untracked 
|  91|0x0000000087900000, 0x0000000087900000, 0x0000000087a00000|  0%| F|  |TAMS 0x0000000087900000, 0x0000000087900000| Untracked 
|  92|0x0000000087a00000, 0x0000000087a00000, 0x0000000087b00000|  0%| F|  |TAMS 0x0000000087a00000, 0x0000000087a00000| Untracked 
|  93|0x0000000087b00000, 0x0000000087b00000, 0x0000000087c00000|  0%| F|  |TAMS 0x0000000087b00000, 0x0000000087b00000| Untracked 
|  94|0x0000000087c00000, 0x0000000087c00000, 0x0000000087d00000|  0%| F|  |TAMS 0x0000000087c00000, 0x0000000087c00000| Untracked 
|  95|0x0000000087d00000, 0x0000000087d00000, 0x0000000087e00000|  0%| F|  |TAMS 0x0000000087d00000, 0x0000000087d00000| Untracked 
|  96|0x0000000087e00000, 0x0000000087e00000, 0x0000000087f00000|  0%| F|  |TAMS 0x0000000087e00000, 0x0000000087e00000| Untracked 
|  97|0x0000000087f00000, 0x0000000087f00000, 0x0000000088000000|  0%| F|  |TAMS 0x0000000087f00000, 0x0000000087f00000| Untracked 
|  98|0x0000000088000000, 0x0000000088000000, 0x0000000088100000|  0%| F|  |TAMS 0x0000000088000000, 0x0000000088000000| Untracked 
|  99|0x0000000088100000, 0x0000000088100000, 0x0000000088200000|  0%| F|  |TAMS 0x0000000088100000, 0x0000000088100000| Untracked 
| 100|0x0000000088200000, 0x0000000088200000, 0x0000000088300000|  0%| F|  |TAMS 0x0000000088200000, 0x0000000088200000| Untracked 
| 101|0x0000000088300000, 0x0000000088300000, 0x0000000088400000|  0%| F|  |TAMS 0x0000000088300000, 0x0000000088300000| Untracked 
| 102|0x0000000088400000, 0x0000000088400000, 0x0000000088500000|  0%| F|  |TAMS 0x0000000088400000, 0x0000000088400000| Untracked 
| 103|0x0000000088500000, 0x0000000088500000, 0x0000000088600000|  0%| F|  |TAMS 0x0000000088500000, 0x0000000088500000| Untracked 
| 104|0x0000000088600000, 0x0000000088600000, 0x0000000088700000|  0%| F|  |TAMS 0x0000000088600000, 0x0000000088600000| Untracked 
| 105|0x0000000088700000, 0x0000000088700000, 0x0000000088800000|  0%| F|  |TAMS 0x0000000088700000, 0x0000000088700000| Untracked 
| 106|0x0000000088800000, 0x0000000088800000, 0x0000000088900000|  0%| F|  |TAMS 0x0000000088800000, 0x0000000088800000| Untracked 
| 107|0x0000000088900000, 0x0000000088900000, 0x0000000088a00000|  0%| F|  |TAMS 0x0000000088900000, 0x0000000088900000| Untracked 
| 108|0x0000000088a00000, 0x0000000088a00000, 0x0000000088b00000|  0%| F|  |TAMS 0x0000000088a00000, 0x0000000088a00000| Untracked 
| 109|0x0000000088b00000, 0x0000000088b00000, 0x0000000088c00000|  0%| F|  |TAMS 0x0000000088b00000, 0x0000000088b00000| Untracked 
| 110|0x0000000088c00000, 0x0000000088c00000, 0x0000000088d00000|  0%| F|  |TAMS 0x0000000088c00000, 0x0000000088c00000| Untracked 
| 111|0x0000000088d00000, 0x0000000088dae750, 0x0000000088e00000| 68%| S|CS|TAMS 0x0000000088d00000, 0x0000000088d00000| Complete 
| 112|0x0000000088e00000, 0x0000000088f00000, 0x0000000088f00000|100%| S|CS|TAMS 0x0000000088e00000, 0x0000000088e00000| Complete 
| 113|0x0000000088f00000, 0x0000000088f00000, 0x0000000089000000|  0%| F|  |TAMS 0x0000000088f00000, 0x0000000088f00000| Untracked 
| 114|0x0000000089000000, 0x0000000089000000, 0x0000000089100000|  0%| F|  |TAMS 0x0000000089000000, 0x0000000089000000| Untracked 
| 115|0x0000000089100000, 0x0000000089100000, 0x0000000089200000|  0%| F|  |TAMS 0x0000000089100000, 0x0000000089100000| Untracked 
| 116|0x0000000089200000, 0x0000000089200000, 0x0000000089300000|  0%| F|  |TAMS 0x0000000089200000, 0x0000000089200000| Untracked 
| 117|0x0000000089300000, 0x0000000089300000, 0x0000000089400000|  0%| F|  |TAMS 0x0000000089300000, 0x0000000089300000| Untracked 
| 118|0x0000000089400000, 0x0000000089400000, 0x0000000089500000|  0%| F|  |TAMS 0x0000000089400000, 0x0000000089400000| Untracked 
| 119|0x0000000089500000, 0x0000000089500000, 0x0000000089600000|  0%| F|  |TAMS 0x0000000089500000, 0x0000000089500000| Untracked 
| 120|0x0000000089600000, 0x0000000089600000, 0x0000000089700000|  0%| F|  |TAMS 0x0000000089600000, 0x0000000089600000| Untracked 
| 121|0x0000000089700000, 0x0000000089700000, 0x0000000089800000|  0%| F|  |TAMS 0x0000000089700000, 0x0000000089700000| Untracked 
| 122|0x0000000089800000, 0x0000000089800000, 0x0000000089900000|  0%| F|  |TAMS 0x0000000089800000, 0x0000000089800000| Untracked 
| 123|0x0000000089900000, 0x0000000089900000, 0x0000000089a00000|  0%| F|  |TAMS 0x0000000089900000, 0x0000000089900000| Untracked 
| 124|0x0000000089a00000, 0x0000000089af8660, 0x0000000089b00000| 98%| E|  |TAMS 0x0000000089a00000, 0x0000000089a00000| Complete 
| 125|0x0000000089b00000, 0x0000000089c00000, 0x0000000089c00000|100%| E|CS|TAMS 0x0000000089b00000, 0x0000000089b00000| Complete 
| 126|0x0000000089c00000, 0x0000000089d00000, 0x0000000089d00000|100%| E|CS|TAMS 0x0000000089c00000, 0x0000000089c00000| Complete 
| 127|0x0000000089d00000, 0x0000000089e00000, 0x0000000089e00000|100%| E|CS|TAMS 0x0000000089d00000, 0x0000000089d00000| Complete 

Card table byte_map: [0x0000024097850000,0x0000024097c50000] _byte_map_base: 0x0000024097441000

Marking Bits (Prev, Next): (CMBitMap*) 0x00000240ffce11c8, (CMBitMap*) 0x00000240ffce1200
 Prev Bits: [0x0000024098050000, 0x0000024099fd8000)
 Next Bits: [0x0000024099fe0000, 0x000002409bf68000)

Polling page: 0x00000240fdbb0000

Metaspace:

Usage:
  Non-class:     13.01 MB capacity,    12.76 MB ( 98%) used,   221.17 KB (  2%) free+waste,    35.50 KB ( <1%) overhead. 
      Class:      1.63 MB capacity,     1.51 MB ( 93%) used,   100.42 KB (  6%) free+waste,    17.50 KB (  1%) overhead. 
       Both:     14.64 MB capacity,    14.27 MB ( 98%) used,   321.59 KB (  2%) free+waste,    53.00 KB ( <1%) overhead. 

Virtual space:
  Non-class space:       14.00 MB reserved,      13.25 MB ( 95%) committed 
      Class space:        1.00 GB reserved,       1.63 MB ( <1%) committed 
             Both:        1.01 GB reserved,      14.88 MB (  1%) committed 

Chunk freelists:
   Non-Class:  6.13 KB
       Class:  0 bytes
        Both:  6.13 KB

CodeHeap 'non-profiled nmethods': size=238336Kb used=2133Kb max_used=2133Kb free=236202Kb
 bounds [0x0000024088a70000, 0x0000024088ce0000, 0x0000024097330000]
CodeHeap 'non-nmethods': size=7424Kb used=1111Kb max_used=1111Kb free=6312Kb
 bounds [0x0000024088330000, 0x00000240885a0000, 0x0000024088a70000]
 total_blobs=1841 nmethods=1410 adapters=341
 compilation: enabled
              stopped_count=0, restarted_count=0
 full_count=0

Compilation events (10 events):
Event: 1.318 Thread 0x000002409f358800 nmethod 1139 0x0000024088c03590 code [0x0000024088c03740, 0x0000024088c03890]
Event: 1.318 Thread 0x000002409f358800 1140       1       java.net.URL::toExternalForm (9 bytes)
Event: 1.318 Thread 0x000002409f358800 nmethod 1140 0x0000024088c03990 code [0x0000024088c03b40, 0x0000024088c03c90]
Event: 1.318 Thread 0x000002409f358800 1141       1       java.net.URLStreamHandler::toExternalForm (156 bytes)
Event: 1.319 Thread 0x000002409f358800 nmethod 1141 0x0000024088c03d90 code [0x0000024088c04080, 0x0000024088c04b80]
Event: 1.319 Thread 0x000002409f358800 1154       1       java.util.zip.Checksum::update (11 bytes)
Event: 1.319 Thread 0x000002409f358800 nmethod 1154 0x0000024088c05090 code [0x0000024088c05240, 0x0000024088c05390]
Event: 1.319 Thread 0x000002409f358800 1155       1       java.util.zip.CRC32::update (51 bytes)
Event: 1.319 Thread 0x000002409f358800 nmethod 1155 0x0000024088c05490 code [0x0000024088c05660, 0x0000024088c05910]
Event: 1.319 Thread 0x000002409f358800 1156       1       java.lang.invoke.BootstrapMethodInvoker::maybeReBox (28 bytes)

GC Heap History (2 events):
Event: 0.868 GC heap before
{Heap before GC invocations=0 (full 0):
 garbage-first heap   total 131072K, used 24576K [0x0000000081e00000, 0x0000000100000000)
  region size 1024K, 24 young (24576K), 0 survivors (0K)
 Metaspace       used 9624K, capacity 9824K, committed 10112K, reserved 1058816K
  class space    used 981K, capacity 1065K, committed 1152K, reserved 1048576K
}
Event: 0.876 GC heap after
{Heap after GC invocations=1 (full 0):
 garbage-first heap   total 131072K, used 18316K [0x0000000081e00000, 0x0000000100000000)
  region size 1024K, 3 young (3072K), 3 survivors (3072K)
 Metaspace       used 9624K, capacity 9824K, committed 10112K, reserved 1058816K
  class space    used 981K, capacity 1065K, committed 1152K, reserved 1048576K
}

Deoptimization events (0 events):
No events

Classes redefined (0 events):
No events

Internal exceptions (10 events):
Event: 0.891 Thread 0x00000240ffca2000 Exception <a 'java/lang/NoSuchMethodError'{0x0000000089d81a98}: java.lang.invoke.DirectMethodHandle$Holder.invokeStaticInit(Ljava/lang/Object;IIII)Ljava/lang/Object;> (0x0000000089d81a98) thrown at [./open/src/hotspot/share/interpreter/linkResolver.cpp, l
Event: 1.214 Thread 0x00000240ffca2000 Exception <a 'java/lang/NoSuchMethodError'{0x0000000089dccad8}: java.lang.invoke.DirectMethodHandle$Holder.invokeStatic(Ljava/lang/Object;Ljava/lang/Object;IIII)Ljava/lang/Object;> (0x0000000089dccad8) thrown at [./open/src/hotspot/share/interpreter/linkR
Event: 1.214 Thread 0x00000240ffca2000 Exception <a 'java/lang/NoSuchMethodError'{0x0000000089dcfe20}: java.lang.invoke.DirectMethodHandle$Holder.invokeStaticInit(Ljava/lang/Object;Ljava/lang/Object;IIII)Ljava/lang/Object;> (0x0000000089dcfe20) thrown at [./open/src/hotspot/share/interpreter/l
Event: 1.222 Thread 0x00000240ffca2000 Exception <a 'java/lang/ClassNotFoundException'{0x0000000089ded380}: javax/management/remote/rmi/RMIServerImpl_Skel> (0x0000000089ded380) thrown at [./open/src/hotspot/share/classfile/systemDictionary.cpp, line 228]
Event: 1.255 Thread 0x00000240ffca2000 Exception <a 'java/lang/ClassNotFoundException'{0x0000000089cc37a0}: jdk/internal/agent/resources/spi/agentProvider> (0x0000000089cc37a0) thrown at [./open/src/hotspot/share/classfile/systemDictionary.cpp, line 228]
Event: 1.261 Thread 0x00000240ffca2000 Exception <a 'java/lang/NoSuchMethodError'{0x0000000089b19818}: java.lang.invoke.DirectMethodHandle$Holder.invokeStatic(Ljava/lang/Object;Ljava/lang/Object;Ljava/lang/Object;Ljava/lang/Object;Ljava/lang/Object;Ljava/lang/Object;Ljava/lang/Object;Ljava/lan
Event: 1.262 Thread 0x00000240ffca2000 Exception <a 'java/lang/NoSuchMethodError'{0x0000000089b261d8}: java.lang.invoke.DirectMethodHandle$Holder.invokeStatic(Ljava/lang/Object;Ljava/lang/Object;Ljava/lang/Object;Ljava/lang/Object;Ljava/lang/Object;Ljava/lang/Object;Ljava/lang/Object;Ljava/lan
Event: 1.263 Thread 0x00000240ffca2000 Exception <a 'java/lang/NoSuchMethodError'{0x0000000089b3fe60}: java.lang.invoke.DelegatingMethodHandle$Holder.reinvoke_L(Ljava/lang/Object;ILjava/lang/Object;)Ljava/lang/Object;> (0x0000000089b3fe60) thrown at [./open/src/hotspot/share/interpreter/linkRe
Event: 1.295 Thread 0x00000240ffca2000 Exception <a 'java/lang/ClassNotFoundException'{0x0000000089911840}: javax/smartcardio/CardPermission> (0x0000000089911840) thrown at [./open/src/hotspot/share/classfile/systemDictionary.cpp, line 228]
Event: 1.299 Thread 0x00000240ffca2000 Exception <a 'java/io/FileNotFoundException'{0x000000008991fc18}> (0x000000008991fc18) thrown at [./open/src/hotspot/share/prims/jni.cpp, line 611]

Events (10 events):
Event: 1.318 loading class sun/util/locale/provider/CalendarProviderImpl done
Event: 1.319 loading class java/util/Calendar$Builder
Event: 1.319 loading class java/util/Calendar$Builder done
Event: 1.319 loading class java/util/GregorianCalendar
Event: 1.319 loading class java/util/GregorianCalendar done
Event: 1.319 loading class java/util/spi/CalendarDataProvider
Event: 1.319 loading class java/util/spi/CalendarDataProvider done
Event: 1.319 loading class sun/util/locale/provider/LocaleServiceProviderPool
Event: 1.319 loading class sun/util/locale/provider/LocaleServiceProviderPool done
Event: 1.319 loading class java/text/spi/BreakIteratorProvider


Dynamic libraries:
0x00007ff79ca40000 - 0x00007ff79ca87000 	C:\Program Files\Java\jdk-11.0.7\bin\javaw.exe
0x00007ffb553a0000 - 0x00007ffb55590000 	C:\WINDOWS\SYSTEM32\ntdll.dll
0x00007ffb543f0000 - 0x00007ffb544a2000 	C:\WINDOWS\System32\KERNEL32.DLL
0x00007ffb53100000 - 0x00007ffb533a4000 	C:\WINDOWS\System32\KERNELBASE.dll
0x00007ffb55080000 - 0x00007ffb55123000 	C:\WINDOWS\System32\ADVAPI32.dll
0x00007ffb54e80000 - 0x00007ffb54f1e000 	C:\WINDOWS\System32\msvcrt.dll
0x00007ffb53450000 - 0x00007ffb534e7000 	C:\WINDOWS\System32\sechost.dll
0x00007ffb54140000 - 0x00007ffb54260000 	C:\WINDOWS\System32\RPCRT4.dll
0x00007ffb54770000 - 0x00007ffb54904000 	C:\WINDOWS\System32\USER32.dll
0x00007ffb52f40000 - 0x00007ffb52f61000 	C:\WINDOWS\System32\win32u.dll
0x00007ffb53c40000 - 0x00007ffb53c66000 	C:\WINDOWS\System32\GDI32.dll
0x00007ffb52c50000 - 0x00007ffb52de5000 	C:\WINDOWS\System32\gdi32full.dll
0x00007ffb533b0000 - 0x00007ffb5344e000 	C:\WINDOWS\System32\msvcp_win.dll
0x00007ffb52df0000 - 0x00007ffb52eea000 	C:\WINDOWS\System32\ucrtbase.dll
0x00007ffb40d10000 - 0x00007ffb40f94000 	C:\WINDOWS\WinSxS\amd64_microsoft.windows.common-controls_6595b64144ccf1df_6.0.18362.900_none_e6beb9d913147d17\COMCTL32.dll
0x00007ffb48ee0000 - 0x00007ffb48eea000 	C:\WINDOWS\SYSTEM32\VERSION.dll
0x00007ffb53c70000 - 0x00007ffb53fa5000 	C:\WINDOWS\System32\combase.dll
0x00007ffb52fd0000 - 0x00007ffb53050000 	C:\WINDOWS\System32\bcryptPrimitives.dll
0x00007ffb544c0000 - 0x00007ffb544ee000 	C:\WINDOWS\System32\IMM32.DLL
0x00007ffb4fd50000 - 0x00007ffb4fd66000 	C:\Program Files\Java\jdk-11.0.7\bin\vcruntime140.dll
0x00007ffb1f8b0000 - 0x00007ffb1f95a000 	C:\Program Files\Java\jdk-11.0.7\bin\msvcp140.dll
0x00007ffaf3240000 - 0x00007ffaf3da1000 	C:\Program Files\Java\jdk-11.0.7\bin\server\jvm.dll
0x00007ffb54da0000 - 0x00007ffb54da8000 	C:\WINDOWS\System32\PSAPI.DLL
0x00007ffb50de0000 - 0x00007ffb50de9000 	C:\WINDOWS\SYSTEM32\WSOCK32.dll
0x00007ffb54060000 - 0x00007ffb540cf000 	C:\WINDOWS\System32\WS2_32.dll
0x00007ffb50600000 - 0x00007ffb50624000 	C:\WINDOWS\SYSTEM32\WINMM.dll
0x00007ffb505d0000 - 0x00007ffb505fd000 	C:\WINDOWS\SYSTEM32\WINMMBASE.dll
0x00007ffb52c00000 - 0x00007ffb52c4a000 	C:\WINDOWS\System32\cfgmgr32.dll
0x00007ffb522f0000 - 0x00007ffb52301000 	C:\WINDOWS\System32\kernel.appcore.dll
0x00007ffb4e4c0000 - 0x00007ffb4e4d1000 	C:\Program Files\Java\jdk-11.0.7\bin\verify.dll
0x00007ffb50a00000 - 0x00007ffb50bf4000 	C:\WINDOWS\SYSTEM32\DBGHELP.DLL
0x00007ffb45130000 - 0x00007ffb4515a000 	C:\WINDOWS\SYSTEM32\dbgcore.DLL
0x00007ffb4e490000 - 0x00007ffb4e4b9000 	C:\Program Files\Java\jdk-11.0.7\bin\java.dll
0x00007ffb4c890000 - 0x00007ffb4c89a000 	C:\Program Files\Java\jdk-11.0.7\bin\jimage.dll
0x00007ffb3e610000 - 0x00007ffb3e626000 	C:\Program Files\Java\jdk-11.0.7\bin\zip.dll
0x00007ffb534f0000 - 0x00007ffb53bd6000 	C:\WINDOWS\System32\SHELL32.dll
0x00007ffb53fb0000 - 0x00007ffb54059000 	C:\WINDOWS\System32\shcore.dll
0x00007ffb52480000 - 0x00007ffb52c00000 	C:\WINDOWS\System32\windows.storage.dll
0x00007ffb522c0000 - 0x00007ffb522e3000 	C:\WINDOWS\System32\profapi.dll
0x00007ffb52270000 - 0x00007ffb522ba000 	C:\WINDOWS\System32\powrprof.dll
0x00007ffb52260000 - 0x00007ffb52270000 	C:\WINDOWS\System32\UMPDC.dll
0x00007ffb53be0000 - 0x00007ffb53c32000 	C:\WINDOWS\System32\shlwapi.dll
0x00007ffb52f20000 - 0x00007ffb52f37000 	C:\WINDOWS\System32\cryptsp.dll
0x00007ffb3e5f0000 - 0x00007ffb3e609000 	C:\Program Files\Java\jdk-11.0.7\bin\net.dll
0x00007ffb43500000 - 0x00007ffb435f0000 	C:\WINDOWS\SYSTEM32\WINHTTP.dll
0x00007ffb51ad0000 - 0x00007ffb51b37000 	C:\WINDOWS\system32\mswsock.dll
0x00007ffb3e5d0000 - 0x00007ffb3e5e3000 	C:\Program Files\Java\jdk-11.0.7\bin\nio.dll
0x00007ffb4e590000 - 0x00007ffb4e599000 	C:\Program Files\Java\jdk-11.0.7\bin\management.dll
0x00007ffb4e580000 - 0x00007ffb4e58c000 	C:\Program Files\Java\jdk-11.0.7\bin\management_ext.dll
0x00007ffb38660000 - 0x00007ffb38676000 	C:\WINDOWS\system32\napinsp.dll
0x00007ffb34270000 - 0x00007ffb3428a000 	C:\WINDOWS\system32\pnrpnsp.dll
0x00007ffb51870000 - 0x00007ffb5193b000 	C:\WINDOWS\SYSTEM32\DNSAPI.dll
0x00007ffb543e0000 - 0x00007ffb543e8000 	C:\WINDOWS\System32\NSI.dll
0x00007ffb517e0000 - 0x00007ffb5181a000 	C:\WINDOWS\SYSTEM32\IPHLPAPI.DLL
0x00007ffb38c60000 - 0x00007ffb38c6e000 	C:\WINDOWS\System32\winrnr.dll
0x00007ffb4e2a0000 - 0x00007ffb4e2bc000 	C:\WINDOWS\system32\NLAapi.dll
0x00007ffb4c690000 - 0x00007ffb4c6a5000 	C:\WINDOWS\system32\wshbth.dll
0x00007ffb40a60000 - 0x00007ffb40a6a000 	C:\Windows\System32\rasadhlp.dll
0x00007ffb43b20000 - 0x00007ffb43b97000 	C:\WINDOWS\System32\fwpuclnt.dll
0x00007ffb52ef0000 - 0x00007ffb52f16000 	C:\WINDOWS\System32\bcrypt.dll
0x00007ffb51640000 - 0x00007ffb51673000 	C:\WINDOWS\system32\rsaenh.dll
0x00007ffb52180000 - 0x00007ffb521a5000 	C:\WINDOWS\SYSTEM32\USERENV.dll
0x00007ffb51ca0000 - 0x00007ffb51cac000 	C:\WINDOWS\SYSTEM32\CRYPTBASE.dll
0x00007ffb44240000 - 0x00007ffb44256000 	C:\WINDOWS\SYSTEM32\dhcpcsvc6.DLL
0x00007ffb44de0000 - 0x00007ffb44dfc000 	C:\WINDOWS\SYSTEM32\dhcpcsvc.DLL

dbghelp: loaded successfully - version: 4.0.5 - missing functions: none
symbol engine: initialized successfully - sym options: 0x614 - pdb path: .;C:\Program Files\Java\jdk-11.0.7\bin;C:\WINDOWS\SYSTEM32;C:\WINDOWS\WinSxS\amd64_microsoft.windows.common-controls_6595b64144ccf1df_6.0.18362.900_none_e6beb9d913147d17;C:\Program Files\Java\jdk-11.0.7\bin\server

VM Arguments:
jvm_args: -Dcom.sun.management.jmxremote -Dcom.sun.management.jmxremote.port=59813 -Dcom.sun.management.jmxremote.authenticate=false -Dcom.sun.management.jmxremote.ssl=false -Djava.rmi.server.hostname=localhost -Dspring.jmx.enabled=true -Dspring.application.admin.enabled=true -Xverify:none -XX:TieredStopAtLevel=1 -Dspring.boot.project.name=ecommerce -Dfile.encoding=UTF-8 
java_command: com.mycompany.ecommerce.EcommerceApplication --spring.output.ansi.enabled=always
java_class_path (initial): C:\Users\Vinicius\Documents\git\ecommerce\target\classes;C:\Users\Vinicius\.m2\repository\org\springframework\boot\spring-boot-starter-web\2.3.0.RELEASE\spring-boot-starter-web-2.3.0.RELEASE.jar;C:\Users\Vinicius\.m2\repository\org\springframework\boot\spring-boot-starter\2.3.0.RELEASE\spring-boot-starter-2.3.0.RELEASE.jar;C:\Users\Vinicius\.m2\repository\org\springframework\boot\spring-boot-starter-logging\2.3.0.RELEASE\spring-boot-starter-logging-2.3.0.RELEASE.jar;C:\Users\Vinicius\.m2\repository\ch\qos\logback\logback-classic\1.2.3\logback-classic-1.2.3.jar;C:\Users\Vinicius\.m2\repository\ch\qos\logback\logback-core\1.2.3\logback-core-1.2.3.jar;C:\Users\Vinicius\.m2\repository\org\apache\logging\log4j\log4j-to-slf4j\2.13.2\log4j-to-slf4j-2.13.2.jar;C:\Users\Vinicius\.m2\repository\org\apache\logging\log4j\log4j-api\2.13.2\log4j-api-2.13.2.jar;C:\Users\Vinicius\.m2\repository\org\slf4j\jul-to-slf4j\1.7.30\jul-to-slf4j-1.7.30.jar;C:\Users\Vinicius\.m2\repository\jakarta\annotation\jakarta.annotation-api\1.3.5\jakarta.annotation-api-1.3.5.jar;C:\Users\Vinicius\.m2\repository\org\yaml\snakeyaml\1.26\snakeyaml-1.26.jar;C:\Users\Vinicius\.m2\repository\org\springframework\boot\spring-boot-starter-json\2.3.0.RELEASE\spring-boot-starter-json-2.3.0.RELEASE.jar;C:\Users\Vinicius\.m2\repository\com\fasterxml\jackson\datatype\jackson-datatype-jdk8\2.11.0\jackson-datatype-jdk8-2.11.0.jar;C:\Users\Vinicius\.m2\repository\com\fasterxml\jackson\datatype\jackson-datatype-jsr310\2.11.0\jackson-datatype-jsr310-2.11.0.jar;C:\Users\Vinicius\.m2\repository\com\fasterxml\jackson\module\jackson-module-parameter-names\2.11.0\jackson-module-parameter-names-2.11.0.jar;C:\Users\Vinicius\.m2\repository\org\springframework\boot\spring-boot-starter-tomcat\2.3.0.RELEASE\spring-boot-starter-tomcat-2.3.0.RELEASE.jar;C:\Users\Vinicius\.m2\repository\org\apache\tomcat\embed\tomcat-embed-core\9.0.35\tomcat-embed-core-9.0.35.jar;C:\Users\Vinicius\.m2\repository\org\glass
Launcher Type: SUN_STANDARD

[Global flags]
     bool BytecodeVerificationLocal                = false                                     {product} {command line}
     bool BytecodeVerificationRemote               = false                                     {product} {command line}
     intx CICompilerCount                          = 4                                         {product} {ergonomic}
     uint ConcGCThreads                            = 2                                         {product} {ergonomic}
     uint G1ConcRefinementThreads                  = 8                                         {product} {ergonomic}
   size_t G1HeapRegionSize                         = 1048576                                   {product} {ergonomic}
    uintx GCDrainStackTargetSize                   = 64                                        {product} {ergonomic}
   size_t InitialHeapSize                          = 134217728                                 {product} {ergonomic}
     bool ManagementServer                         = true                                      {product} {command line}
   size_t MarkStackSize                            = 4194304                                   {product} {ergonomic}
   size_t MaxHeapSize                              = 2116026368                                {product} {ergonomic}
   size_t MaxNewSize                               = 1268776960                                {product} {ergonomic}
   size_t MinHeapDeltaBytes                        = 1048576                                   {product} {ergonomic}
    uintx NonNMethodCodeHeapSize                   = 7549744                                {pd product} {ergonomic}
    uintx NonProfiledCodeHeapSize                  = 244108496                              {pd product} {ergonomic}
    uintx ProfiledCodeHeapSize                     = 0                                      {pd product} {ergonomic}
    uintx ReservedCodeCacheSize                    = 251658240                              {pd product} {ergonomic}
     bool SegmentedCodeCache                       = true                                      {product} {ergonomic}
     intx TieredStopAtLevel                        = 1                                         {product} {command line}
     bool UseCompressedClassPointers               = true                                 {lp64_product} {ergonomic}
     bool UseCompressedOops                        = true                                 {lp64_product} {ergonomic}
     bool UseG1GC                                  = true                                      {product} {ergonomic}
     bool UseLargePagesIndividualAllocation        = false                                  {pd product} {ergonomic}

Logging:
Log output configuration:
 #0: stdout all=warning uptime,level,tags
 #1: stderr all=off uptime,level,tags

Environment Variables:
JAVA_HOME=C:\Program Files\Java\jdk-11.0.7
PATH=C:/Program Files/Java/jdk-11.0.7/bin/server;C:/Program Files/Java/jdk-11.0.7/bin;C:\Program Files (x86)\Intel\iCLS Client\;C:\Program Files\Intel\iCLS Client\;C:\Windows\system32;C:\Windows;C:\Windows\System32\Wbem;C:\Windows\System32\WindowsPowerShell\v1.0\;C:\Program Files (x86)\Intel\Intel(R) Management Engine Components\DAL;C:\Program Files\Intel\Intel(R) Management Engine Components\DAL;C:\Program Files (x86)\Intel\Intel(R) Management Engine Components\IPT;C:\Program Files\Intel\Intel(R) Management Engine Components\IPT;C:\Program Files (x86)\NVIDIA Corporation\PhysX\Common;C:\ProgramData\ComposerSetup\bin;C:\WINDOWS\system32;C:\WINDOWS;C:\WINDOWS\System32\Wbem;C:\WINDOWS\System32\WindowsPowerShell\v1.0\;C:\wamp64\bin\php\php7.0.10;C:\Program Files\Microsoft SQL Server\130\Tools\Binn\;C:\Program Files\dotnet\;C:\WINDOWS\System32\OpenSSH\;C:\Program Files\Java\jdk-11.0.7\bin;C:\wamp64\bin\mysql\mysql5.7.14\bin;C:\Users\Vinicius\AppData\Roaming\Composer\vendor\bin;C:\Users\Vinicius\AppData\Local\Microsoft\WindowsApps;C:\Program Files (x86)\Heroku\bin;;C:\sts-4.6.1.RELEASE;
USERNAME=Vinicius
OS=Windows_NT
PROCESSOR_IDENTIFIER=Intel64 Family 6 Model 94 Stepping 3, GenuineIntel



---------------  S Y S T E M  ---------------

OS: Windows 10 , 64 bit Build 18362 (10.0.18362.900)

CPU:total 8 (initial active 8) (4 cores per cpu, 2 threads per core) family 6 model 94 stepping 3, cmov, cx8, fxsr, mmx, sse, sse2, sse3, ssse3, sse4.1, sse4.2, popcnt, avx, avx2, aes, clmul, erms, rtm, 3dnowpref, lzcnt, ht, tsc, tscinvbit, bmi1, bmi2, adx, fma

Memory: 4k page, system-wide physical 8064M (599M free)
TotalPageFile size 12160M (AvailPageFile size 2072M)
current process WorkingSet (physical memory assigned to process): 106M, peak: 106M
current process commit charge ("private bytes"): 230M, peak: 230M

vm_info: Java HotSpot(TM) 64-Bit Server VM (11.0.7+8-LTS) for windows-amd64 JRE (11.0.7+8-LTS), built on Mar 12 2020 02:04:32 by "mach5one" with MS VC++ 15.5 (VS2017)

END.
