#
# A fatal error has been detected by the Java Runtime Environment:
#
#  EXCEPTION_ACCESS_VIOLATION (0xc0000005) at pc=0x00007ffbfc5aa8c5, pid=26140, tid=27952
#
# JRE version: Java(TM) SE Runtime Environment 18.9 (11.0.7+8) (build 11.0.7+8-LTS)
# Java VM: Java HotSpot(TM) 64-Bit Server VM 18.9 (11.0.7+8-LTS, mixed mode, tiered, compressed oops, g1 gc, windows-amd64)
# Problematic frame:
# V  [jvm.dll+0x68a8c5]
#
# No core dump will be written. Minidumps are not enabled by default on client versions of Windows
#
# If you would like to submit a bug report, please visit:
#   https://bugreport.java.com/bugreport/crash.jsp
#

---------------  S U M M A R Y ------------

Command Line: -Dcom.sun.management.jmxremote -Dcom.sun.management.jmxremote.port=55720 -Dcom.sun.management.jmxremote.authenticate=false -Dcom.sun.management.jmxremote.ssl=false -Djava.rmi.server.hostname=localhost -Dspring.jmx.enabled=true -Dspring.application.admin.enabled=true -Xverify:none -XX:TieredStopAtLevel=1 -Dspring.boot.project.name=ecommerce -Dfile.encoding=UTF-8 com.mycompany.ecommerce.EcommerceApplication --spring.output.ansi.enabled=always

Host: Intel(R) Core(TM) i7-6700HQ CPU @ 2.60GHz, 8 cores, 7G,  Windows 10 , 64 bit Build 18362 (10.0.18362.900)
Time: Wed Jun 17 00:05:25 2020 Hora oficial do Brasil elapsed time: 1 seconds (0d 0h 0m 1s)

---------------  T H R E A D  ---------------

Current thread (0x0000020583ac8800):  WatcherThread [stack: 0x0000003bf8200000,0x0000003bf8300000] [id=27952]

Stack: [0x0000003bf8200000,0x0000003bf8300000],  sp=0x0000003bf82ff7d0,  free space=1021k
Native frames: (J=compiled Java code, j=interpreted, Vv=VM code, C=native code)
V  [jvm.dll+0x68a8c5]
V  [jvm.dll+0x6f394f]
V  [jvm.dll+0x73fc7d]
V  [jvm.dll+0x765fe9]
V  [jvm.dll+0x75e875]
V  [jvm.dll+0x660b26]
C  [ucrtbase.dll+0x20e82]
C  [KERNEL32.DLL+0x17bd4]
C  [ntdll.dll+0x6ce51]


siginfo: EXCEPTION_ACCESS_VIOLATION (0xc0000005), reading address 0x00007ffb0000000f


Register to memory mapping:

RIP=0x00007ffbfc5aa8c5 jvm.dll
RAX=0x00007ffb0000000f is an unknown value
RBX=0x0000020583aa5770 points into unknown readable memory: 80 bb 81 fc fb 7f 00 00
RCX=0x0000020583a47440 points into unknown readable memory: 0f 00 00 00 fb 7f 00 00
RDX=0x0000000000000032 is an unknown value
RSP=0x0000003bf82ff7d0 points into unknown readable memory: 00 64 31 e3 05 02 00 00
RBP=0x0000000000000002 is an unknown value
RSI=0x0000020583a471d0 points into unknown readable memory: c0 79 aa 83 05 02 00 00
RDI=0x0 is NULL
R8 =0x0 is NULL
R9 =0x00000205eb6c0b80 is at begin+0 in a stub
StubRoutines::atomic_cmpxchg_long [0x00000205eb6c0b80, 0x00000205eb6c0b89[ (9 bytes)
R10=0x00000000546c6148 is an unknown value
R11=0xfffffffff91ef2c3 is an unknown value
R12=0x0 is NULL
R13=0x0000020583ac8800 points into unknown readable memory: 18 92 82 fc fb 7f 00 00
R14=0x0000000000000032 is an unknown value
R15=0x00000205838bff80 points into unknown readable memory: 00 00 00 00 00 00 00 00


Registers:
RAX=0x00007ffb0000000f, RBX=0x0000020583aa5770, RCX=0x0000020583a47440, RDX=0x0000000000000032
RSP=0x0000003bf82ff7d0, RBP=0x0000000000000002, RSI=0x0000020583a471d0, RDI=0x0000000000000000
R8 =0x0000000000000000, R9 =0x00000205eb6c0b80, R10=0x00000000546c6148, R11=0xfffffffff91ef2c3
R12=0x0000000000000000, R13=0x0000020583ac8800, R14=0x0000000000000032, R15=0x00000205838bff80
RIP=0x00007ffbfc5aa8c5, EFLAGS=0x0000000000010202

Top of Stack: (sp=0x0000003bf82ff7d0)
0x0000003bf82ff7d0:   00000205e3316400 0000000000000aec
0x0000003bf82ff7e0:   0000000000000001 00007ffbfc553850
0x0000003bf82ff7f0:   0000000000000000 00007ffbfc61394f
0x0000003bf82ff800:   0000020583ac8800 0000020583ac8800
0x0000003bf82ff810:   000168faccf8f134 00007ffbfc5542d9
0x0000003bf82ff820:   00007ffbfc9cabc8 00007ffbfc65fc7d
0x0000003bf82ff830:   0000000000000001 00000205e3316400
0x0000003bf82ff840:   00000205e3316400 431bde82d7b634db
0x0000003bf82ff850:   00000205838bff80 000168faccf8f134
0x0000003bf82ff860:   00000205e3316400 00007ffbfc685fe9
0x0000003bf82ff870:   0000000000000001 0000000000000032
0x0000003bf82ff880:   0000000000000032 0000000000000002
0x0000003bf82ff890:   0000003bf82ff930 0000000000000000
0x0000003bf82ff8a0:   00007ffc66560000 00007ffc665d17d3
0x0000003bf82ff8b0:   0000000000000000 00007ffc66560000
0x0000003bf82ff8c0:   0000000000000000 0000003bf698a000 

Instructions: (pc=0x00007ffbfc5aa8c5)
0x00007ffbfc5aa8a5:   70 48 83 c4 50 5f c3 cc cc cc cc 40 53 48 83 ec
0x00007ffbfc5aa8b5:   20 48 8b d9 48 8b 49 38 48 85 c9 74 0c 48 8b 01
0x00007ffbfc5aa8c5:   ff 10 48 8b 4b 28 48 89 01 48 83 c4 20 5b c3 cc
0x00007ffbfc5aa8d5:   cc cc cc cc cc cc cc cc cc cc cc 48 89 5c 24 08 


Stack slot to memory mapping:
stack at sp + 0 slots: 0x00000205e3316400 points into unknown readable memory: 01 00 00 00 00 00 00 00
stack at sp + 1 slots: 0x0000000000000aec is an unknown value
stack at sp + 2 slots: 0x0000000000000001 is an unknown value
stack at sp + 3 slots: 0x00007ffbfc553850 jvm.dll
stack at sp + 4 slots: 0x0 is NULL
stack at sp + 5 slots: 0x00007ffbfc61394f jvm.dll
stack at sp + 6 slots: 0x0000020583ac8800 points into unknown readable memory: 18 92 82 fc fb 7f 00 00
stack at sp + 7 slots: 0x0000020583ac8800 points into unknown readable memory: 18 92 82 fc fb 7f 00 00


---------------  P R O C E S S  ---------------

Threads class SMR info:
_java_thread_list=0x0000020583aa80b0, length=12, elements={
0x00000205e331b000, 0x0000020582817000, 0x0000020582840800, 0x0000020582890800,
0x0000020582891800, 0x0000020582896000, 0x00000205828a2800, 0x00000205fff7d800,
0x0000020582aca000, 0x0000020583a4d800, 0x0000020583a5b800, 0x0000020583abe000
}

Java Threads: ( => current thread )
  0x00000205e331b000 JavaThread "main" [_thread_blocked, id=19604, stack(0x0000003bf6e00000,0x0000003bf6f00000)]
  0x0000020582817000 JavaThread "Reference Handler" daemon [_thread_blocked, id=10064, stack(0x0000003bf7500000,0x0000003bf7600000)]
  0x0000020582840800 JavaThread "Finalizer" daemon [_thread_blocked, id=15792, stack(0x0000003bf7600000,0x0000003bf7700000)]
  0x0000020582890800 JavaThread "Signal Dispatcher" daemon [_thread_blocked, id=7520, stack(0x0000003bf7700000,0x0000003bf7800000)]
  0x0000020582891800 JavaThread "Attach Listener" daemon [_thread_blocked, id=6496, stack(0x0000003bf7800000,0x0000003bf7900000)]
  0x0000020582896000 JavaThread "C1 CompilerThread0" daemon [_thread_in_vm, id=20560, stack(0x0000003bf7900000,0x0000003bf7a00000)]
  0x00000205828a2800 JavaThread "Sweeper thread" daemon [_thread_blocked, id=21948, stack(0x0000003bf7a00000,0x0000003bf7b00000)]
  0x00000205fff7d800 JavaThread "Common-Cleaner" daemon [_thread_blocked, id=19476, stack(0x0000003bf7b00000,0x0000003bf7c00000)]
  0x0000020582aca000 JavaThread "Service Thread" daemon [_thread_blocked, id=28084, stack(0x0000003bf7c00000,0x0000003bf7d00000)]
  0x0000020583a4d800 JavaThread "RMI TCP Accept-0" daemon [_thread_in_native, id=21300, stack(0x0000003bf7f00000,0x0000003bf8000000)]
  0x0000020583a5b800 JavaThread "RMI TCP Accept-55720" daemon [_thread_in_native, id=8060, stack(0x0000003bf8000000,0x0000003bf8100000)]
  0x0000020583abe000 JavaThread "RMI TCP Accept-0" daemon [_thread_in_native, id=22956, stack(0x0000003bf8100000,0x0000003bf8200000)]

Other Threads:
  0x0000020582811800 VMThread "VM Thread" [stack: 0x0000003bf7400000,0x0000003bf7500000] [id=1476]
=>0x0000020583ac8800 WatcherThread [stack: 0x0000003bf8200000,0x0000003bf8300000] [id=27952]
  0x00000205e3332000 GCTaskThread "GC Thread#0" [stack: 0x0000003bf6f00000,0x0000003bf7000000] [id=15796]
  0x0000020583a0c000 GCTaskThread "GC Thread#1" [stack: 0x0000003bf7d00000,0x0000003bf7e00000] [id=24908]
  0x0000020583a0c800 GCTaskThread "GC Thread#2" [stack: 0x0000003bf7e00000,0x0000003bf7f00000] [id=16024]
  0x00000205e3364000 ConcurrentGCThread "G1 Main Marker" [stack: 0x0000003bf7000000,0x0000003bf7100000] [id=28192]
  0x00000205e3366000 ConcurrentGCThread "G1 Conc#0" [stack: 0x0000003bf7100000,0x0000003bf7200000] [id=10724]
  0x00000205ffe27800 ConcurrentGCThread "G1 Refine#0" [stack: 0x0000003bf7200000,0x0000003bf7300000] [id=17736]
  0x00000205ffe28800 ConcurrentGCThread "G1 Young RemSet Sampling" [stack: 0x0000003bf7300000,0x0000003bf7400000] [id=14684]

Threads with active compile tasks:
C1 CompilerThread01055       1       java.util.WeakHashMap::put (162 bytes)

VM state:synchronizing (normal execution)

VM Mutex/Monitor currently owned by a thread:  ([mutex/lock_event])
[0x00000205e33169a0] Threads_lock - owner thread: 0x0000020582811800
[0x00000205e3316b50] Compile_lock - owner thread: 0x00000205e331b000
[0x00000205e3316400] PeriodicTask_lock - owner thread: 0x0000020583ac8800

Heap address: 0x0000000081e00000, size: 2018 MB, Compressed Oops mode: 32-bit
Narrow klass base: 0x0000000000000000, Narrow klass shift: 3
Compressed class space size: 1073741824 Address: 0x0000000100000000

Heap:
 garbage-first heap   total 131072K, used 25766K [0x0000000081e00000, 0x0000000100000000)
  region size 1024K, 11 young (11264K), 3 survivors (3072K)
 Metaspace       used 13604K, capacity 13979K, committed 14080K, reserved 1062912K
  class space    used 1416K, capacity 1536K, committed 1536K, reserved 1048576K
Heap Regions: E=young(eden), S=young(survivor), O=old, HS=humongous(starts), HC=humongous(continues), CS=collection set, F=free, A=archive, TAMS=top-at-mark-start (previous, next)
|   0|0x0000000081e00000, 0x0000000081f00000, 0x0000000081f00000|100%|HS|  |TAMS 0x0000000081e00000, 0x0000000081e00000| Complete 
|   1|0x0000000081f00000, 0x0000000082000000, 0x0000000082000000|100%| O|  |TAMS 0x0000000081f00000, 0x0000000081f00000| Untracked 
|   2|0x0000000082000000, 0x0000000082100000, 0x0000000082100000|100%| O|  |TAMS 0x0000000082000000, 0x0000000082000000| Untracked 
|   3|0x0000000082100000, 0x0000000082200000, 0x0000000082200000|100%| O|  |TAMS 0x0000000082100000, 0x0000000082100000| Untracked 
|   4|0x0000000082200000, 0x0000000082300000, 0x0000000082300000|100%| O|  |TAMS 0x0000000082200000, 0x0000000082200000| Untracked 
|   5|0x0000000082300000, 0x0000000082400000, 0x0000000082400000|100%| O|  |TAMS 0x0000000082300000, 0x0000000082300000| Untracked 
|   6|0x0000000082400000, 0x0000000082500000, 0x0000000082500000|100%| O|  |TAMS 0x0000000082400000, 0x0000000082400000| Untracked 
|   7|0x0000000082500000, 0x0000000082600000, 0x0000000082600000|100%| O|  |TAMS 0x0000000082500000, 0x0000000082500000| Untracked 
|   8|0x0000000082600000, 0x0000000082700000, 0x0000000082700000|100%| O|  |TAMS 0x0000000082600000, 0x0000000082600000| Untracked 
|   9|0x0000000082700000, 0x0000000082800000, 0x0000000082800000|100%| O|  |TAMS 0x0000000082700000, 0x0000000082700000| Untracked 
|  10|0x0000000082800000, 0x0000000082900000, 0x0000000082900000|100%| O|  |TAMS 0x0000000082800000, 0x0000000082800000| Untracked 
|  11|0x0000000082900000, 0x0000000082a00000, 0x0000000082a00000|100%| O|  |TAMS 0x0000000082900000, 0x0000000082900000| Untracked 
|  12|0x0000000082a00000, 0x0000000082b00000, 0x0000000082b00000|100%| O|  |TAMS 0x0000000082a00000, 0x0000000082a00000| Untracked 
|  13|0x0000000082b00000, 0x0000000082c00000, 0x0000000082c00000|100%| O|  |TAMS 0x0000000082b00000, 0x0000000082b00000| Untracked 
|  14|0x0000000082c00000, 0x0000000082d00000, 0x0000000082d00000|100%| O|  |TAMS 0x0000000082c00000, 0x0000000082c00000| Untracked 
|  15|0x0000000082d00000, 0x0000000082d29800, 0x0000000082e00000| 16%| O|  |TAMS 0x0000000082d00000, 0x0000000082d00000| Untracked 
|  16|0x0000000082e00000, 0x0000000082e00000, 0x0000000082f00000|  0%| F|  |TAMS 0x0000000082e00000, 0x0000000082e00000| Untracked 
|  17|0x0000000082f00000, 0x0000000082f00000, 0x0000000083000000|  0%| F|  |TAMS 0x0000000082f00000, 0x0000000082f00000| Untracked 
|  18|0x0000000083000000, 0x0000000083000000, 0x0000000083100000|  0%| F|  |TAMS 0x0000000083000000, 0x0000000083000000| Untracked 
|  19|0x0000000083100000, 0x0000000083100000, 0x0000000083200000|  0%| F|  |TAMS 0x0000000083100000, 0x0000000083100000| Untracked 
|  20|0x0000000083200000, 0x0000000083200000, 0x0000000083300000|  0%| F|  |TAMS 0x0000000083200000, 0x0000000083200000| Untracked 
|  21|0x0000000083300000, 0x0000000083300000, 0x0000000083400000|  0%| F|  |TAMS 0x0000000083300000, 0x0000000083300000| Untracked 
|  22|0x0000000083400000, 0x0000000083400000, 0x0000000083500000|  0%| F|  |TAMS 0x0000000083400000, 0x0000000083400000| Untracked 
|  23|0x0000000083500000, 0x0000000083500000, 0x0000000083600000|  0%| F|  |TAMS 0x0000000083500000, 0x0000000083500000| Untracked 
|  24|0x0000000083600000, 0x0000000083600000, 0x0000000083700000|  0%| F|  |TAMS 0x0000000083600000, 0x0000000083600000| Untracked 
|  25|0x0000000083700000, 0x0000000083700000, 0x0000000083800000|  0%| F|  |TAMS 0x0000000083700000, 0x0000000083700000| Untracked 
|  26|0x0000000083800000, 0x0000000083800000, 0x0000000083900000|  0%| F|  |TAMS 0x0000000083800000, 0x0000000083800000| Untracked 
|  27|0x0000000083900000, 0x0000000083900000, 0x0000000083a00000|  0%| F|  |TAMS 0x0000000083900000, 0x0000000083900000| Untracked 
|  28|0x0000000083a00000, 0x0000000083a00000, 0x0000000083b00000|  0%| F|  |TAMS 0x0000000083a00000, 0x0000000083a00000| Untracked 
|  29|0x0000000083b00000, 0x0000000083b00000, 0x0000000083c00000|  0%| F|  |TAMS 0x0000000083b00000, 0x0000000083b00000| Untracked 
|  30|0x0000000083c00000, 0x0000000083c00000, 0x0000000083d00000|  0%| F|  |TAMS 0x0000000083c00000, 0x0000000083c00000| Untracked 
|  31|0x0000000083d00000, 0x0000000083d00000, 0x0000000083e00000|  0%| F|  |TAMS 0x0000000083d00000, 0x0000000083d00000| Untracked 
|  32|0x0000000083e00000, 0x0000000083e00000, 0x0000000083f00000|  0%| F|  |TAMS 0x0000000083e00000, 0x0000000083e00000| Untracked 
|  33|0x0000000083f00000, 0x0000000083f00000, 0x0000000084000000|  0%| F|  |TAMS 0x0000000083f00000, 0x0000000083f00000| Untracked 
|  34|0x0000000084000000, 0x0000000084000000, 0x0000000084100000|  0%| F|  |TAMS 0x0000000084000000, 0x0000000084000000| Untracked 
|  35|0x0000000084100000, 0x0000000084100000, 0x0000000084200000|  0%| F|  |TAMS 0x0000000084100000, 0x0000000084100000| Untracked 
|  36|0x0000000084200000, 0x0000000084200000, 0x0000000084300000|  0%| F|  |TAMS 0x0000000084200000, 0x0000000084200000| Untracked 
|  37|0x0000000084300000, 0x0000000084300000, 0x0000000084400000|  0%| F|  |TAMS 0x0000000084300000, 0x0000000084300000| Untracked 
|  38|0x0000000084400000, 0x0000000084400000, 0x0000000084500000|  0%| F|  |TAMS 0x0000000084400000, 0x0000000084400000| Untracked 
|  39|0x0000000084500000, 0x0000000084500000, 0x0000000084600000|  0%| F|  |TAMS 0x0000000084500000, 0x0000000084500000| Untracked 
|  40|0x0000000084600000, 0x0000000084600000, 0x0000000084700000|  0%| F|  |TAMS 0x0000000084600000, 0x0000000084600000| Untracked 
|  41|0x0000000084700000, 0x0000000084700000, 0x0000000084800000|  0%| F|  |TAMS 0x0000000084700000, 0x0000000084700000| Untracked 
|  42|0x0000000084800000, 0x0000000084800000, 0x0000000084900000|  0%| F|  |TAMS 0x0000000084800000, 0x0000000084800000| Untracked 
|  43|0x0000000084900000, 0x0000000084900000, 0x0000000084a00000|  0%| F|  |TAMS 0x0000000084900000, 0x0000000084900000| Untracked 
|  44|0x0000000084a00000, 0x0000000084a00000, 0x0000000084b00000|  0%| F|  |TAMS 0x0000000084a00000, 0x0000000084a00000| Untracked 
|  45|0x0000000084b00000, 0x0000000084b00000, 0x0000000084c00000|  0%| F|  |TAMS 0x0000000084b00000, 0x0000000084b00000| Untracked 
|  46|0x0000000084c00000, 0x0000000084c00000, 0x0000000084d00000|  0%| F|  |TAMS 0x0000000084c00000, 0x0000000084c00000| Untracked 
|  47|0x0000000084d00000, 0x0000000084d00000, 0x0000000084e00000|  0%| F|  |TAMS 0x0000000084d00000, 0x0000000084d00000| Untracked 
|  48|0x0000000084e00000, 0x0000000084e00000, 0x0000000084f00000|  0%| F|  |TAMS 0x0000000084e00000, 0x0000000084e00000| Untracked 
|  49|0x0000000084f00000, 0x0000000084f00000, 0x0000000085000000|  0%| F|  |TAMS 0x0000000084f00000, 0x0000000084f00000| Untracked 
|  50|0x0000000085000000, 0x0000000085000000, 0x0000000085100000|  0%| F|  |TAMS 0x0000000085000000, 0x0000000085000000| Untracked 
|  51|0x0000000085100000, 0x0000000085100000, 0x0000000085200000|  0%| F|  |TAMS 0x0000000085100000, 0x0000000085100000| Untracked 
|  52|0x0000000085200000, 0x0000000085200000, 0x0000000085300000|  0%| F|  |TAMS 0x0000000085200000, 0x0000000085200000| Untracked 
|  53|0x0000000085300000, 0x0000000085300000, 0x0000000085400000|  0%| F|  |TAMS 0x0000000085300000, 0x0000000085300000| Untracked 
|  54|0x0000000085400000, 0x0000000085400000, 0x0000000085500000|  0%| F|  |TAMS 0x0000000085400000, 0x0000000085400000| Untracked 
|  55|0x0000000085500000, 0x0000000085500000, 0x0000000085600000|  0%| F|  |TAMS 0x0000000085500000, 0x0000000085500000| Untracked 
|  56|0x0000000085600000, 0x0000000085600000, 0x0000000085700000|  0%| F|  |TAMS 0x0000000085600000, 0x0000000085600000| Untracked 
|  57|0x0000000085700000, 0x0000000085700000, 0x0000000085800000|  0%| F|  |TAMS 0x0000000085700000, 0x0000000085700000| Untracked 
|  58|0x0000000085800000, 0x0000000085800000, 0x0000000085900000|  0%| F|  |TAMS 0x0000000085800000, 0x0000000085800000| Untracked 
|  59|0x0000000085900000, 0x0000000085900000, 0x0000000085a00000|  0%| F|  |TAMS 0x0000000085900000, 0x0000000085900000| Untracked 
|  60|0x0000000085a00000, 0x0000000085a00000, 0x0000000085b00000|  0%| F|  |TAMS 0x0000000085a00000, 0x0000000085a00000| Untracked 
|  61|0x0000000085b00000, 0x0000000085b00000, 0x0000000085c00000|  0%| F|  |TAMS 0x0000000085b00000, 0x0000000085b00000| Untracked 
|  62|0x0000000085c00000, 0x0000000085c00000, 0x0000000085d00000|  0%| F|  |TAMS 0x0000000085c00000, 0x0000000085c00000| Untracked 
|  63|0x0000000085d00000, 0x0000000085d00000, 0x0000000085e00000|  0%| F|  |TAMS 0x0000000085d00000, 0x0000000085d00000| Untracked 
|  64|0x0000000085e00000, 0x0000000085e00000, 0x0000000085f00000|  0%| F|  |TAMS 0x0000000085e00000, 0x0000000085e00000| Untracked 
|  65|0x0000000085f00000, 0x0000000085f00000, 0x0000000086000000|  0%| F|  |TAMS 0x0000000085f00000, 0x0000000085f00000| Untracked 
|  66|0x0000000086000000, 0x0000000086000000, 0x0000000086100000|  0%| F|  |TAMS 0x0000000086000000, 0x0000000086000000| Untracked 
|  67|0x0000000086100000, 0x0000000086100000, 0x0000000086200000|  0%| F|  |TAMS 0x0000000086100000, 0x0000000086100000| Untracked 
|  68|0x0000000086200000, 0x0000000086200000, 0x0000000086300000|  0%| F|  |TAMS 0x0000000086200000, 0x0000000086200000| Untracked 
|  69|0x0000000086300000, 0x0000000086300000, 0x0000000086400000|  0%| F|  |TAMS 0x0000000086300000, 0x0000000086300000| Untracked 
|  70|0x0000000086400000, 0x0000000086400000, 0x0000000086500000|  0%| F|  |TAMS 0x0000000086400000, 0x0000000086400000| Untracked 
|  71|0x0000000086500000, 0x0000000086500000, 0x0000000086600000|  0%| F|  |TAMS 0x0000000086500000, 0x0000000086500000| Untracked 
|  72|0x0000000086600000, 0x0000000086600000, 0x0000000086700000|  0%| F|  |TAMS 0x0000000086600000, 0x0000000086600000| Untracked 
|  73|0x0000000086700000, 0x0000000086700000, 0x0000000086800000|  0%| F|  |TAMS 0x0000000086700000, 0x0000000086700000| Untracked 
|  74|0x0000000086800000, 0x0000000086800000, 0x0000000086900000|  0%| F|  |TAMS 0x0000000086800000, 0x0000000086800000| Untracked 
|  75|0x0000000086900000, 0x0000000086900000, 0x0000000086a00000|  0%| F|  |TAMS 0x0000000086900000, 0x0000000086900000| Untracked 
|  76|0x0000000086a00000, 0x0000000086a00000, 0x0000000086b00000|  0%| F|  |TAMS 0x0000000086a00000, 0x0000000086a00000| Untracked 
|  77|0x0000000086b00000, 0x0000000086b00000, 0x0000000086c00000|  0%| F|  |TAMS 0x0000000086b00000, 0x0000000086b00000| Untracked 
|  78|0x0000000086c00000, 0x0000000086c00000, 0x0000000086d00000|  0%| F|  |TAMS 0x0000000086c00000, 0x0000000086c00000| Untracked 
|  79|0x0000000086d00000, 0x0000000086d00000, 0x0000000086e00000|  0%| F|  |TAMS 0x0000000086d00000, 0x0000000086d00000| Untracked 
|  80|0x0000000086e00000, 0x0000000086e00000, 0x0000000086f00000|  0%| F|  |TAMS 0x0000000086e00000, 0x0000000086e00000| Untracked 
|  81|0x0000000086f00000, 0x0000000086f00000, 0x0000000087000000|  0%| F|  |TAMS 0x0000000086f00000, 0x0000000086f00000| Untracked 
|  82|0x0000000087000000, 0x0000000087000000, 0x0000000087100000|  0%| F|  |TAMS 0x0000000087000000, 0x0000000087000000| Untracked 
|  83|0x0000000087100000, 0x0000000087100000, 0x0000000087200000|  0%| F|  |TAMS 0x0000000087100000, 0x0000000087100000| Untracked 
|  84|0x0000000087200000, 0x0000000087200000, 0x0000000087300000|  0%| F|  |TAMS 0x0000000087200000, 0x0000000087200000| Untracked 
|  85|0x0000000087300000, 0x0000000087300000, 0x0000000087400000|  0%| F|  |TAMS 0x0000000087300000, 0x0000000087300000| Untracked 
|  86|0x0000000087400000, 0x0000000087400000, 0x0000000087500000|  0%| F|  |TAMS 0x0000000087400000, 0x0000000087400000| Untracked 
|  87|0x0000000087500000, 0x0000000087500000, 0x0000000087600000|  0%| F|  |TAMS 0x0000000087500000, 0x0000000087500000| Untracked 
|  88|0x0000000087600000, 0x0000000087600000, 0x0000000087700000|  0%| F|  |TAMS 0x0000000087600000, 0x0000000087600000| Untracked 
|  89|0x0000000087700000, 0x0000000087700000, 0x0000000087800000|  0%| F|  |TAMS 0x0000000087700000, 0x0000000087700000| Untracked 
|  90|0x0000000087800000, 0x0000000087800000, 0x0000000087900000|  0%| F|  |TAMS 0x0000000087800000, 0x0000000087800000| Untracked 
|  91|0x0000000087900000, 0x0000000087900000, 0x0000000087a00000|  0%| F|  |TAMS 0x0000000087900000, 0x0000000087900000| Untracked 
|  92|0x0000000087a00000, 0x0000000087a00000, 0x0000000087b00000|  0%| F|  |TAMS 0x0000000087a00000, 0x0000000087a00000| Untracked 
|  93|0x0000000087b00000, 0x0000000087b00000, 0x0000000087c00000|  0%| F|  |TAMS 0x0000000087b00000, 0x0000000087b00000| Untracked 
|  94|0x0000000087c00000, 0x0000000087c00000, 0x0000000087d00000|  0%| F|  |TAMS 0x0000000087c00000, 0x0000000087c00000| Untracked 
|  95|0x0000000087d00000, 0x0000000087d00000, 0x0000000087e00000|  0%| F|  |TAMS 0x0000000087d00000, 0x0000000087d00000| Untracked 
|  96|0x0000000087e00000, 0x0000000087e00000, 0x0000000087f00000|  0%| F|  |TAMS 0x0000000087e00000, 0x0000000087e00000| Untracked 
|  97|0x0000000087f00000, 0x0000000087f00000, 0x0000000088000000|  0%| F|  |TAMS 0x0000000087f00000, 0x0000000087f00000| Untracked 
|  98|0x0000000088000000, 0x0000000088000000, 0x0000000088100000|  0%| F|  |TAMS 0x0000000088000000, 0x0000000088000000| Untracked 
|  99|0x0000000088100000, 0x0000000088100000, 0x0000000088200000|  0%| F|  |TAMS 0x0000000088100000, 0x0000000088100000| Untracked 
| 100|0x0000000088200000, 0x0000000088200000, 0x0000000088300000|  0%| F|  |TAMS 0x0000000088200000, 0x0000000088200000| Untracked 
| 101|0x0000000088300000, 0x0000000088400000, 0x0000000088400000|100%| S|CS|TAMS 0x0000000088300000, 0x0000000088300000| Complete 
| 102|0x0000000088400000, 0x0000000088500000, 0x0000000088500000|100%| S|CS|TAMS 0x0000000088400000, 0x0000000088400000| Complete 
| 103|0x0000000088500000, 0x0000000088600000, 0x0000000088600000|100%| S|CS|TAMS 0x0000000088500000, 0x0000000088500000| Complete 
| 104|0x0000000088600000, 0x0000000088600000, 0x0000000088700000|  0%| F|  |TAMS 0x0000000088600000, 0x0000000088600000| Untracked 
| 105|0x0000000088700000, 0x0000000088700000, 0x0000000088800000|  0%| F|  |TAMS 0x0000000088700000, 0x0000000088700000| Untracked 
| 106|0x0000000088800000, 0x0000000088800000, 0x0000000088900000|  0%| F|  |TAMS 0x0000000088800000, 0x0000000088800000| Untracked 
| 107|0x0000000088900000, 0x0000000088900000, 0x0000000088a00000|  0%| F|  |TAMS 0x0000000088900000, 0x0000000088900000| Untracked 
| 108|0x0000000088a00000, 0x0000000088a00000, 0x0000000088b00000|  0%| F|  |TAMS 0x0000000088a00000, 0x0000000088a00000| Untracked 
| 109|0x0000000088b00000, 0x0000000088b00000, 0x0000000088c00000|  0%| F|  |TAMS 0x0000000088b00000, 0x0000000088b00000| Untracked 
| 110|0x0000000088c00000, 0x0000000088c00000, 0x0000000088d00000|  0%| F|  |TAMS 0x0000000088c00000, 0x0000000088c00000| Untracked 
| 111|0x0000000088d00000, 0x0000000088d00000, 0x0000000088e00000|  0%| F|  |TAMS 0x0000000088d00000, 0x0000000088d00000| Untracked 
| 112|0x0000000088e00000, 0x0000000088e00000, 0x0000000088f00000|  0%| F|  |TAMS 0x0000000088e00000, 0x0000000088e00000| Untracked 
| 113|0x0000000088f00000, 0x0000000088f00000, 0x0000000089000000|  0%| F|  |TAMS 0x0000000088f00000, 0x0000000088f00000| Untracked 
| 114|0x0000000089000000, 0x0000000089000000, 0x0000000089100000|  0%| F|  |TAMS 0x0000000089000000, 0x0000000089000000| Untracked 
| 115|0x0000000089100000, 0x0000000089100000, 0x0000000089200000|  0%| F|  |TAMS 0x0000000089100000, 0x0000000089100000| Untracked 
| 116|0x0000000089200000, 0x0000000089200000, 0x0000000089300000|  0%| F|  |TAMS 0x0000000089200000, 0x0000000089200000| Untracked 
| 117|0x0000000089300000, 0x0000000089300000, 0x0000000089400000|  0%| F|  |TAMS 0x0000000089300000, 0x0000000089300000| Untracked 
| 118|0x0000000089400000, 0x0000000089400000, 0x0000000089500000|  0%| F|  |TAMS 0x0000000089400000, 0x0000000089400000| Untracked 
| 119|0x0000000089500000, 0x0000000089500000, 0x0000000089600000|  0%| F|  |TAMS 0x0000000089500000, 0x0000000089500000| Untracked 
| 120|0x0000000089600000, 0x00000000896e8b98, 0x0000000089700000| 90%| E|  |TAMS 0x0000000089600000, 0x0000000089600000| Complete 
| 121|0x0000000089700000, 0x0000000089800000, 0x0000000089800000|100%| E|CS|TAMS 0x0000000089700000, 0x0000000089700000| Complete 
| 122|0x0000000089800000, 0x0000000089900000, 0x0000000089900000|100%| E|CS|TAMS 0x0000000089800000, 0x0000000089800000| Complete 
| 123|0x0000000089900000, 0x0000000089a00000, 0x0000000089a00000|100%| E|CS|TAMS 0x0000000089900000, 0x0000000089900000| Complete 
| 124|0x0000000089a00000, 0x0000000089b00000, 0x0000000089b00000|100%| E|CS|TAMS 0x0000000089a00000, 0x0000000089a00000| Complete 
| 125|0x0000000089b00000, 0x0000000089c00000, 0x0000000089c00000|100%| E|CS|TAMS 0x0000000089b00000, 0x0000000089b00000| Complete 
| 126|0x0000000089c00000, 0x0000000089d00000, 0x0000000089d00000|100%| E|CS|TAMS 0x0000000089c00000, 0x0000000089c00000| Complete 
| 127|0x0000000089d00000, 0x0000000089e00000, 0x0000000089e00000|100%| E|CS|TAMS 0x0000000089d00000, 0x0000000089d00000| Complete 

Card table byte_map: [0x00000205fadf0000,0x00000205fb1f0000] _byte_map_base: 0x00000205fa9e1000

Marking Bits (Prev, Next): (CMBitMap*) 0x00000205e335b2c8, (CMBitMap*) 0x00000205e335b300
 Prev Bits: [0x00000205fb5f0000, 0x00000205fd578000)
 Next Bits: [0x00000205fd580000, 0x00000205ff508000)

Polling page: 0x00000205e12b0000

Metaspace:

Usage:
  Non-class:     12.15 MB capacity,    11.90 MB ( 98%) used,   223.02 KB (  2%) free+waste,    31.44 KB ( <1%) overhead. 
      Class:      1.50 MB capacity,     1.38 MB ( 92%) used,   104.39 KB (  7%) free+waste,    15.31 KB ( <1%) overhead. 
       Both:     13.65 MB capacity,    13.29 MB ( 97%) used,   327.41 KB (  2%) free+waste,    46.75 KB ( <1%) overhead. 

Virtual space:
  Non-class space:       14.00 MB reserved,      12.25 MB ( 88%) committed 
      Class space:        1.00 GB reserved,       1.50 MB ( <1%) committed 
             Both:        1.01 GB reserved,      13.75 MB (  1%) committed 

Chunk freelists:
   Non-Class:  4.63 KB
       Class:  0 bytes
        Both:  4.63 KB

CodeHeap 'non-profiled nmethods': size=238336Kb used=1426Kb max_used=1426Kb free=236909Kb
 bounds [0x00000205ebe00000, 0x00000205ec070000, 0x00000205fa6c0000]
CodeHeap 'non-nmethods': size=7424Kb used=1104Kb max_used=1104Kb free=6319Kb
 bounds [0x00000205eb6c0000, 0x00000205eb930000, 0x00000205ebe00000]
 total_blobs=1481 nmethods=1053 adapters=339
 compilation: enabled
              stopped_count=0, restarted_count=0
 full_count=0

Compilation events (10 events):
Event: 1.169 Thread 0x0000020582896000 1044       1       java.lang.invoke.ClassSpecializer$Factory::chooseFieldName (32 bytes)
Event: 1.170 Thread 0x0000020582896000 nmethod 1044 0x00000205ebf60f10 code [0x00000205ebf61120, 0x00000205ebf61540]
Event: 1.170 Thread 0x0000020582896000 1047       1       java.lang.invoke.MethodHandles$Lookup::checkField (56 bytes)
Event: 1.170 Thread 0x0000020582896000 nmethod 1047 0x00000205ebf61790 code [0x00000205ebf61940, 0x00000205ebf61b20]
Event: 1.170 Thread 0x0000020582896000 1051   !   1       java.util.concurrent.ConcurrentHashMap::computeIfAbsent (576 bytes)
Event: 1.172 Thread 0x0000020582896000 nmethod 1051 0x00000205ebf61c10 code [0x00000205ebf61f20, 0x00000205ebf634f0]
Event: 1.180 Thread 0x0000020582896000 1052       1       java.lang.ref.Reference::clear (6 bytes)
Event: 1.180 Thread 0x0000020582896000 nmethod 1052 0x00000205ebf64190 code [0x00000205ebf64320, 0x00000205ebf64458]
Event: 1.181 Thread 0x0000020582896000 1053       1       java.lang.StringCoding$Result::with (12 bytes)
Event: 1.181 Thread 0x0000020582896000 nmethod 1053 0x00000205ebf64510 code [0x00000205ebf646a0, 0x00000205ebf64818]

GC Heap History (2 events):
Event: 0.784 GC heap before
{Heap before GC invocations=0 (full 0):
 garbage-first heap   total 131072K, used 24576K [0x0000000081e00000, 0x0000000100000000)
  region size 1024K, 24 young (24576K), 0 survivors (0K)
 Metaspace       used 9622K, capacity 9824K, committed 10112K, reserved 1058816K
  class space    used 981K, capacity 1065K, committed 1152K, reserved 1048576K
}
Event: 0.793 GC heap after
{Heap after GC invocations=1 (full 0):
 garbage-first heap   total 131072K, used 18598K [0x0000000081e00000, 0x0000000100000000)
  region size 1024K, 3 young (3072K), 3 survivors (3072K)
 Metaspace       used 9622K, capacity 9824K, committed 10112K, reserved 1058816K
  class space    used 981K, capacity 1065K, committed 1152K, reserved 1048576K
}

Deoptimization events (0 events):
No events

Classes redefined (0 events):
No events

Internal exceptions (10 events):
Event: 0.809 Thread 0x00000205e331b000 Exception <a 'java/lang/NoSuchMethodError'{0x0000000089d5aa38}: java.lang.invoke.DirectMethodHandle$Holder.invokeStaticInit(Ljava/lang/Object;IIII)Ljava/lang/Object;> (0x0000000089d5aa38) thrown at [./open/src/hotspot/share/interpreter/linkResolver.cpp, l
Event: 1.123 Thread 0x00000205e331b000 Exception <a 'java/lang/NoSuchMethodError'{0x0000000089dce0b0}: java.lang.invoke.DirectMethodHandle$Holder.invokeStatic(Ljava/lang/Object;Ljava/lang/Object;IIII)Ljava/lang/Object;> (0x0000000089dce0b0) thrown at [./open/src/hotspot/share/interpreter/linkR
Event: 1.123 Thread 0x00000205e331b000 Exception <a 'java/lang/NoSuchMethodError'{0x0000000089dd13f8}: java.lang.invoke.DirectMethodHandle$Holder.invokeStaticInit(Ljava/lang/Object;Ljava/lang/Object;IIII)Ljava/lang/Object;> (0x0000000089dd13f8) thrown at [./open/src/hotspot/share/interpreter/l
Event: 1.131 Thread 0x00000205e331b000 Exception <a 'java/lang/ClassNotFoundException'{0x0000000089dee958}: javax/management/remote/rmi/RMIServerImpl_Skel> (0x0000000089dee958) thrown at [./open/src/hotspot/share/classfile/systemDictionary.cpp, line 228]
Event: 1.160 Thread 0x00000205e331b000 Exception <a 'java/lang/ClassNotFoundException'{0x0000000089cc4228}: jdk/internal/agent/resources/spi/agentProvider> (0x0000000089cc4228) thrown at [./open/src/hotspot/share/classfile/systemDictionary.cpp, line 228]
Event: 1.167 Thread 0x00000205e331b000 Exception <a 'java/lang/NoSuchMethodError'{0x0000000089b1a2d0}: java.lang.invoke.DirectMethodHandle$Holder.invokeStatic(Ljava/lang/Object;Ljava/lang/Object;Ljava/lang/Object;Ljava/lang/Object;Ljava/lang/Object;Ljava/lang/Object;Ljava/lang/Object;Ljava/lan
Event: 1.168 Thread 0x00000205e331b000 Exception <a 'java/lang/NoSuchMethodError'{0x0000000089b26c90}: java.lang.invoke.DirectMethodHandle$Holder.invokeStatic(Ljava/lang/Object;Ljava/lang/Object;Ljava/lang/Object;Ljava/lang/Object;Ljava/lang/Object;Ljava/lang/Object;Ljava/lang/Object;Ljava/lan
Event: 1.169 Thread 0x00000205e331b000 Exception <a 'java/lang/NoSuchMethodError'{0x0000000089b40918}: java.lang.invoke.DelegatingMethodHandle$Holder.reinvoke_L(Ljava/lang/Object;ILjava/lang/Object;)Ljava/lang/Object;> (0x0000000089b40918) thrown at [./open/src/hotspot/share/interpreter/linkRe
Event: 1.211 Thread 0x00000205e331b000 Exception <a 'java/lang/ClassNotFoundException'{0x0000000089911840}: javax/smartcardio/CardPermission> (0x0000000089911840) thrown at [./open/src/hotspot/share/classfile/systemDictionary.cpp, line 228]
Event: 1.214 Thread 0x00000205e331b000 Exception <a 'java/io/FileNotFoundException'{0x000000008991fc18}> (0x000000008991fc18) thrown at [./open/src/hotspot/share/prims/jni.cpp, line 611]

Events (10 events):
Event: 1.222 loading class ch/qos/logback/core/spi/ContextAware
Event: 1.222 loading class ch/qos/logback/core/spi/ContextAware done
Event: 1.223 loading class ch/qos/logback/classic/util/EnvUtil
Event: 1.223 loading class ch/qos/logback/classic/util/EnvUtil done
Event: 1.224 loading class ch/qos/logback/classic/BasicConfigurator
Event: 1.224 loading class ch/qos/logback/classic/BasicConfigurator done
Event: 1.224 loading class ch/qos/logback/core/spi/ContextAwareBase
Event: 1.224 loading class ch/qos/logback/core/spi/ContextAwareBase done
Event: 1.225 loading class ch/qos/logback/core/ConsoleAppender
Event: 1.225 loading class ch/qos/logback/core/ConsoleAppender done


Dynamic libraries:
0x00007ff7a7f10000 - 0x00007ff7a7f57000 	C:\Program Files\Java\jdk-11.0.7\bin\javaw.exe
0x00007ffc66560000 - 0x00007ffc66750000 	C:\WINDOWS\SYSTEM32\ntdll.dll
0x00007ffc64b80000 - 0x00007ffc64c32000 	C:\WINDOWS\System32\KERNEL32.DLL
0x00007ffc63e90000 - 0x00007ffc64134000 	C:\WINDOWS\System32\KERNELBASE.dll
0x00007ffc60850000 - 0x00007ffc608df000 	C:\WINDOWS\SYSTEM32\apphelp.dll
0x00007ffc2a9e0000 - 0x00007ffc2ae72000 	C:\WINDOWS\SYSTEM32\AcLayers.DLL
0x00007ffc65480000 - 0x00007ffc6551e000 	C:\WINDOWS\System32\msvcrt.dll
0x00007ffc659d0000 - 0x00007ffc65b64000 	C:\WINDOWS\System32\USER32.dll
0x00007ffc64140000 - 0x00007ffc64161000 	C:\WINDOWS\System32\win32u.dll
0x00007ffc65ce0000 - 0x00007ffc65d06000 	C:\WINDOWS\System32\GDI32.dll
0x00007ffc64470000 - 0x00007ffc64605000 	C:\WINDOWS\System32\gdi32full.dll
0x00007ffc63df0000 - 0x00007ffc63e8e000 	C:\WINDOWS\System32\msvcp_win.dll
0x00007ffc64250000 - 0x00007ffc6434a000 	C:\WINDOWS\System32\ucrtbase.dll
0x00007ffc65b70000 - 0x00007ffc65bc2000 	C:\WINDOWS\System32\SHLWAPI.dll
0x00007ffc65fb0000 - 0x00007ffc662e5000 	C:\WINDOWS\System32\combase.dll
0x00007ffc65de0000 - 0x00007ffc65f00000 	C:\WINDOWS\System32\RPCRT4.dll
0x00007ffc64170000 - 0x00007ffc641f0000 	C:\WINDOWS\System32\bcryptPrimitives.dll
0x00007ffc65920000 - 0x00007ffc659c3000 	C:\WINDOWS\System32\ADVAPI32.dll
0x00007ffc64610000 - 0x00007ffc646a7000 	C:\WINDOWS\System32\sechost.dll
0x00000205e0fd0000 - 0x00000205e0fd3000 	C:\WINDOWS\SYSTEM32\sfc.dll
0x00007ffc544a0000 - 0x00007ffc54529000 	C:\WINDOWS\SYSTEM32\WINSPOOL.DRV
0x00007ffc63430000 - 0x00007ffc63441000 	C:\WINDOWS\System32\kernel.appcore.dll
0x00007ffc63dc0000 - 0x00007ffc63de6000 	C:\WINDOWS\System32\bcrypt.dll
0x00007ffc61010000 - 0x00007ffc61100000 	C:\WINDOWS\SYSTEM32\PROPSYS.dll
0x00007ffc662f0000 - 0x00007ffc663b5000 	C:\WINDOWS\System32\OLEAUT32.dll
0x00007ffc65f00000 - 0x00007ffc65fa9000 	C:\WINDOWS\System32\shcore.dll
0x00007ffc629a0000 - 0x00007ffc629da000 	C:\WINDOWS\SYSTEM32\IPHLPAPI.DLL
0x00007ffc4f680000 - 0x00007ffc4f691000 	C:\WINDOWS\SYSTEM32\sfc_os.DLL
0x00007ffc655f0000 - 0x00007ffc6561e000 	C:\WINDOWS\System32\IMM32.DLL
0x00007ffc49f90000 - 0x00007ffc4a214000 	C:\WINDOWS\WinSxS\amd64_microsoft.windows.common-controls_6595b64144ccf1df_6.0.18362.900_none_e6beb9d913147d17\COMCTL32.dll
0x00007ffc5b5e0000 - 0x00007ffc5b5ea000 	C:\WINDOWS\SYSTEM32\VERSION.dll
0x00007ffc555c0000 - 0x00007ffc555d6000 	C:\Program Files\Java\jdk-11.0.7\bin\vcruntime140.dll
0x00007ffc4e340000 - 0x00007ffc4e3ea000 	C:\Program Files\Java\jdk-11.0.7\bin\msvcp140.dll
0x00007ffbfbf20000 - 0x00007ffbfca81000 	C:\Program Files\Java\jdk-11.0.7\bin\server\jvm.dll
0x00007ffc65c50000 - 0x00007ffc65c58000 	C:\WINDOWS\System32\PSAPI.DLL
0x00007ffc58010000 - 0x00007ffc58034000 	C:\WINDOWS\SYSTEM32\WINMM.dll
0x00007ffc61f30000 - 0x00007ffc61f39000 	C:\WINDOWS\SYSTEM32\WSOCK32.dll
0x00007ffc65c70000 - 0x00007ffc65cdf000 	C:\WINDOWS\System32\WS2_32.dll
0x00007ffc57dc0000 - 0x00007ffc57ded000 	C:\WINDOWS\SYSTEM32\WINMMBASE.dll
0x00007ffc64370000 - 0x00007ffc643ba000 	C:\WINDOWS\System32\cfgmgr32.dll
0x00007ffc50f10000 - 0x00007ffc50f21000 	C:\Program Files\Java\jdk-11.0.7\bin\verify.dll
0x00007ffc61d00000 - 0x00007ffc61ef4000 	C:\WINDOWS\SYSTEM32\DBGHELP.DLL
0x00007ffc5aa10000 - 0x00007ffc5aa3a000 	C:\WINDOWS\SYSTEM32\dbgcore.DLL
0x00007ffc4e790000 - 0x00007ffc4e7b9000 	C:\Program Files\Java\jdk-11.0.7\bin\java.dll
0x00007ffc57f60000 - 0x00007ffc57f6a000 	C:\Program Files\Java\jdk-11.0.7\bin\jimage.dll
0x00007ffc4e6b0000 - 0x00007ffc4e6c6000 	C:\Program Files\Java\jdk-11.0.7\bin\zip.dll
0x00007ffc64c40000 - 0x00007ffc65326000 	C:\WINDOWS\System32\SHELL32.dll
0x00007ffc634f0000 - 0x00007ffc63c70000 	C:\WINDOWS\System32\windows.storage.dll
0x00007ffc634a0000 - 0x00007ffc634c3000 	C:\WINDOWS\System32\profapi.dll
0x00007ffc63450000 - 0x00007ffc6349a000 	C:\WINDOWS\System32\powrprof.dll
0x00007ffc63420000 - 0x00007ffc63430000 	C:\WINDOWS\System32\UMPDC.dll
0x00007ffc64350000 - 0x00007ffc64367000 	C:\WINDOWS\System32\cryptsp.dll
0x00007ffc4e0e0000 - 0x00007ffc4e0f9000 	C:\Program Files\Java\jdk-11.0.7\bin\net.dll
0x00007ffc5a8c0000 - 0x00007ffc5a9b0000 	C:\WINDOWS\SYSTEM32\WINHTTP.dll
0x00007ffc62c90000 - 0x00007ffc62cf7000 	C:\WINDOWS\system32\mswsock.dll
0x00007ffc4db60000 - 0x00007ffc4db73000 	C:\Program Files\Java\jdk-11.0.7\bin\nio.dll
0x00007ffc5cbe0000 - 0x00007ffc5cbe9000 	C:\Program Files\Java\jdk-11.0.7\bin\management.dll
0x00007ffc5c9d0000 - 0x00007ffc5c9dc000 	C:\Program Files\Java\jdk-11.0.7\bin\management_ext.dll
0x00007ffc50dc0000 - 0x00007ffc50dd6000 	C:\WINDOWS\system32\napinsp.dll
0x00007ffc50180000 - 0x00007ffc5019a000 	C:\WINDOWS\system32\pnrpnsp.dll
0x00007ffc629f0000 - 0x00007ffc62abb000 	C:\WINDOWS\SYSTEM32\DNSAPI.dll
0x00007ffc65c60000 - 0x00007ffc65c68000 	C:\WINDOWS\System32\NSI.dll
0x00007ffc50150000 - 0x00007ffc5015e000 	C:\WINDOWS\System32\winrnr.dll
0x00007ffc5f310000 - 0x00007ffc5f32c000 	C:\WINDOWS\system32\NLAapi.dll
0x00007ffc5e600000 - 0x00007ffc5e615000 	C:\WINDOWS\system32\wshbth.dll
0x00007ffc5bb20000 - 0x00007ffc5bb2a000 	C:\Windows\System32\rasadhlp.dll
0x00007ffc5ae10000 - 0x00007ffc5ae87000 	C:\WINDOWS\System32\fwpuclnt.dll
0x00007ffc62800000 - 0x00007ffc62833000 	C:\WINDOWS\system32\rsaenh.dll
0x00007ffc63340000 - 0x00007ffc63365000 	C:\WINDOWS\SYSTEM32\USERENV.dll
0x00007ffc62e60000 - 0x00007ffc62e6c000 	C:\WINDOWS\SYSTEM32\CRYPTBASE.dll
0x00007ffc5a9f0000 - 0x00007ffc5aa06000 	C:\WINDOWS\SYSTEM32\dhcpcsvc6.DLL
0x00007ffc5b4e0000 - 0x00007ffc5b4fc000 	C:\WINDOWS\SYSTEM32\dhcpcsvc.DLL

dbghelp: loaded successfully - version: 4.0.5 - missing functions: none
symbol engine: initialized successfully - sym options: 0x614 - pdb path: .;C:\Program Files\Java\jdk-11.0.7\bin;C:\WINDOWS\SYSTEM32;C:\WINDOWS\WinSxS\amd64_microsoft.windows.common-controls_6595b64144ccf1df_6.0.18362.900_none_e6beb9d913147d17;C:\Program Files\Java\jdk-11.0.7\bin\server

VM Arguments:
jvm_args: -Dcom.sun.management.jmxremote -Dcom.sun.management.jmxremote.port=55720 -Dcom.sun.management.jmxremote.authenticate=false -Dcom.sun.management.jmxremote.ssl=false -Djava.rmi.server.hostname=localhost -Dspring.jmx.enabled=true -Dspring.application.admin.enabled=true -Xverify:none -XX:TieredStopAtLevel=1 -Dspring.boot.project.name=ecommerce -Dfile.encoding=UTF-8 
java_command: com.mycompany.ecommerce.EcommerceApplication --spring.output.ansi.enabled=always
java_class_path (initial): C:\Users\Vinicius\Documents\git\ecommerce\target\classes;C:\Users\Vinicius\.m2\repository\org\springframework\boot\spring-boot-starter-web\2.3.0.RELEASE\spring-boot-starter-web-2.3.0.RELEASE.jar;C:\Users\Vinicius\.m2\repository\org\springframework\boot\spring-boot-starter\2.3.0.RELEASE\spring-boot-starter-2.3.0.RELEASE.jar;C:\Users\Vinicius\.m2\repository\org\springframework\boot\spring-boot-starter-logging\2.3.0.RELEASE\spring-boot-starter-logging-2.3.0.RELEASE.jar;C:\Users\Vinicius\.m2\repository\ch\qos\logback\logback-classic\1.2.3\logback-classic-1.2.3.jar;C:\Users\Vinicius\.m2\repository\ch\qos\logback\logback-core\1.2.3\logback-core-1.2.3.jar;C:\Users\Vinicius\.m2\repository\org\apache\logging\log4j\log4j-to-slf4j\2.13.2\log4j-to-slf4j-2.13.2.jar;C:\Users\Vinicius\.m2\repository\org\apache\logging\log4j\log4j-api\2.13.2\log4j-api-2.13.2.jar;C:\Users\Vinicius\.m2\repository\org\slf4j\jul-to-slf4j\1.7.30\jul-to-slf4j-1.7.30.jar;C:\Users\Vinicius\.m2\repository\jakarta\annotation\jakarta.annotation-api\1.3.5\jakarta.annotation-api-1.3.5.jar;C:\Users\Vinicius\.m2\repository\org\yaml\snakeyaml\1.26\snakeyaml-1.26.jar;C:\Users\Vinicius\.m2\repository\org\springframework\boot\spring-boot-starter-json\2.3.0.RELEASE\spring-boot-starter-json-2.3.0.RELEASE.jar;C:\Users\Vinicius\.m2\repository\com\fasterxml\jackson\datatype\jackson-datatype-jdk8\2.11.0\jackson-datatype-jdk8-2.11.0.jar;C:\Users\Vinicius\.m2\repository\com\fasterxml\jackson\datatype\jackson-datatype-jsr310\2.11.0\jackson-datatype-jsr310-2.11.0.jar;C:\Users\Vinicius\.m2\repository\com\fasterxml\jackson\module\jackson-module-parameter-names\2.11.0\jackson-module-parameter-names-2.11.0.jar;C:\Users\Vinicius\.m2\repository\org\springframework\boot\spring-boot-starter-tomcat\2.3.0.RELEASE\spring-boot-starter-tomcat-2.3.0.RELEASE.jar;C:\Users\Vinicius\.m2\repository\org\apache\tomcat\embed\tomcat-embed-core\9.0.35\tomcat-embed-core-9.0.35.jar;C:\Users\Vinicius\.m2\repository\org\glass
Launcher Type: SUN_STANDARD

[Global flags]
     bool BytecodeVerificationLocal                = false                                     {product} {command line}
     bool BytecodeVerificationRemote               = false                                     {product} {command line}
     intx CICompilerCount                          = 4                                         {product} {ergonomic}
     uint ConcGCThreads                            = 2                                         {product} {ergonomic}
     uint G1ConcRefinementThreads                  = 8                                         {product} {ergonomic}
   size_t G1HeapRegionSize                         = 1048576                                   {product} {ergonomic}
    uintx GCDrainStackTargetSize                   = 64                                        {product} {ergonomic}
   size_t InitialHeapSize                          = 134217728                                 {product} {ergonomic}
     bool ManagementServer                         = true                                      {product} {command line}
   size_t MarkStackSize                            = 4194304                                   {product} {ergonomic}
   size_t MaxHeapSize                              = 2116026368                                {product} {ergonomic}
   size_t MaxNewSize                               = 1268776960                                {product} {ergonomic}
   size_t MinHeapDeltaBytes                        = 1048576                                   {product} {ergonomic}
    uintx NonNMethodCodeHeapSize                   = 7549744                                {pd product} {ergonomic}
    uintx NonProfiledCodeHeapSize                  = 244108496                              {pd product} {ergonomic}
    uintx ProfiledCodeHeapSize                     = 0                                      {pd product} {ergonomic}
    uintx ReservedCodeCacheSize                    = 251658240                              {pd product} {ergonomic}
     bool SegmentedCodeCache                       = true                                      {product} {ergonomic}
     intx TieredStopAtLevel                        = 1                                         {product} {command line}
     bool UseCompressedClassPointers               = true                                 {lp64_product} {ergonomic}
     bool UseCompressedOops                        = true                                 {lp64_product} {ergonomic}
     bool UseG1GC                                  = true                                      {product} {ergonomic}
     bool UseLargePagesIndividualAllocation        = false                                  {pd product} {ergonomic}

Logging:
Log output configuration:
 #0: stdout all=warning uptime,level,tags
 #1: stderr all=off uptime,level,tags

Environment Variables:
JAVA_HOME=C:\Program Files\Java\jdk-11.0.7
PATH=C:/Program Files/Java/jdk-11.0.7/bin/server;C:/Program Files/Java/jdk-11.0.7/bin;C:\Program Files (x86)\Intel\iCLS Client\;C:\Program Files\Intel\iCLS Client\;C:\Windows\system32;C:\Windows;C:\Windows\System32\Wbem;C:\Windows\System32\WindowsPowerShell\v1.0\;C:\Program Files (x86)\Intel\Intel(R) Management Engine Components\DAL;C:\Program Files\Intel\Intel(R) Management Engine Components\DAL;C:\Program Files (x86)\Intel\Intel(R) Management Engine Components\IPT;C:\Program Files\Intel\Intel(R) Management Engine Components\IPT;C:\Program Files (x86)\NVIDIA Corporation\PhysX\Common;C:\ProgramData\ComposerSetup\bin;C:\WINDOWS\system32;C:\WINDOWS;C:\WINDOWS\System32\Wbem;C:\WINDOWS\System32\WindowsPowerShell\v1.0\;C:\wamp64\bin\php\php7.0.10;C:\Program Files\Microsoft SQL Server\130\Tools\Binn\;C:\Program Files\dotnet\;C:\WINDOWS\System32\OpenSSH\;C:\Program Files\Java\jdk-11.0.7\bin;C:\wamp64\bin\mysql\mysql5.7.14\bin;C:\Users\Vinicius\AppData\Roaming\Composer\vendor\bin;C:\Users\Vinicius\AppData\Local\Microsoft\WindowsApps;C:\Program Files (x86)\Heroku\bin;;C:\sts-4.6.1.RELEASE;
USERNAME=Vinicius
OS=Windows_NT
PROCESSOR_IDENTIFIER=Intel64 Family 6 Model 94 Stepping 3, GenuineIntel



---------------  S Y S T E M  ---------------

OS: Windows 10 , 64 bit Build 18362 (10.0.18362.900)

CPU:total 8 (initial active 8) (4 cores per cpu, 2 threads per core) family 6 model 94 stepping 3, cmov, cx8, fxsr, mmx, sse, sse2, sse3, ssse3, sse4.1, sse4.2, popcnt, avx, avx2, aes, clmul, erms, rtm, 3dnowpref, lzcnt, ht, tsc, tscinvbit, bmi1, bmi2, adx, fma

Memory: 4k page, system-wide physical 8064M (1399M free)
TotalPageFile size 13892M (AvailPageFile size 3927M)
current process WorkingSet (physical memory assigned to process): 92M, peak: 92M
current process commit charge ("private bytes"): 231M, peak: 231M

vm_info: Java HotSpot(TM) 64-Bit Server VM (11.0.7+8-LTS) for windows-amd64 JRE (11.0.7+8-LTS), built on Mar 12 2020 02:04:32 by "mach5one" with MS VC++ 15.5 (VS2017)

END.
