#
# A fatal error has been detected by the Java Runtime Environment:
#
#  EXCEPTION_ACCESS_VIOLATION (0xc0000005) at pc=0x00007ffaf38ca4ed, pid=2664, tid=8768
#
# JRE version: Java(TM) SE Runtime Environment 18.9 (11.0.7+8) (build 11.0.7+8-LTS)
# Java VM: Java HotSpot(TM) 64-Bit Server VM 18.9 (11.0.7+8-LTS, mixed mode, tiered, compressed oops, g1 gc, windows-amd64)
# Problematic frame:
# V  [jvm.dll+0x68a4ed]
#
# No core dump will be written. Minidumps are not enabled by default on client versions of Windows
#
# If you would like to submit a bug report, please visit:
#   https://bugreport.java.com/bugreport/crash.jsp
#

---------------  S U M M A R Y ------------

Command Line: -Dcom.sun.management.jmxremote -Dcom.sun.management.jmxremote.port=59328 -Dcom.sun.management.jmxremote.authenticate=false -Dcom.sun.management.jmxremote.ssl=false -Djava.rmi.server.hostname=localhost -Dspring.jmx.enabled=true -Dspring.application.admin.enabled=true -Xverify:none -XX:TieredStopAtLevel=1 -Dspring.boot.project.name=ecommerce -Dfile.encoding=UTF-8 com.mycompany.ecommerce.EcommerceApplication --spring.output.ansi.enabled=always

Host: Intel(R) Core(TM) i7-6700HQ CPU @ 2.60GHz, 8 cores, 7G,  Windows 10 , 64 bit Build 18362 (10.0.18362.900)
Time: Fri Jun 19 17:40:18 2020 Hora oficial do Brasil elapsed time: 192 seconds (0d 0h 3m 12s)

---------------  T H R E A D  ---------------

Current thread (0x0000020896855800):  JavaThread "DestroyJavaVM" [_thread_in_vm, id=8768, stack(0x000000cb95b00000,0x000000cb95c00000)]

Stack: [0x000000cb95b00000,0x000000cb95c00000],  sp=0x000000cb95bffb30,  free space=1022k
Native frames: (J=compiled Java code, j=interpreted, Vv=VM code, C=native code)
V  [jvm.dll+0x68a4ed]
V  [jvm.dll+0x68ab5a]
V  [jvm.dll+0x375509]
V  [jvm.dll+0x760aa3]
V  [jvm.dll+0x3dead8]
C  [javaw.exe+0x367e]
C  [javaw.exe+0x17e2c]
C  [KERNEL32.DLL+0x17bd4]
C  [ntdll.dll+0x6ce51]


siginfo: EXCEPTION_ACCESS_VIOLATION (0xc0000005), reading address 0x0000000c00000013


Register to memory mapping:

RIP=0x00007ffaf38ca4ed jvm.dll
RAX=0x0000000000000001 is an unknown value
RBX=0x0000000c0000000b is an unknown value
RCX=0x00000208edaa0000 points into unknown readable memory: 00 00 00 00 00 00 00 00
RDX=0x00000208edaa0000 points into unknown readable memory: 00 00 00 00 00 00 00 00
RSP=0x000000cb95bffb30 points into unknown readable memory: cd 00 00 00 00 00 00 00
RBP=0x0 is NULL
RSI=0x0000000000000001 is an unknown value
RDI=0x00000208904ab300 points into unknown readable memory: 0b 00 00 00 0c 00 00 00
R8 =0x0000000000000004 is an unknown value
R9 =0x0000000000000001 is an unknown value
R10=0x0000000000008000 is an unknown value
R11=0x000000cb95bffa90 points into unknown readable memory: 80 5d c2 ef 08 02 00 00
R12=0x00000208efc25d98 points into unknown readable memory: 98 a4 00 83 00 00 00 00
R13=0x00000208edab1490 points into unknown readable memory: 63 6f 6d 2e 6d 79 63 6f
R14=0x00000208efc25d88 points into unknown readable memory: 78 a1 00 83 00 00 00 00
R15=0x00000208efc25d80 points into unknown readable memory: 78 a1 00 83 00 00 00 00


Registers:
RAX=0x0000000000000001, RBX=0x0000000c0000000b, RCX=0x00000208edaa0000, RDX=0x00000208edaa0000
RSP=0x000000cb95bffb30, RBP=0x0000000000000000, RSI=0x0000000000000001, RDI=0x00000208904ab300
R8 =0x0000000000000004, R9 =0x0000000000000001, R10=0x0000000000008000, R11=0x000000cb95bffa90
R12=0x00000208efc25d98, R13=0x00000208edab1490, R14=0x00000208efc25d88, R15=0x00000208efc25d80
RIP=0x00007ffaf38ca4ed, EFLAGS=0x0000000000010202

Top of Stack: (sp=0x000000cb95bffb30)
0x000000cb95bffb30:   00000000000000cd 00007ffa00000000
0x000000cb95bffb40:   0000020800000000 0000000000000000
0x000000cb95bffb50:   0000020896855800 00007ffaf38cab5a
0x000000cb95bffb60:   00000208efc21870 000000cb95bffd18
0x000000cb95bffb70:   0000000000000001 0000020896855800
0x000000cb95bffb80:   00000208ffa52400 00007ffaf35b5509
0x000000cb95bffb90:   0000000000000000 000000cb95bffd18
0x000000cb95bffba0:   0000000000000000 0000020800000011
0x000000cb95bffbb0:   0000020896855800 00007ffaf39a0aa3
0x000000cb95bffbc0:   00000208efc21870 0000020896855800
0x000000cb95bffbd0:   0000000000000001 000000cb95bffd18
0x000000cb95bffbe0:   0000020896855800 00000208efc25d88
0x000000cb95bffbf0:   000000000000000e 0000000000000000
0x000000cb95bffc00:   0000020894803900 00000208efc25450
0x000000cb95bffc10:   0000020896855800 00000208948039c0
0x000000cb95bffc20:   00000208efc25450 00000208efc25460 

Instructions: (pc=0x00007ffaf38ca4ed)
0x00007ffaf38ca4cd:   8b ce e8 0c f4 a2 ff 48 8b 3d a5 a5 41 00 48 8b
0x00007ffaf38ca4dd:   74 24 40 48 85 ff 74 39 48 8b 1f 48 85 db 74 29
0x00007ffaf38ca4ed:   48 83 7b 08 01 75 1a 48 8b 53 18 89 2b 48 85 d2
0x00007ffaf38ca4fd:   74 0f 39 6b 04 48 8b cb e8 a6 69 cd ff 48 89 6b 


Stack slot to memory mapping:
stack at sp + 0 slots: 0x00000000000000cd is an unknown value
stack at sp + 1 slots: 0x00007ffa00000000 is an unknown value
stack at sp + 2 slots: 0x0000020800000000 is an unknown value
stack at sp + 3 slots: 0x0 is NULL
stack at sp + 4 slots: 0x0000020896855800 points into unknown readable memory: 60 93 b4 f3 fa 7f 00 00
stack at sp + 5 slots: 0x00007ffaf38cab5a jvm.dll
stack at sp + 6 slots: 0x00000208efc21870 points into unknown readable memory: 00 00 00 00 00 00 00 00
stack at sp + 7 slots: 0x000000cb95bffd18 points into unknown readable memory: 00 00 00 00 00 00 00 00


---------------  P R O C E S S  ---------------

Threads class SMR info:
_java_thread_list=0x00000208ffa52400, length=17, elements={
0x00000208ff8a7800, 0x00000208ff8ab000, 0x00000208ff934800, 0x00000208ff935800,
0x00000208ff939800, 0x00000208ff943800, 0x00000208ff864000, 0x00000208ffb61800,
0x00000208904b3000, 0x00000208904a4800, 0x0000020890529000, 0x0000020890a17000,
0x000002089267b800, 0x00000208943a6800, 0x000002089685c000, 0x0000020896856000,
0x0000020896860000
}

Java Threads: ( => current thread )
  0x00000208ff8a7800 JavaThread "Reference Handler" daemon [_thread_blocked, id=14732, stack(0x000000cb96200000,0x000000cb96300000)]
  0x00000208ff8ab000 JavaThread "Finalizer" daemon [_thread_blocked, id=17368, stack(0x000000cb96300000,0x000000cb96400000)]
  0x00000208ff934800 JavaThread "Signal Dispatcher" daemon [_thread_blocked, id=18788, stack(0x000000cb96400000,0x000000cb96500000)]
  0x00000208ff935800 JavaThread "Attach Listener" daemon [_thread_blocked, id=3752, stack(0x000000cb96500000,0x000000cb96600000)]
  0x00000208ff939800 JavaThread "C1 CompilerThread0" daemon [_thread_blocked, id=15688, stack(0x000000cb96600000,0x000000cb96700000)]
  0x00000208ff943800 JavaThread "Sweeper thread" daemon [_thread_blocked, id=1840, stack(0x000000cb96700000,0x000000cb96800000)]
  0x00000208ff864000 JavaThread "Common-Cleaner" daemon [_thread_blocked, id=6456, stack(0x000000cb96800000,0x000000cb96900000)]
  0x00000208ffb61800 JavaThread "Service Thread" daemon [_thread_blocked, id=7348, stack(0x000000cb96900000,0x000000cb96a00000)]
  0x00000208904b3000 JavaThread "RMI TCP Accept-0" daemon [_thread_in_native, id=19976, stack(0x000000cb96c00000,0x000000cb96d00000)]
  0x00000208904a4800 JavaThread "RMI TCP Accept-59328" daemon [_thread_in_native, id=2540, stack(0x000000cb96d00000,0x000000cb96e00000)]
  0x0000020890529000 JavaThread "RMI TCP Accept-0" daemon [_thread_in_native, id=19428, stack(0x000000cb96e00000,0x000000cb96f00000)]
  0x0000020890a17000 JavaThread "RMI Scheduler(0)" daemon [_thread_blocked, id=7288, stack(0x000000cb97400000,0x000000cb97500000)]
  0x000002089267b800 JavaThread "mysql-cj-abandoned-connection-cleanup" daemon [_thread_blocked, id=15536, stack(0x000000cb97200000,0x000000cb97300000)]
  0x00000208943a6800 JavaThread "Live Reload Server" daemon [_thread_in_native, id=14752, stack(0x000000cb98500000,0x000000cb98600000)]
  0x000002089685c000 JavaThread "RMI TCP Connection(2)-127.0.0.1" daemon [_thread_in_native, id=19200, stack(0x000000cb95800000,0x000000cb95900000)]
  0x0000020896856000 JavaThread "RMI TCP Connection(3)-127.0.0.1" daemon [_thread_in_native, id=4308, stack(0x000000cb95900000,0x000000cb95a00000)]
  0x0000020896860000 JavaThread "JMX server connection timeout 264" daemon [_thread_blocked, id=3560, stack(0x000000cb95a00000,0x000000cb95b00000)]

Other Threads:
  0x00000208efc39000 GCTaskThread "GC Thread#0" [stack: 0x000000cb95c00000,0x000000cb95d00000] [id=19400]
  0x000002089047f000 GCTaskThread "GC Thread#1" [stack: 0x000000cb96a00000,0x000000cb96b00000] [id=13192]
  0x0000020890480000 GCTaskThread "GC Thread#2" [stack: 0x000000cb96b00000,0x000000cb96c00000] [id=14056]
  0x0000020890ac3000 GCTaskThread "GC Thread#3" [stack: 0x000000cb97600000,0x000000cb97700000] [id=9324]
  0x0000020890ad8000 GCTaskThread "GC Thread#4" [stack: 0x000000cb97700000,0x000000cb97800000] [id=16008]
  0x0000020890ae4800 GCTaskThread "GC Thread#5" [stack: 0x000000cb97800000,0x000000cb97900000] [id=16468]
  0x0000020890ae5000 GCTaskThread "GC Thread#6" [stack: 0x000000cb97900000,0x000000cb97a00000] [id=2024]
  0x0000020890afe000 GCTaskThread "GC Thread#7" [stack: 0x000000cb97a00000,0x000000cb97b00000] [id=14764]
  0x00000208efc6d000 ConcurrentGCThread "G1 Main Marker" [stack: 0x000000cb95d00000,0x000000cb95e00000] [id=17640]
  0x00000208efc6f800 ConcurrentGCThread "G1 Conc#0" [stack: 0x000000cb95e00000,0x000000cb95f00000] [id=20360]
  0x0000020890bb8000 ConcurrentGCThread "G1 Conc#1" [stack: 0x000000cb97b00000,0x000000cb97c00000] [id=13956]
  0x00000208ff713800 ConcurrentGCThread "G1 Refine#0" [stack: 0x000000cb95f00000,0x000000cb96000000] [id=19820]
  0x00000208ff714000 ConcurrentGCThread "G1 Young RemSet Sampling" [stack: 0x000000cb96000000,0x000000cb96100000] [id=8176]

=>0x0000020896855800 (exited) JavaThread "DestroyJavaVM" [_thread_in_vm, id=8768, stack(0x000000cb95b00000,0x000000cb95c00000)]

Threads with active compile tasks:

VM state:at safepoint (shutting down)

VM Mutex/Monitor currently owned by a thread:  ([mutex/lock_event])
[0x00000208efc1ffb0] Threads_lock - owner thread: 0x00000208ff8d0000

Heap address: 0x0000000081e00000, size: 2018 MB, Compressed Oops mode: 32-bit
Narrow klass base: 0x0000000000000000, Narrow klass shift: 3
Compressed class space size: 1073741824 Address: 0x0000000100000000

Heap:
 garbage-first heap   total 227328K, used 78358K [0x0000000081e00000, 0x0000000100000000)
  region size 1024K, 44 young (45056K), 12 survivors (12288K)
 Metaspace       used 74114K, capacity 76052K, committed 76116K, reserved 1116160K
  class space    used 9679K, capacity 10440K, committed 10444K, reserved 1048576K
Heap Regions: E=young(eden), S=young(survivor), O=old, HS=humongous(starts), HC=humongous(continues), CS=collection set, F=free, A=archive, TAMS=top-at-mark-start (previous, next)
|   0|0x0000000081e00000, 0x0000000081f00000, 0x0000000081f00000|100%|HS|  |TAMS 0x0000000081f00000, 0x0000000081e00000| Complete 
|   1|0x0000000081f00000, 0x0000000082000000, 0x0000000082000000|100%| O|  |TAMS 0x0000000082000000, 0x0000000081f00000| Untracked 
|   2|0x0000000082000000, 0x0000000082100000, 0x0000000082100000|100%| O|  |TAMS 0x0000000082100000, 0x0000000082000000| Untracked 
|   3|0x0000000082100000, 0x0000000082200000, 0x0000000082200000|100%| O|  |TAMS 0x0000000082200000, 0x0000000082100000| Untracked 
|   4|0x0000000082200000, 0x0000000082300000, 0x0000000082300000|100%| O|  |TAMS 0x0000000082300000, 0x0000000082200000| Untracked 
|   5|0x0000000082300000, 0x0000000082400000, 0x0000000082400000|100%| O|  |TAMS 0x0000000082400000, 0x0000000082300000| Untracked 
|   6|0x0000000082400000, 0x0000000082500000, 0x0000000082500000|100%| O|  |TAMS 0x0000000082500000, 0x0000000082400000| Untracked 
|   7|0x0000000082500000, 0x0000000082600000, 0x0000000082600000|100%| O|  |TAMS 0x0000000082600000, 0x0000000082500000| Untracked 
|   8|0x0000000082600000, 0x0000000082700000, 0x0000000082700000|100%| O|  |TAMS 0x0000000082700000, 0x0000000082600000| Untracked 
|   9|0x0000000082700000, 0x0000000082800000, 0x0000000082800000|100%| O|  |TAMS 0x0000000082800000, 0x0000000082700000| Untracked 
|  10|0x0000000082800000, 0x0000000082900000, 0x0000000082900000|100%| O|  |TAMS 0x0000000082900000, 0x0000000082800000| Untracked 
|  11|0x0000000082900000, 0x0000000082a00000, 0x0000000082a00000|100%| O|  |TAMS 0x0000000082a00000, 0x0000000082900000| Untracked 
|  12|0x0000000082a00000, 0x0000000082b00000, 0x0000000082b00000|100%| O|  |TAMS 0x0000000082b00000, 0x0000000082a00000| Untracked 
|  13|0x0000000082b00000, 0x0000000082c00000, 0x0000000082c00000|100%| O|  |TAMS 0x0000000082c00000, 0x0000000082b00000| Untracked 
|  14|0x0000000082c00000, 0x0000000082d00000, 0x0000000082d00000|100%| O|  |TAMS 0x0000000082d00000, 0x0000000082c00000| Untracked 
|  15|0x0000000082d00000, 0x0000000082e00000, 0x0000000082e00000|100%| O|  |TAMS 0x0000000082e00000, 0x0000000082d00000| Untracked 
|  16|0x0000000082e00000, 0x0000000082f00000, 0x0000000082f00000|100%| O|  |TAMS 0x0000000082f00000, 0x0000000082e00000| Untracked 
|  17|0x0000000082f00000, 0x0000000083000000, 0x0000000083000000|100%| O|  |TAMS 0x0000000083000000, 0x0000000082f00000| Untracked 
|  18|0x0000000083000000, 0x0000000083100000, 0x0000000083100000|100%| O|  |TAMS 0x0000000083100000, 0x0000000083000000| Untracked 
|  19|0x0000000083100000, 0x0000000083200000, 0x0000000083200000|100%| O|  |TAMS 0x0000000083200000, 0x0000000083100000| Untracked 
|  20|0x0000000083200000, 0x0000000083300000, 0x0000000083300000|100%| O|  |TAMS 0x0000000083300000, 0x0000000083200000| Untracked 
|  21|0x0000000083300000, 0x0000000083400000, 0x0000000083400000|100%| O|  |TAMS 0x0000000083400000, 0x0000000083300000| Untracked 
|  22|0x0000000083400000, 0x0000000083500000, 0x0000000083500000|100%| O|  |TAMS 0x0000000083500000, 0x0000000083400000| Untracked 
|  23|0x0000000083500000, 0x0000000083600000, 0x0000000083600000|100%| O|  |TAMS 0x0000000083600000, 0x0000000083500000| Untracked 
|  24|0x0000000083600000, 0x0000000083700000, 0x0000000083700000|100%| O|  |TAMS 0x0000000083700000, 0x0000000083600000| Untracked 
|  25|0x0000000083700000, 0x0000000083800000, 0x0000000083800000|100%| O|  |TAMS 0x0000000083800000, 0x0000000083700000| Untracked 
|  26|0x0000000083800000, 0x0000000083900000, 0x0000000083900000|100%| O|  |TAMS 0x0000000083900000, 0x0000000083800000| Untracked 
|  27|0x0000000083900000, 0x0000000083a00000, 0x0000000083a00000|100%| O|  |TAMS 0x0000000083a00000, 0x0000000083900000| Untracked 
|  28|0x0000000083a00000, 0x0000000083b00000, 0x0000000083b00000|100%| O|  |TAMS 0x0000000083b00000, 0x0000000083a00000| Untracked 
|  29|0x0000000083b00000, 0x0000000083c00000, 0x0000000083c00000|100%| O|  |TAMS 0x0000000083c00000, 0x0000000083b00000| Untracked 
|  30|0x0000000083c00000, 0x0000000083d00000, 0x0000000083d00000|100%| O|  |TAMS 0x0000000083d00000, 0x0000000083c00000| Untracked 
|  31|0x0000000083d00000, 0x0000000083e00000, 0x0000000083e00000|100%| O|  |TAMS 0x0000000083e00000, 0x0000000083d00000| Untracked 
|  32|0x0000000083e00000, 0x0000000083f00000, 0x0000000083f00000|100%| O|  |TAMS 0x0000000083f00000, 0x0000000083e00000| Untracked 
|  33|0x0000000083f00000, 0x0000000083fc4c00, 0x0000000084000000| 76%| O|  |TAMS 0x0000000083fc4c00, 0x0000000083f00000| Untracked 
|  34|0x0000000084000000, 0x0000000084000000, 0x0000000084100000|  0%| F|  |TAMS 0x0000000084000000, 0x0000000084000000| Untracked 
|  35|0x0000000084100000, 0x0000000084100000, 0x0000000084200000|  0%| F|  |TAMS 0x0000000084100000, 0x0000000084100000| Untracked 
|  36|0x0000000084200000, 0x0000000084200000, 0x0000000084300000|  0%| F|  |TAMS 0x0000000084200000, 0x0000000084200000| Untracked 
|  37|0x0000000084300000, 0x0000000084300000, 0x0000000084400000|  0%| F|  |TAMS 0x0000000084300000, 0x0000000084300000| Untracked 
|  38|0x0000000084400000, 0x0000000084400000, 0x0000000084500000|  0%| F|  |TAMS 0x0000000084400000, 0x0000000084400000| Untracked 
|  39|0x0000000084500000, 0x0000000084500000, 0x0000000084600000|  0%| F|  |TAMS 0x0000000084500000, 0x0000000084500000| Untracked 
|  40|0x0000000084600000, 0x0000000084600000, 0x0000000084700000|  0%| F|  |TAMS 0x0000000084600000, 0x0000000084600000| Untracked 
|  41|0x0000000084700000, 0x0000000084700000, 0x0000000084800000|  0%| F|  |TAMS 0x0000000084700000, 0x0000000084700000| Untracked 
|  42|0x0000000084800000, 0x0000000084800000, 0x0000000084900000|  0%| F|  |TAMS 0x0000000084800000, 0x0000000084800000| Untracked 
|  43|0x0000000084900000, 0x0000000084900000, 0x0000000084a00000|  0%| F|  |TAMS 0x0000000084900000, 0x0000000084900000| Untracked 
|  44|0x0000000084a00000, 0x0000000084a00000, 0x0000000084b00000|  0%| F|  |TAMS 0x0000000084a00000, 0x0000000084a00000| Untracked 
|  45|0x0000000084b00000, 0x0000000084b00000, 0x0000000084c00000|  0%| F|  |TAMS 0x0000000084b00000, 0x0000000084b00000| Untracked 
|  46|0x0000000084c00000, 0x0000000084c00000, 0x0000000084d00000|  0%| F|  |TAMS 0x0000000084c00000, 0x0000000084c00000| Untracked 
|  47|0x0000000084d00000, 0x0000000084d00000, 0x0000000084e00000|  0%| F|  |TAMS 0x0000000084d00000, 0x0000000084d00000| Untracked 
|  48|0x0000000084e00000, 0x0000000084e00000, 0x0000000084f00000|  0%| F|  |TAMS 0x0000000084e00000, 0x0000000084e00000| Untracked 
|  49|0x0000000084f00000, 0x0000000084f00000, 0x0000000085000000|  0%| F|  |TAMS 0x0000000084f00000, 0x0000000084f00000| Untracked 
|  50|0x0000000085000000, 0x0000000085000000, 0x0000000085100000|  0%| F|  |TAMS 0x0000000085000000, 0x0000000085000000| Untracked 
|  51|0x0000000085100000, 0x0000000085100000, 0x0000000085200000|  0%| F|  |TAMS 0x0000000085100000, 0x0000000085100000| Untracked 
|  52|0x0000000085200000, 0x0000000085200000, 0x0000000085300000|  0%| F|  |TAMS 0x0000000085200000, 0x0000000085200000| Untracked 
|  53|0x0000000085300000, 0x0000000085300000, 0x0000000085400000|  0%| F|  |TAMS 0x0000000085300000, 0x0000000085300000| Untracked 
|  54|0x0000000085400000, 0x0000000085400000, 0x0000000085500000|  0%| F|  |TAMS 0x0000000085400000, 0x0000000085400000| Untracked 
|  55|0x0000000085500000, 0x0000000085500000, 0x0000000085600000|  0%| F|  |TAMS 0x0000000085500000, 0x0000000085500000| Untracked 
|  56|0x0000000085600000, 0x0000000085600000, 0x0000000085700000|  0%| F|  |TAMS 0x0000000085600000, 0x0000000085600000| Untracked 
|  57|0x0000000085700000, 0x0000000085700000, 0x0000000085800000|  0%| F|  |TAMS 0x0000000085700000, 0x0000000085700000| Untracked 
|  58|0x0000000085800000, 0x0000000085800000, 0x0000000085900000|  0%| F|  |TAMS 0x0000000085800000, 0x0000000085800000| Untracked 
|  59|0x0000000085900000, 0x0000000085900000, 0x0000000085a00000|  0%| F|  |TAMS 0x0000000085900000, 0x0000000085900000| Untracked 
|  60|0x0000000085a00000, 0x0000000085a00000, 0x0000000085b00000|  0%| F|  |TAMS 0x0000000085a00000, 0x0000000085a00000| Untracked 
|  61|0x0000000085b00000, 0x0000000085b00000, 0x0000000085c00000|  0%| F|  |TAMS 0x0000000085b00000, 0x0000000085b00000| Untracked 
|  62|0x0000000085c00000, 0x0000000085c00000, 0x0000000085d00000|  0%| F|  |TAMS 0x0000000085c00000, 0x0000000085c00000| Untracked 
|  63|0x0000000085d00000, 0x0000000085d00000, 0x0000000085e00000|  0%| F|  |TAMS 0x0000000085d00000, 0x0000000085d00000| Untracked 
|  64|0x0000000085e00000, 0x0000000085e00000, 0x0000000085f00000|  0%| F|  |TAMS 0x0000000085e00000, 0x0000000085e00000| Untracked 
|  65|0x0000000085f00000, 0x0000000085f00000, 0x0000000086000000|  0%| F|  |TAMS 0x0000000085f00000, 0x0000000085f00000| Untracked 
|  66|0x0000000086000000, 0x0000000086000000, 0x0000000086100000|  0%| F|  |TAMS 0x0000000086000000, 0x0000000086000000| Untracked 
|  67|0x0000000086100000, 0x0000000086100000, 0x0000000086200000|  0%| F|  |TAMS 0x0000000086100000, 0x0000000086100000| Untracked 
|  68|0x0000000086200000, 0x0000000086200000, 0x0000000086300000|  0%| F|  |TAMS 0x0000000086200000, 0x0000000086200000| Untracked 
|  69|0x0000000086300000, 0x0000000086300000, 0x0000000086400000|  0%| F|  |TAMS 0x0000000086300000, 0x0000000086300000| Untracked 
|  70|0x0000000086400000, 0x0000000086400000, 0x0000000086500000|  0%| F|  |TAMS 0x0000000086400000, 0x0000000086400000| Untracked 
|  71|0x0000000086500000, 0x0000000086500000, 0x0000000086600000|  0%| F|  |TAMS 0x0000000086500000, 0x0000000086500000| Untracked 
|  72|0x0000000086600000, 0x0000000086600000, 0x0000000086700000|  0%| F|  |TAMS 0x0000000086600000, 0x0000000086600000| Untracked 
|  73|0x0000000086700000, 0x0000000086700000, 0x0000000086800000|  0%| F|  |TAMS 0x0000000086700000, 0x0000000086700000| Untracked 
|  74|0x0000000086800000, 0x0000000086800000, 0x0000000086900000|  0%| F|  |TAMS 0x0000000086800000, 0x0000000086800000| Untracked 
|  75|0x0000000086900000, 0x0000000086900000, 0x0000000086a00000|  0%| F|  |TAMS 0x0000000086900000, 0x0000000086900000| Untracked 
|  76|0x0000000086a00000, 0x0000000086a00000, 0x0000000086b00000|  0%| F|  |TAMS 0x0000000086a00000, 0x0000000086a00000| Untracked 
|  77|0x0000000086b00000, 0x0000000086b00000, 0x0000000086c00000|  0%| F|  |TAMS 0x0000000086b00000, 0x0000000086b00000| Untracked 
|  78|0x0000000086c00000, 0x0000000086c00000, 0x0000000086d00000|  0%| F|  |TAMS 0x0000000086c00000, 0x0000000086c00000| Untracked 
|  79|0x0000000086d00000, 0x0000000086d00000, 0x0000000086e00000|  0%| F|  |TAMS 0x0000000086d00000, 0x0000000086d00000| Untracked 
|  80|0x0000000086e00000, 0x0000000086e00000, 0x0000000086f00000|  0%| F|  |TAMS 0x0000000086e00000, 0x0000000086e00000| Untracked 
|  81|0x0000000086f00000, 0x0000000086f00000, 0x0000000087000000|  0%| F|  |TAMS 0x0000000086f00000, 0x0000000086f00000| Untracked 
|  82|0x0000000087000000, 0x0000000087000000, 0x0000000087100000|  0%| F|  |TAMS 0x0000000087000000, 0x0000000087000000| Untracked 
|  83|0x0000000087100000, 0x0000000087100000, 0x0000000087200000|  0%| F|  |TAMS 0x0000000087100000, 0x0000000087100000| Untracked 
|  84|0x0000000087200000, 0x0000000087200000, 0x0000000087300000|  0%| F|  |TAMS 0x0000000087200000, 0x0000000087200000| Untracked 
|  85|0x0000000087300000, 0x0000000087300000, 0x0000000087400000|  0%| F|  |TAMS 0x0000000087300000, 0x0000000087300000| Untracked 
|  86|0x0000000087400000, 0x0000000087400000, 0x0000000087500000|  0%| F|  |TAMS 0x0000000087400000, 0x0000000087400000| Untracked 
|  87|0x0000000087500000, 0x0000000087500000, 0x0000000087600000|  0%| F|  |TAMS 0x0000000087500000, 0x0000000087500000| Untracked 
|  88|0x0000000087600000, 0x0000000087600000, 0x0000000087700000|  0%| F|  |TAMS 0x0000000087600000, 0x0000000087600000| Untracked 
|  89|0x0000000087700000, 0x0000000087700000, 0x0000000087800000|  0%| F|  |TAMS 0x0000000087700000, 0x0000000087700000| Untracked 
|  90|0x0000000087800000, 0x0000000087800000, 0x0000000087900000|  0%| F|  |TAMS 0x0000000087800000, 0x0000000087800000| Untracked 
|  91|0x0000000087900000, 0x0000000087900000, 0x0000000087a00000|  0%| F|  |TAMS 0x0000000087900000, 0x0000000087900000| Untracked 
|  92|0x0000000087a00000, 0x0000000087a00000, 0x0000000087b00000|  0%| F|  |TAMS 0x0000000087a00000, 0x0000000087a00000| Untracked 
|  93|0x0000000087b00000, 0x0000000087b00000, 0x0000000087c00000|  0%| F|  |TAMS 0x0000000087b00000, 0x0000000087b00000| Untracked 
|  94|0x0000000087c00000, 0x0000000087c00000, 0x0000000087d00000|  0%| F|  |TAMS 0x0000000087c00000, 0x0000000087c00000| Untracked 
|  95|0x0000000087d00000, 0x0000000087d00000, 0x0000000087e00000|  0%| F|  |TAMS 0x0000000087d00000, 0x0000000087d00000| Untracked 
|  96|0x0000000087e00000, 0x0000000087e00000, 0x0000000087f00000|  0%| F|  |TAMS 0x0000000087e00000, 0x0000000087e00000| Untracked 
|  97|0x0000000087f00000, 0x0000000087f00000, 0x0000000088000000|  0%| F|  |TAMS 0x0000000087f00000, 0x0000000087f00000| Untracked 
|  98|0x0000000088000000, 0x0000000088000000, 0x0000000088100000|  0%| F|  |TAMS 0x0000000088000000, 0x0000000088000000| Untracked 
|  99|0x0000000088100000, 0x0000000088100000, 0x0000000088200000|  0%| F|  |TAMS 0x0000000088100000, 0x0000000088100000| Untracked 
| 100|0x0000000088200000, 0x0000000088200000, 0x0000000088300000|  0%| F|  |TAMS 0x0000000088200000, 0x0000000088200000| Untracked 
| 101|0x0000000088300000, 0x0000000088300000, 0x0000000088400000|  0%| F|  |TAMS 0x0000000088300000, 0x0000000088300000| Untracked 
| 102|0x0000000088400000, 0x0000000088400000, 0x0000000088500000|  0%| F|  |TAMS 0x0000000088400000, 0x0000000088400000| Untracked 
| 103|0x0000000088500000, 0x00000000885c0ee0, 0x0000000088600000| 75%| S|CS|TAMS 0x0000000088500000, 0x0000000088500000| Complete 
| 104|0x0000000088600000, 0x0000000088700000, 0x0000000088700000|100%| S|CS|TAMS 0x0000000088600000, 0x0000000088600000| Complete 
| 105|0x0000000088700000, 0x0000000088800000, 0x0000000088800000|100%| S|CS|TAMS 0x0000000088700000, 0x0000000088700000| Complete 
| 106|0x0000000088800000, 0x0000000088900000, 0x0000000088900000|100%| S|CS|TAMS 0x0000000088800000, 0x0000000088800000| Complete 
| 107|0x0000000088900000, 0x0000000088a00000, 0x0000000088a00000|100%| S|CS|TAMS 0x0000000088900000, 0x0000000088900000| Complete 
| 108|0x0000000088a00000, 0x0000000088b00000, 0x0000000088b00000|100%| S|CS|TAMS 0x0000000088a00000, 0x0000000088a00000| Complete 
| 109|0x0000000088b00000, 0x0000000088c00000, 0x0000000088c00000|100%| S|CS|TAMS 0x0000000088b00000, 0x0000000088b00000| Complete 
| 110|0x0000000088c00000, 0x0000000088d00000, 0x0000000088d00000|100%| S|CS|TAMS 0x0000000088c00000, 0x0000000088c00000| Complete 
| 111|0x0000000088d00000, 0x0000000088e00000, 0x0000000088e00000|100%| S|CS|TAMS 0x0000000088d00000, 0x0000000088d00000| Complete 
| 112|0x0000000088e00000, 0x0000000088f00000, 0x0000000088f00000|100%| S|CS|TAMS 0x0000000088e00000, 0x0000000088e00000| Complete 
| 113|0x0000000088f00000, 0x0000000089000000, 0x0000000089000000|100%| S|CS|TAMS 0x0000000088f00000, 0x0000000088f00000| Complete 
| 114|0x0000000089000000, 0x0000000089100000, 0x0000000089100000|100%| S|CS|TAMS 0x0000000089000000, 0x0000000089000000| Complete 
| 115|0x0000000089100000, 0x0000000089100000, 0x0000000089200000|  0%| F|  |TAMS 0x0000000089100000, 0x0000000089100000| Untracked 
| 116|0x0000000089200000, 0x0000000089200000, 0x0000000089300000|  0%| F|  |TAMS 0x0000000089200000, 0x0000000089200000| Untracked 
| 117|0x0000000089300000, 0x0000000089300000, 0x0000000089400000|  0%| F|  |TAMS 0x0000000089300000, 0x0000000089300000| Untracked 
| 118|0x0000000089400000, 0x0000000089400000, 0x0000000089500000|  0%| F|  |TAMS 0x0000000089400000, 0x0000000089400000| Untracked 
| 119|0x0000000089500000, 0x0000000089500000, 0x0000000089600000|  0%| F|  |TAMS 0x0000000089500000, 0x0000000089500000| Untracked 
| 120|0x0000000089600000, 0x0000000089600000, 0x0000000089700000|  0%| F|  |TAMS 0x0000000089600000, 0x0000000089600000| Untracked 
| 121|0x0000000089700000, 0x0000000089700000, 0x0000000089800000|  0%| F|  |TAMS 0x0000000089700000, 0x0000000089700000| Untracked 
| 122|0x0000000089800000, 0x0000000089800000, 0x0000000089900000|  0%| F|  |TAMS 0x0000000089800000, 0x0000000089800000| Untracked 
| 123|0x0000000089900000, 0x0000000089900000, 0x0000000089a00000|  0%| F|  |TAMS 0x0000000089900000, 0x0000000089900000| Untracked 
| 124|0x0000000089a00000, 0x0000000089a00000, 0x0000000089b00000|  0%| F|  |TAMS 0x0000000089a00000, 0x0000000089a00000| Untracked 
| 125|0x0000000089b00000, 0x0000000089b00000, 0x0000000089c00000|  0%| F|  |TAMS 0x0000000089b00000, 0x0000000089b00000| Untracked 
| 126|0x0000000089c00000, 0x0000000089c00000, 0x0000000089d00000|  0%| F|  |TAMS 0x0000000089c00000, 0x0000000089c00000| Untracked 
| 127|0x0000000089d00000, 0x0000000089d00000, 0x0000000089e00000|  0%| F|  |TAMS 0x0000000089d00000, 0x0000000089d00000| Untracked 
| 128|0x0000000089e00000, 0x0000000089e00000, 0x0000000089f00000|  0%| F|  |TAMS 0x0000000089e00000, 0x0000000089e00000| Untracked 
| 129|0x0000000089f00000, 0x0000000089f00000, 0x000000008a000000|  0%| F|  |TAMS 0x0000000089f00000, 0x0000000089f00000| Untracked 
| 130|0x000000008a000000, 0x000000008a000000, 0x000000008a100000|  0%| F|  |TAMS 0x000000008a000000, 0x000000008a000000| Untracked 
| 131|0x000000008a100000, 0x000000008a100000, 0x000000008a200000|  0%| F|  |TAMS 0x000000008a100000, 0x000000008a100000| Untracked 
| 132|0x000000008a200000, 0x000000008a200000, 0x000000008a300000|  0%| F|  |TAMS 0x000000008a200000, 0x000000008a200000| Untracked 
| 133|0x000000008a300000, 0x000000008a300000, 0x000000008a400000|  0%| F|  |TAMS 0x000000008a300000, 0x000000008a300000| Untracked 
| 134|0x000000008a400000, 0x000000008a400000, 0x000000008a500000|  0%| F|  |TAMS 0x000000008a400000, 0x000000008a400000| Untracked 
| 135|0x000000008a500000, 0x000000008a500000, 0x000000008a600000|  0%| F|  |TAMS 0x000000008a500000, 0x000000008a500000| Untracked 
| 136|0x000000008a600000, 0x000000008a600000, 0x000000008a700000|  0%| F|  |TAMS 0x000000008a600000, 0x000000008a600000| Untracked 
| 137|0x000000008a700000, 0x000000008a700000, 0x000000008a800000|  0%| F|  |TAMS 0x000000008a700000, 0x000000008a700000| Untracked 
| 138|0x000000008a800000, 0x000000008a800000, 0x000000008a900000|  0%| F|  |TAMS 0x000000008a800000, 0x000000008a800000| Untracked 
| 139|0x000000008a900000, 0x000000008a900000, 0x000000008aa00000|  0%| F|  |TAMS 0x000000008a900000, 0x000000008a900000| Untracked 
| 140|0x000000008aa00000, 0x000000008aa00000, 0x000000008ab00000|  0%| F|  |TAMS 0x000000008aa00000, 0x000000008aa00000| Untracked 
| 141|0x000000008ab00000, 0x000000008ab00000, 0x000000008ac00000|  0%| F|  |TAMS 0x000000008ab00000, 0x000000008ab00000| Untracked 
| 142|0x000000008ac00000, 0x000000008ac00000, 0x000000008ad00000|  0%| F|  |TAMS 0x000000008ac00000, 0x000000008ac00000| Untracked 
| 143|0x000000008ad00000, 0x000000008ad00000, 0x000000008ae00000|  0%| F|  |TAMS 0x000000008ad00000, 0x000000008ad00000| Untracked 
| 144|0x000000008ae00000, 0x000000008ae00000, 0x000000008af00000|  0%| F|  |TAMS 0x000000008ae00000, 0x000000008ae00000| Untracked 
| 145|0x000000008af00000, 0x000000008af00000, 0x000000008b000000|  0%| F|  |TAMS 0x000000008af00000, 0x000000008af00000| Untracked 
| 146|0x000000008b000000, 0x000000008b000000, 0x000000008b100000|  0%| F|  |TAMS 0x000000008b000000, 0x000000008b000000| Untracked 
| 147|0x000000008b100000, 0x000000008b100000, 0x000000008b200000|  0%| F|  |TAMS 0x000000008b100000, 0x000000008b100000| Untracked 
| 148|0x000000008b200000, 0x000000008b200000, 0x000000008b300000|  0%| F|  |TAMS 0x000000008b200000, 0x000000008b200000| Untracked 
| 149|0x000000008b300000, 0x000000008b300000, 0x000000008b400000|  0%| F|  |TAMS 0x000000008b300000, 0x000000008b300000| Untracked 
| 150|0x000000008b400000, 0x000000008b400000, 0x000000008b500000|  0%| F|  |TAMS 0x000000008b400000, 0x000000008b400000| Untracked 
| 151|0x000000008b500000, 0x000000008b500000, 0x000000008b600000|  0%| F|  |TAMS 0x000000008b500000, 0x000000008b500000| Untracked 
| 152|0x000000008b600000, 0x000000008b600000, 0x000000008b700000|  0%| F|  |TAMS 0x000000008b600000, 0x000000008b600000| Untracked 
| 153|0x000000008b700000, 0x000000008b700000, 0x000000008b800000|  0%| F|  |TAMS 0x000000008b700000, 0x000000008b700000| Untracked 
| 154|0x000000008b800000, 0x000000008b800000, 0x000000008b900000|  0%| F|  |TAMS 0x000000008b800000, 0x000000008b800000| Untracked 
| 155|0x000000008b900000, 0x000000008b900000, 0x000000008ba00000|  0%| F|  |TAMS 0x000000008b900000, 0x000000008b900000| Untracked 
| 156|0x000000008ba00000, 0x000000008ba00000, 0x000000008bb00000|  0%| F|  |TAMS 0x000000008ba00000, 0x000000008ba00000| Untracked 
| 157|0x000000008bb00000, 0x000000008bb00000, 0x000000008bc00000|  0%| F|  |TAMS 0x000000008bb00000, 0x000000008bb00000| Untracked 
| 158|0x000000008bc00000, 0x000000008bc00000, 0x000000008bd00000|  0%| F|  |TAMS 0x000000008bc00000, 0x000000008bc00000| Untracked 
| 159|0x000000008bd00000, 0x000000008bd00000, 0x000000008be00000|  0%| F|  |TAMS 0x000000008bd00000, 0x000000008bd00000| Untracked 
| 160|0x000000008be00000, 0x000000008be00000, 0x000000008bf00000|  0%| F|  |TAMS 0x000000008be00000, 0x000000008be00000| Untracked 
| 161|0x000000008bf00000, 0x000000008bf00000, 0x000000008c000000|  0%| F|  |TAMS 0x000000008bf00000, 0x000000008bf00000| Untracked 
| 162|0x000000008c000000, 0x000000008c000000, 0x000000008c100000|  0%| F|  |TAMS 0x000000008c000000, 0x000000008c000000| Untracked 
| 163|0x000000008c100000, 0x000000008c100000, 0x000000008c200000|  0%| F|  |TAMS 0x000000008c100000, 0x000000008c100000| Untracked 
| 164|0x000000008c200000, 0x000000008c200000, 0x000000008c300000|  0%| F|  |TAMS 0x000000008c200000, 0x000000008c200000| Untracked 
| 165|0x000000008c300000, 0x000000008c300000, 0x000000008c400000|  0%| F|  |TAMS 0x000000008c300000, 0x000000008c300000| Untracked 
| 166|0x000000008c400000, 0x000000008c400000, 0x000000008c500000|  0%| F|  |TAMS 0x000000008c400000, 0x000000008c400000| Untracked 
| 167|0x000000008c500000, 0x000000008c500000, 0x000000008c600000|  0%| F|  |TAMS 0x000000008c500000, 0x000000008c500000| Untracked 
| 168|0x000000008c600000, 0x000000008c600000, 0x000000008c700000|  0%| F|  |TAMS 0x000000008c600000, 0x000000008c600000| Untracked 
| 169|0x000000008c700000, 0x000000008c700000, 0x000000008c800000|  0%| F|  |TAMS 0x000000008c700000, 0x000000008c700000| Untracked 
| 170|0x000000008c800000, 0x000000008c800000, 0x000000008c900000|  0%| F|  |TAMS 0x000000008c800000, 0x000000008c800000| Untracked 
| 171|0x000000008c900000, 0x000000008c900000, 0x000000008ca00000|  0%| F|  |TAMS 0x000000008c900000, 0x000000008c900000| Untracked 
| 172|0x000000008ca00000, 0x000000008ca00000, 0x000000008cb00000|  0%| F|  |TAMS 0x000000008ca00000, 0x000000008ca00000| Untracked 
| 173|0x000000008cb00000, 0x000000008cb00000, 0x000000008cc00000|  0%| F|  |TAMS 0x000000008cb00000, 0x000000008cb00000| Untracked 
| 174|0x000000008cc00000, 0x000000008cc00000, 0x000000008cd00000|  0%| F|  |TAMS 0x000000008cc00000, 0x000000008cc00000| Untracked 
| 175|0x000000008cd00000, 0x000000008cd00000, 0x000000008ce00000|  0%| F|  |TAMS 0x000000008cd00000, 0x000000008cd00000| Untracked 
| 176|0x000000008ce00000, 0x000000008ce00000, 0x000000008cf00000|  0%| F|  |TAMS 0x000000008ce00000, 0x000000008ce00000| Untracked 
| 177|0x000000008cf00000, 0x000000008cf00000, 0x000000008d000000|  0%| F|  |TAMS 0x000000008cf00000, 0x000000008cf00000| Untracked 
| 178|0x000000008d000000, 0x000000008d000000, 0x000000008d100000|  0%| F|  |TAMS 0x000000008d000000, 0x000000008d000000| Untracked 
| 179|0x000000008d100000, 0x000000008d100000, 0x000000008d200000|  0%| F|  |TAMS 0x000000008d100000, 0x000000008d100000| Untracked 
| 180|0x000000008d200000, 0x000000008d200000, 0x000000008d300000|  0%| F|  |TAMS 0x000000008d200000, 0x000000008d200000| Untracked 
| 181|0x000000008d300000, 0x000000008d300000, 0x000000008d400000|  0%| F|  |TAMS 0x000000008d300000, 0x000000008d300000| Untracked 
| 182|0x000000008d400000, 0x000000008d400000, 0x000000008d500000|  0%| F|  |TAMS 0x000000008d400000, 0x000000008d400000| Untracked 
| 183|0x000000008d500000, 0x000000008d500000, 0x000000008d600000|  0%| F|  |TAMS 0x000000008d500000, 0x000000008d500000| Untracked 
| 184|0x000000008d600000, 0x000000008d600000, 0x000000008d700000|  0%| F|  |TAMS 0x000000008d600000, 0x000000008d600000| Untracked 
| 185|0x000000008d700000, 0x000000008d700000, 0x000000008d800000|  0%| F|  |TAMS 0x000000008d700000, 0x000000008d700000| Untracked 
| 186|0x000000008d800000, 0x000000008d800000, 0x000000008d900000|  0%| F|  |TAMS 0x000000008d800000, 0x000000008d800000| Untracked 
| 187|0x000000008d900000, 0x000000008d900000, 0x000000008da00000|  0%| F|  |TAMS 0x000000008d900000, 0x000000008d900000| Untracked 
| 188|0x000000008da00000, 0x000000008da00000, 0x000000008db00000|  0%| F|  |TAMS 0x000000008da00000, 0x000000008da00000| Untracked 
| 189|0x000000008db00000, 0x000000008db00000, 0x000000008dc00000|  0%| F|  |TAMS 0x000000008db00000, 0x000000008db00000| Untracked 
| 190|0x000000008dc00000, 0x000000008dc6c828, 0x000000008dd00000| 42%| E|  |TAMS 0x000000008dc00000, 0x000000008dc00000| Complete 
| 191|0x000000008dd00000, 0x000000008de00000, 0x000000008de00000|100%| E|CS|TAMS 0x000000008dd00000, 0x000000008dd00000| Complete 
| 192|0x000000008de00000, 0x000000008df00000, 0x000000008df00000|100%| E|CS|TAMS 0x000000008de00000, 0x000000008de00000| Complete 
| 193|0x000000008df00000, 0x000000008e000000, 0x000000008e000000|100%| E|CS|TAMS 0x000000008df00000, 0x000000008df00000| Complete 
| 194|0x000000008e000000, 0x000000008e100000, 0x000000008e100000|100%| E|CS|TAMS 0x000000008e000000, 0x000000008e000000| Complete 
| 195|0x000000008e100000, 0x000000008e200000, 0x000000008e200000|100%| E|CS|TAMS 0x000000008e100000, 0x000000008e100000| Complete 
| 196|0x000000008e200000, 0x000000008e300000, 0x000000008e300000|100%| E|CS|TAMS 0x000000008e200000, 0x000000008e200000| Complete 
| 197|0x000000008e300000, 0x000000008e400000, 0x000000008e400000|100%| E|CS|TAMS 0x000000008e300000, 0x000000008e300000| Complete 
| 198|0x000000008e400000, 0x000000008e500000, 0x000000008e500000|100%| E|CS|TAMS 0x000000008e400000, 0x000000008e400000| Complete 
| 199|0x000000008e500000, 0x000000008e600000, 0x000000008e600000|100%| E|CS|TAMS 0x000000008e500000, 0x000000008e500000| Complete 
| 200|0x000000008e600000, 0x000000008e700000, 0x000000008e700000|100%| E|CS|TAMS 0x000000008e600000, 0x000000008e600000| Complete 
| 201|0x000000008e700000, 0x000000008e800000, 0x000000008e800000|100%| E|CS|TAMS 0x000000008e700000, 0x000000008e700000| Complete 
| 202|0x000000008e800000, 0x000000008e900000, 0x000000008e900000|100%| E|CS|TAMS 0x000000008e800000, 0x000000008e800000| Complete 
| 203|0x000000008e900000, 0x000000008ea00000, 0x000000008ea00000|100%| E|CS|TAMS 0x000000008e900000, 0x000000008e900000| Complete 
| 204|0x000000008ea00000, 0x000000008eb00000, 0x000000008eb00000|100%| E|CS|TAMS 0x000000008ea00000, 0x000000008ea00000| Complete 
| 205|0x000000008eb00000, 0x000000008ec00000, 0x000000008ec00000|100%| E|CS|TAMS 0x000000008eb00000, 0x000000008eb00000| Complete 
| 206|0x000000008ec00000, 0x000000008ed00000, 0x000000008ed00000|100%| E|CS|TAMS 0x000000008ec00000, 0x000000008ec00000| Complete 
| 207|0x000000008ed00000, 0x000000008ee00000, 0x000000008ee00000|100%| E|CS|TAMS 0x000000008ed00000, 0x000000008ed00000| Complete 
| 208|0x000000008ee00000, 0x000000008ef00000, 0x000000008ef00000|100%| E|CS|TAMS 0x000000008ee00000, 0x000000008ee00000| Complete 
| 209|0x000000008ef00000, 0x000000008f000000, 0x000000008f000000|100%| E|CS|TAMS 0x000000008ef00000, 0x000000008ef00000| Complete 
| 210|0x000000008f000000, 0x000000008f100000, 0x000000008f100000|100%| E|CS|TAMS 0x000000008f000000, 0x000000008f000000| Complete 
| 211|0x000000008f100000, 0x000000008f200000, 0x000000008f200000|100%| E|CS|TAMS 0x000000008f100000, 0x000000008f100000| Complete 
| 212|0x000000008f200000, 0x000000008f300000, 0x000000008f300000|100%| E|CS|TAMS 0x000000008f200000, 0x000000008f200000| Complete 
| 213|0x000000008f300000, 0x000000008f400000, 0x000000008f400000|100%| E|CS|TAMS 0x000000008f300000, 0x000000008f300000| Complete 
| 214|0x000000008f400000, 0x000000008f500000, 0x000000008f500000|100%| E|CS|TAMS 0x000000008f400000, 0x000000008f400000| Complete 
| 215|0x000000008f500000, 0x000000008f600000, 0x000000008f600000|100%| E|CS|TAMS 0x000000008f500000, 0x000000008f500000| Complete 
| 216|0x000000008f600000, 0x000000008f700000, 0x000000008f700000|100%| E|CS|TAMS 0x000000008f600000, 0x000000008f600000| Complete 
| 217|0x000000008f700000, 0x000000008f800000, 0x000000008f800000|100%| E|CS|TAMS 0x000000008f700000, 0x000000008f700000| Complete 
| 218|0x000000008f800000, 0x000000008f900000, 0x000000008f900000|100%| E|CS|TAMS 0x000000008f800000, 0x000000008f800000| Complete 
| 219|0x000000008f900000, 0x000000008fa00000, 0x000000008fa00000|100%| E|CS|TAMS 0x000000008f900000, 0x000000008f900000| Complete 
| 220|0x000000008fa00000, 0x000000008fb00000, 0x000000008fb00000|100%| E|CS|TAMS 0x000000008fa00000, 0x000000008fa00000| Complete 
| 221|0x000000008fb00000, 0x000000008fc00000, 0x000000008fc00000|100%| E|CS|TAMS 0x000000008fb00000, 0x000000008fb00000| Complete 

Card table byte_map: [0x00000208f8740000,0x00000208f8b40000] _byte_map_base: 0x00000208f8331000

Marking Bits (Prev, Next): (CMBitMap*) 0x00000208efc63378, (CMBitMap*) 0x00000208efc633b0
 Prev Bits: [0x00000208f8f40000, 0x00000208faec8000)
 Next Bits: [0x00000208faed0000, 0x00000208fce58000)

Polling page: 0x00000208eda80000

Metaspace:

Usage:
  Non-class:     64.07 MB capacity,    62.92 MB ( 98%) used,   936.05 KB (  1%) free+waste,   241.81 KB ( <1%) overhead. 
      Class:     10.20 MB capacity,     9.45 MB ( 93%) used,   644.07 KB (  6%) free+waste,   115.94 KB (  1%) overhead. 
       Both:     74.27 MB capacity,    72.38 MB ( 97%) used,     1.54 MB (  2%) free+waste,   357.75 KB ( <1%) overhead. 

Virtual space:
  Non-class space:       66.00 MB reserved,      64.13 MB ( 97%) committed 
      Class space:        1.00 GB reserved,      10.20 MB ( <1%) committed 
             Both:        1.06 GB reserved,      74.33 MB (  7%) committed 

Chunk freelists:
   Non-Class:  0 bytes
       Class:  0 bytes
        Both:  0 bytes

CodeHeap 'non-profiled nmethods': size=238336Kb used=12019Kb max_used=12019Kb free=226316Kb
 bounds [0x0000020880740000, 0x0000020881300000, 0x000002088f000000]
CodeHeap 'non-nmethods': size=7424Kb used=1274Kb max_used=1274Kb free=6149Kb
 bounds [0x0000020880000000, 0x0000020880270000, 0x0000020880740000]
 total_blobs=8194 nmethods=7476 adapters=590
 compilation: enabled
              stopped_count=0, restarted_count=0
 full_count=0

Compilation events (10 events):
Event: 192.099 Thread 0x00000208ff939800 7510       1       org.h2.value.VersionedValue::getOperationId (2 bytes)
Event: 192.099 Thread 0x00000208ff939800 nmethod 7510 0x00000208812f9990 code [0x00000208812f9b20, 0x00000208812f9c38]
Event: 192.099 Thread 0x00000208ff939800 7509       1       java.util.concurrent.atomic.AtomicLong::<init> (10 bytes)
Event: 192.099 Thread 0x00000208ff939800 nmethod 7509 0x00000208812f9c90 code [0x00000208812f9e20, 0x00000208812f9f58]
Event: 192.114 Thread 0x00000208ff939800 7511       1       ch.qos.logback.classic.Logger::appendLoopOnAppenders (18 bytes)
Event: 192.114 Thread 0x00000208ff939800 nmethod 7511 0x00000208812fa010 code [0x00000208812fa1c0, 0x00000208812fa330]
Event: 192.115 Thread 0x00000208ff939800 7512       1       java.util.concurrent.ScheduledThreadPoolExecutor$DelayedWorkQueue::siftDown (119 bytes)
Event: 192.118 Thread 0x00000208ff939800 nmethod 7512 0x00000208812fa410 code [0x00000208812fa600, 0x00000208812faba0]
Event: 192.120 Thread 0x00000208ff939800 7513   !   1       org.springframework.beans.factory.support.DefaultSingletonBeanRegistry::destroyBean (385 bytes)
Event: 192.122 Thread 0x00000208ff939800 nmethod 7513 0x00000208812fae90 code [0x00000208812fb280, 0x00000208812fc4e0]

GC Heap History (10 events):
Event: 4.253 GC heap before
{Heap before GC invocations=13 (full 0):
 garbage-first heap   total 189440K, used 115380K [0x0000000081e00000, 0x0000000100000000)
  region size 1024K, 91 young (93184K), 7 survivors (7168K)
 Metaspace       used 40557K, capacity 41896K, committed 42160K, reserved 1085440K
  class space    used 5037K, capacity 5568K, committed 5632K, reserved 1048576K
}
Event: 4.258 GC heap after
{Heap after GC invocations=14 (full 0):
 garbage-first heap   total 189440K, used 32145K [0x0000000081e00000, 0x0000000100000000)
  region size 1024K, 9 young (9216K), 9 survivors (9216K)
 Metaspace       used 40557K, capacity 41896K, committed 42160K, reserved 1085440K
  class space    used 5037K, capacity 5568K, committed 5632K, reserved 1048576K
}
Event: 4.794 GC heap before
{Heap before GC invocations=14 (full 0):
 garbage-first heap   total 189440K, used 127377K [0x0000000081e00000, 0x0000000100000000)
  region size 1024K, 102 young (104448K), 9 survivors (9216K)
 Metaspace       used 50427K, capacity 51947K, committed 52272K, reserved 1095680K
  class space    used 6370K, capacity 6954K, committed 7040K, reserved 1048576K
}
Event: 4.802 GC heap after
{Heap after GC invocations=15 (full 0):
 garbage-first heap   total 189440K, used 35418K [0x0000000081e00000, 0x0000000100000000)
  region size 1024K, 8 young (8192K), 8 survivors (8192K)
 Metaspace       used 50427K, capacity 51947K, committed 52272K, reserved 1095680K
  class space    used 6370K, capacity 6954K, committed 7040K, reserved 1048576K
}
Event: 5.181 GC heap before
{Heap before GC invocations=15 (full 0):
 garbage-first heap   total 189440K, used 120410K [0x0000000081e00000, 0x0000000100000000)
  region size 1024K, 92 young (94208K), 8 survivors (8192K)
 Metaspace       used 58687K, capacity 60179K, committed 60296K, reserved 1101824K
  class space    used 7554K, capacity 8153K, committed 8192K, reserved 1048576K
}
Event: 5.191 GC heap after
{Heap after GC invocations=16 (full 0):
 garbage-first heap   total 189440K, used 38813K [0x0000000081e00000, 0x0000000100000000)
  region size 1024K, 11 young (11264K), 11 survivors (11264K)
 Metaspace       used 58687K, capacity 60179K, committed 60296K, reserved 1101824K
  class space    used 7554K, capacity 8153K, committed 8192K, reserved 1048576K
}
Event: 6.013 GC heap before
{Heap before GC invocations=17 (full 0):
 garbage-first heap   total 189440K, used 137117K [0x0000000081e00000, 0x0000000100000000)
  region size 1024K, 108 young (110592K), 11 survivors (11264K)
 Metaspace       used 67529K, capacity 69373K, committed 69716K, reserved 1110016K
  class space    used 8811K, capacity 9546K, committed 9676K, reserved 1048576K
}
Event: 6.026 GC heap after
{Heap after GC invocations=18 (full 0):
 garbage-first heap   total 227328K, used 42694K [0x0000000081e00000, 0x0000000100000000)
  region size 1024K, 8 young (8192K), 8 survivors (8192K)
 Metaspace       used 67529K, capacity 69373K, committed 69716K, reserved 1110016K
  class space    used 8811K, capacity 9546K, committed 9676K, reserved 1048576K
}
Event: 29.019 GC heap before
{Heap before GC invocations=19 (full 0):
 garbage-first heap   total 227328K, used 152262K [0x0000000081e00000, 0x0000000100000000)
  region size 1024K, 115 young (117760K), 8 survivors (8192K)
 Metaspace       used 73468K, capacity 75472K, committed 75604K, reserved 1114112K
  class space    used 9583K, capacity 10353K, committed 10444K, reserved 1048576K
}
Event: 29.029 GC heap after
{Heap after GC invocations=20 (full 0):
 garbage-first heap   total 227328K, used 46614K [0x0000000081e00000, 0x0000000100000000)
  region size 1024K, 12 young (12288K), 12 survivors (12288K)
 Metaspace       used 73468K, capacity 75472K, committed 75604K, reserved 1114112K
  class space    used 9583K, capacity 10353K, committed 10444K, reserved 1048576K
}

Deoptimization events (0 events):
No events

Classes redefined (0 events):
No events

Internal exceptions (10 events):
Event: 32.057 Thread 0x00000208909f2800 Exception <a 'java/lang/ClassNotFoundException'{0x000000008f70b520}: org/springframework/context/support/LiveBeansView> (0x000000008f70b520) thrown at [./open/src/hotspot/share/classfile/systemDictionary.cpp, line 228]
Event: 32.059 Thread 0x00000208909f2800 Exception <a 'java/lang/ClassNotFoundException'{0x000000008f742ef0}: org/springframework/context/support/LiveBeansView> (0x000000008f742ef0) thrown at [./open/src/hotspot/share/classfile/systemDictionary.cpp, line 228]
Event: 32.059 Thread 0x00000208909f2800 Exception <a 'java/lang/ClassNotFoundException'{0x000000008f743348}: org/springframework/context/support/LiveBeansView> (0x000000008f743348) thrown at [./open/src/hotspot/share/classfile/systemDictionary.cpp, line 228]
Event: 32.059 Thread 0x00000208909f2800 Exception <a 'java/lang/ClassNotFoundException'{0x000000008f7436f8}: org/springframework/context/support/LiveBeansView> (0x000000008f7436f8) thrown at [./open/src/hotspot/share/classfile/systemDictionary.cpp, line 228]
Event: 32.059 Thread 0x00000208909f2800 Exception <a 'java/lang/ClassNotFoundException'{0x000000008f743aa8}: org/springframework/context/support/LiveBeansView> (0x000000008f743aa8) thrown at [./open/src/hotspot/share/classfile/systemDictionary.cpp, line 228]
Event: 39.412 Thread 0x00000208943a2800 Exception <a 'java/lang/NoSuchMethodError'{0x000000008f679668}: java.lang.invoke.DirectMethodHandle$Holder.invokeStatic(Ljava/lang/Object;ILjava/lang/Object;Ljava/lang/Object;)Ljava/lang/Object;> (0x000000008f679668) thrown at [./open/src/hotspot/share/in
Event: 39.413 Thread 0x00000208943a2800 Exception <a 'java/lang/NoSuchMethodError'{0x000000008f680720}: java.lang.invoke.DirectMethodHandle$Holder.invokeSpecial(Ljava/lang/Object;Ljava/lang/Object;ILjava/lang/Object;Ljava/lang/Object;)Ljava/lang/Object;> (0x000000008f680720) thrown at [./open/s
Event: 191.895 Thread 0x000002089267f000 Exception <a 'java/lang/InterruptedException'{0x000000008df77820}: sleep interrupted> (0x000000008df77820) thrown at [./open/src/hotspot/share/prims/jvm.cpp, line 3106]
Event: 191.896 Thread 0x00000208943a7800 Exception <a 'java/lang/InterruptedException'{0x000000008e2e32c0}: sleep interrupted> (0x000000008e2e32c0) thrown at [./open/src/hotspot/share/prims/jvm.cpp, line 3106]
Event: 191.899 Thread 0x0000020892680800 Exception <a 'java/lang/InterruptedException'{0x000000008f141700}: sleep interrupted> (0x000000008f141700) thrown at [./open/src/hotspot/share/prims/jvm.cpp, line 3106]

Events (10 events):
Event: 192.118 Executing VM operation: RevokeBias done
Event: 192.119 Executing VM operation: RevokeBias
Event: 192.119 Executing VM operation: RevokeBias done
Event: 192.119 Executing VM operation: BulkRevokeBias
Event: 192.119 Executing VM operation: BulkRevokeBias done
Event: 192.119 Executing VM operation: BulkRevokeBias
Event: 192.120 Executing VM operation: BulkRevokeBias done
Event: 192.120 Thread 0x000002089685c800 Thread exited: 0x000002089685c800
Event: 192.121 Thread 0x0000020896857000 Thread exited: 0x0000020896857000
Event: 192.124 Thread 0x0000020896855800 Thread exited: 0x0000020896855800


Dynamic libraries:
0x00007ff79ca40000 - 0x00007ff79ca87000 	C:\Program Files\Java\jdk-11.0.7\bin\javaw.exe
0x00007ffb553a0000 - 0x00007ffb55590000 	C:\WINDOWS\SYSTEM32\ntdll.dll
0x00007ffb543f0000 - 0x00007ffb544a2000 	C:\WINDOWS\System32\KERNEL32.DLL
0x00007ffb53100000 - 0x00007ffb533a4000 	C:\WINDOWS\System32\KERNELBASE.dll
0x00007ffb55080000 - 0x00007ffb55123000 	C:\WINDOWS\System32\ADVAPI32.dll
0x00007ffb54e80000 - 0x00007ffb54f1e000 	C:\WINDOWS\System32\msvcrt.dll
0x00007ffb53450000 - 0x00007ffb534e7000 	C:\WINDOWS\System32\sechost.dll
0x00007ffb54140000 - 0x00007ffb54260000 	C:\WINDOWS\System32\RPCRT4.dll
0x00007ffb54770000 - 0x00007ffb54904000 	C:\WINDOWS\System32\USER32.dll
0x00007ffb52f40000 - 0x00007ffb52f61000 	C:\WINDOWS\System32\win32u.dll
0x00007ffb53c40000 - 0x00007ffb53c66000 	C:\WINDOWS\System32\GDI32.dll
0x00007ffb52c50000 - 0x00007ffb52de5000 	C:\WINDOWS\System32\gdi32full.dll
0x00007ffb533b0000 - 0x00007ffb5344e000 	C:\WINDOWS\System32\msvcp_win.dll
0x00007ffb52df0000 - 0x00007ffb52eea000 	C:\WINDOWS\System32\ucrtbase.dll
0x00007ffb40d10000 - 0x00007ffb40f94000 	C:\WINDOWS\WinSxS\amd64_microsoft.windows.common-controls_6595b64144ccf1df_6.0.18362.900_none_e6beb9d913147d17\COMCTL32.dll
0x00007ffb53c70000 - 0x00007ffb53fa5000 	C:\WINDOWS\System32\combase.dll
0x00007ffb48ee0000 - 0x00007ffb48eea000 	C:\WINDOWS\SYSTEM32\VERSION.dll
0x00007ffb52fd0000 - 0x00007ffb53050000 	C:\WINDOWS\System32\bcryptPrimitives.dll
0x00007ffb544c0000 - 0x00007ffb544ee000 	C:\WINDOWS\System32\IMM32.DLL
0x00007ffb4fd50000 - 0x00007ffb4fd66000 	C:\Program Files\Java\jdk-11.0.7\bin\vcruntime140.dll
0x00007ffb1f8b0000 - 0x00007ffb1f95a000 	C:\Program Files\Java\jdk-11.0.7\bin\msvcp140.dll
0x00007ffaf3240000 - 0x00007ffaf3da1000 	C:\Program Files\Java\jdk-11.0.7\bin\server\jvm.dll
0x00007ffb54da0000 - 0x00007ffb54da8000 	C:\WINDOWS\System32\PSAPI.DLL
0x00007ffb50600000 - 0x00007ffb50624000 	C:\WINDOWS\SYSTEM32\WINMM.dll
0x00007ffb50de0000 - 0x00007ffb50de9000 	C:\WINDOWS\SYSTEM32\WSOCK32.dll
0x00007ffb54060000 - 0x00007ffb540cf000 	C:\WINDOWS\System32\WS2_32.dll
0x00007ffb505d0000 - 0x00007ffb505fd000 	C:\WINDOWS\SYSTEM32\winmmbase.dll
0x00007ffb52c00000 - 0x00007ffb52c4a000 	C:\WINDOWS\System32\cfgmgr32.dll
0x00007ffb522f0000 - 0x00007ffb52301000 	C:\WINDOWS\System32\kernel.appcore.dll
0x00007ffb4e4c0000 - 0x00007ffb4e4d1000 	C:\Program Files\Java\jdk-11.0.7\bin\verify.dll
0x00007ffb50a00000 - 0x00007ffb50bf4000 	C:\WINDOWS\SYSTEM32\DBGHELP.DLL
0x00007ffb45130000 - 0x00007ffb4515a000 	C:\WINDOWS\SYSTEM32\dbgcore.DLL
0x00007ffb4e490000 - 0x00007ffb4e4b9000 	C:\Program Files\Java\jdk-11.0.7\bin\java.dll
0x00007ffb4c890000 - 0x00007ffb4c89a000 	C:\Program Files\Java\jdk-11.0.7\bin\jimage.dll
0x00007ffb3e610000 - 0x00007ffb3e626000 	C:\Program Files\Java\jdk-11.0.7\bin\zip.dll
0x00007ffb534f0000 - 0x00007ffb53bd6000 	C:\WINDOWS\System32\SHELL32.dll
0x00007ffb53fb0000 - 0x00007ffb54059000 	C:\WINDOWS\System32\shcore.dll
0x00007ffb52480000 - 0x00007ffb52c00000 	C:\WINDOWS\System32\windows.storage.dll
0x00007ffb522c0000 - 0x00007ffb522e3000 	C:\WINDOWS\System32\profapi.dll
0x00007ffb52270000 - 0x00007ffb522ba000 	C:\WINDOWS\System32\powrprof.dll
0x00007ffb52260000 - 0x00007ffb52270000 	C:\WINDOWS\System32\UMPDC.dll
0x00007ffb53be0000 - 0x00007ffb53c32000 	C:\WINDOWS\System32\shlwapi.dll
0x00007ffb52f20000 - 0x00007ffb52f37000 	C:\WINDOWS\System32\cryptsp.dll
0x00007ffb3e5f0000 - 0x00007ffb3e609000 	C:\Program Files\Java\jdk-11.0.7\bin\net.dll
0x00007ffb43500000 - 0x00007ffb435f0000 	C:\WINDOWS\SYSTEM32\WINHTTP.dll
0x00007ffb51ad0000 - 0x00007ffb51b37000 	C:\WINDOWS\system32\mswsock.dll
0x00007ffb3e5d0000 - 0x00007ffb3e5e3000 	C:\Program Files\Java\jdk-11.0.7\bin\nio.dll
0x00007ffb4e590000 - 0x00007ffb4e599000 	C:\Program Files\Java\jdk-11.0.7\bin\management.dll
0x00007ffb4e580000 - 0x00007ffb4e58c000 	C:\Program Files\Java\jdk-11.0.7\bin\management_ext.dll
0x00007ffb38660000 - 0x00007ffb38676000 	C:\WINDOWS\system32\napinsp.dll
0x00007ffb34270000 - 0x00007ffb3428a000 	C:\WINDOWS\system32\pnrpnsp.dll
0x00007ffb51870000 - 0x00007ffb5193b000 	C:\WINDOWS\SYSTEM32\DNSAPI.dll
0x00007ffb543e0000 - 0x00007ffb543e8000 	C:\WINDOWS\System32\NSI.dll
0x00007ffb517e0000 - 0x00007ffb5181a000 	C:\WINDOWS\SYSTEM32\IPHLPAPI.DLL
0x00007ffb38c60000 - 0x00007ffb38c6e000 	C:\WINDOWS\System32\winrnr.dll
0x00007ffb4e2a0000 - 0x00007ffb4e2bc000 	C:\WINDOWS\system32\NLAapi.dll
0x00007ffb4c690000 - 0x00007ffb4c6a5000 	C:\WINDOWS\system32\wshbth.dll
0x00007ffb40a60000 - 0x00007ffb40a6a000 	C:\Windows\System32\rasadhlp.dll
0x00007ffb43b20000 - 0x00007ffb43b97000 	C:\WINDOWS\System32\fwpuclnt.dll
0x00007ffb52ef0000 - 0x00007ffb52f16000 	C:\WINDOWS\System32\bcrypt.dll
0x00007ffb51640000 - 0x00007ffb51673000 	C:\WINDOWS\system32\rsaenh.dll
0x00007ffb52180000 - 0x00007ffb521a5000 	C:\WINDOWS\SYSTEM32\USERENV.dll
0x00007ffb51ca0000 - 0x00007ffb51cac000 	C:\WINDOWS\SYSTEM32\CRYPTBASE.dll
0x00007ffb44240000 - 0x00007ffb44256000 	C:\WINDOWS\SYSTEM32\dhcpcsvc6.DLL
0x00007ffb44de0000 - 0x00007ffb44dfc000 	C:\WINDOWS\SYSTEM32\dhcpcsvc.DLL
0x00007ffb4e500000 - 0x00007ffb4e526000 	C:\Program Files\Java\jdk-11.0.7\bin\sunec.dll

dbghelp: loaded successfully - version: 4.0.5 - missing functions: none
symbol engine: initialized successfully - sym options: 0x614 - pdb path: .;C:\Program Files\Java\jdk-11.0.7\bin;C:\WINDOWS\SYSTEM32;C:\WINDOWS\WinSxS\amd64_microsoft.windows.common-controls_6595b64144ccf1df_6.0.18362.900_none_e6beb9d913147d17;C:\Program Files\Java\jdk-11.0.7\bin\server

VM Arguments:
jvm_args: -Dcom.sun.management.jmxremote -Dcom.sun.management.jmxremote.port=59328 -Dcom.sun.management.jmxremote.authenticate=false -Dcom.sun.management.jmxremote.ssl=false -Djava.rmi.server.hostname=localhost -Dspring.jmx.enabled=true -Dspring.application.admin.enabled=true -Xverify:none -XX:TieredStopAtLevel=1 -Dspring.boot.project.name=ecommerce -Dfile.encoding=UTF-8 
java_command: com.mycompany.ecommerce.EcommerceApplication --spring.output.ansi.enabled=always
java_class_path (initial): C:\Users\Vinicius\Documents\git\ecommerce\target\classes;C:\Users\Vinicius\.m2\repository\org\springframework\boot\spring-boot-starter-web\2.3.0.RELEASE\spring-boot-starter-web-2.3.0.RELEASE.jar;C:\Users\Vinicius\.m2\repository\org\springframework\boot\spring-boot-starter\2.3.0.RELEASE\spring-boot-starter-2.3.0.RELEASE.jar;C:\Users\Vinicius\.m2\repository\org\springframework\boot\spring-boot-starter-logging\2.3.0.RELEASE\spring-boot-starter-logging-2.3.0.RELEASE.jar;C:\Users\Vinicius\.m2\repository\ch\qos\logback\logback-classic\1.2.3\logback-classic-1.2.3.jar;C:\Users\Vinicius\.m2\repository\ch\qos\logback\logback-core\1.2.3\logback-core-1.2.3.jar;C:\Users\Vinicius\.m2\repository\org\apache\logging\log4j\log4j-to-slf4j\2.13.2\log4j-to-slf4j-2.13.2.jar;C:\Users\Vinicius\.m2\repository\org\apache\logging\log4j\log4j-api\2.13.2\log4j-api-2.13.2.jar;C:\Users\Vinicius\.m2\repository\org\slf4j\jul-to-slf4j\1.7.30\jul-to-slf4j-1.7.30.jar;C:\Users\Vinicius\.m2\repository\jakarta\annotation\jakarta.annotation-api\1.3.5\jakarta.annotation-api-1.3.5.jar;C:\Users\Vinicius\.m2\repository\org\yaml\snakeyaml\1.26\snakeyaml-1.26.jar;C:\Users\Vinicius\.m2\repository\org\springframework\boot\spring-boot-starter-json\2.3.0.RELEASE\spring-boot-starter-json-2.3.0.RELEASE.jar;C:\Users\Vinicius\.m2\repository\com\fasterxml\jackson\datatype\jackson-datatype-jdk8\2.11.0\jackson-datatype-jdk8-2.11.0.jar;C:\Users\Vinicius\.m2\repository\com\fasterxml\jackson\datatype\jackson-datatype-jsr310\2.11.0\jackson-datatype-jsr310-2.11.0.jar;C:\Users\Vinicius\.m2\repository\com\fasterxml\jackson\module\jackson-module-parameter-names\2.11.0\jackson-module-parameter-names-2.11.0.jar;C:\Users\Vinicius\.m2\repository\org\springframework\boot\spring-boot-starter-tomcat\2.3.0.RELEASE\spring-boot-starter-tomcat-2.3.0.RELEASE.jar;C:\Users\Vinicius\.m2\repository\org\apache\tomcat\embed\tomcat-embed-core\9.0.35\tomcat-embed-core-9.0.35.jar;C:\Users\Vinicius\.m2\repository\org\glass
Launcher Type: SUN_STANDARD

[Global flags]
     bool BytecodeVerificationLocal                = false                                     {product} {command line}
     bool BytecodeVerificationRemote               = false                                     {product} {command line}
     intx CICompilerCount                          = 4                                         {product} {ergonomic}
     uint ConcGCThreads                            = 2                                         {product} {ergonomic}
     uint G1ConcRefinementThreads                  = 8                                         {product} {ergonomic}
   size_t G1HeapRegionSize                         = 1048576                                   {product} {ergonomic}
    uintx GCDrainStackTargetSize                   = 64                                        {product} {ergonomic}
   size_t InitialHeapSize                          = 134217728                                 {product} {ergonomic}
     bool ManagementServer                         = true                                      {product} {command line}
   size_t MarkStackSize                            = 4194304                                   {product} {ergonomic}
   size_t MaxHeapSize                              = 2116026368                                {product} {ergonomic}
   size_t MaxNewSize                               = 1268776960                                {product} {ergonomic}
   size_t MinHeapDeltaBytes                        = 1048576                                   {product} {ergonomic}
    uintx NonNMethodCodeHeapSize                   = 7549744                                {pd product} {ergonomic}
    uintx NonProfiledCodeHeapSize                  = 244108496                              {pd product} {ergonomic}
    uintx ProfiledCodeHeapSize                     = 0                                      {pd product} {ergonomic}
    uintx ReservedCodeCacheSize                    = 251658240                              {pd product} {ergonomic}
     bool SegmentedCodeCache                       = true                                      {product} {ergonomic}
     intx TieredStopAtLevel                        = 1                                         {product} {command line}
     bool UseCompressedClassPointers               = true                                 {lp64_product} {ergonomic}
     bool UseCompressedOops                        = true                                 {lp64_product} {ergonomic}
     bool UseG1GC                                  = true                                      {product} {ergonomic}
     bool UseLargePagesIndividualAllocation        = false                                  {pd product} {ergonomic}

Logging:
Log output configuration:
 #0: stdout all=warning uptime,level,tags
 #1: stderr all=off uptime,level,tags

Environment Variables:
JAVA_HOME=C:\Program Files\Java\jdk-11.0.7
PATH=C:/Program Files/Java/jdk-11.0.7/bin/server;C:/Program Files/Java/jdk-11.0.7/bin;C:\Program Files (x86)\Intel\iCLS Client\;C:\Program Files\Intel\iCLS Client\;C:\Windows\system32;C:\Windows;C:\Windows\System32\Wbem;C:\Windows\System32\WindowsPowerShell\v1.0\;C:\Program Files (x86)\Intel\Intel(R) Management Engine Components\DAL;C:\Program Files\Intel\Intel(R) Management Engine Components\DAL;C:\Program Files (x86)\Intel\Intel(R) Management Engine Components\IPT;C:\Program Files\Intel\Intel(R) Management Engine Components\IPT;C:\Program Files (x86)\NVIDIA Corporation\PhysX\Common;C:\ProgramData\ComposerSetup\bin;C:\WINDOWS\system32;C:\WINDOWS;C:\WINDOWS\System32\Wbem;C:\WINDOWS\System32\WindowsPowerShell\v1.0\;C:\wamp64\bin\php\php7.0.10;C:\Program Files\Microsoft SQL Server\130\Tools\Binn\;C:\Program Files\dotnet\;C:\WINDOWS\System32\OpenSSH\;C:\Program Files\Java\jdk-11.0.7\bin;C:\wamp64\bin\mysql\mysql5.7.14\bin;C:\Users\Vinicius\AppData\Roaming\Composer\vendor\bin;C:\Users\Vinicius\AppData\Local\Microsoft\WindowsApps;C:\Program Files (x86)\Heroku\bin;;C:\sts-4.6.1.RELEASE;
USERNAME=Vinicius
OS=Windows_NT
PROCESSOR_IDENTIFIER=Intel64 Family 6 Model 94 Stepping 3, GenuineIntel



---------------  S Y S T E M  ---------------

OS: Windows 10 , 64 bit Build 18362 (10.0.18362.900)

CPU:total 8 (initial active 8) (4 cores per cpu, 2 threads per core) family 6 model 94 stepping 3, cmov, cx8, fxsr, mmx, sse, sse2, sse3, ssse3, sse4.1, sse4.2, popcnt, avx, avx2, aes, clmul, erms, rtm, 3dnowpref, lzcnt, ht, tsc, tscinvbit, bmi1, bmi2, adx, fma

Memory: 4k page, system-wide physical 8064M (1060M free)
TotalPageFile size 12160M (AvailPageFile size 2742M)
current process WorkingSet (physical memory assigned to process): 356M, peak: 357M
current process commit charge ("private bytes"): 437M, peak: 439M

vm_info: Java HotSpot(TM) 64-Bit Server VM (11.0.7+8-LTS) for windows-amd64 JRE (11.0.7+8-LTS), built on Mar 12 2020 02:04:32 by "mach5one" with MS VC++ 15.5 (VS2017)

END.
