#
# A fatal error has been detected by the Java Runtime Environment:
#
#  EXCEPTION_ACCESS_VIOLATION (0xc0000005) at pc=0x00007ff8e2343949, pid=16284, tid=9400
#
# JRE version: Java(TM) SE Runtime Environment 18.9 (11.0.7+8) (build 11.0.7+8-LTS)
# Java VM: Java HotSpot(TM) 64-Bit Server VM 18.9 (11.0.7+8-LTS, mixed mode, tiered, compressed oops, g1 gc, windows-amd64)
# Problematic frame:
# V  [jvm.dll+0x6f3949]
#
# No core dump will be written. Minidumps are not enabled by default on client versions of Windows
#
# If you would like to submit a bug report, please visit:
#   https://bugreport.java.com/bugreport/crash.jsp
#

---------------  S U M M A R Y ------------

Command Line: -Dcom.sun.management.jmxremote -Dcom.sun.management.jmxremote.port=50310 -Dcom.sun.management.jmxremote.authenticate=false -Dcom.sun.management.jmxremote.ssl=false -Djava.rmi.server.hostname=localhost -Dspring.jmx.enabled=true -Dspring.application.admin.enabled=true -Xverify:none -XX:TieredStopAtLevel=1 -Dspring.boot.project.name=ecommerce -Dfile.encoding=UTF-8 com.mycompany.ecommerce.EcommerceApplication --spring.output.ansi.enabled=always

Host: Intel(R) Core(TM) i7-6700HQ CPU @ 2.60GHz, 8 cores, 7G,  Windows 10 , 64 bit Build 18362 (10.0.18362.900)
Time: Fri Jun 19 18:08:38 2020 Hora oficial do Brasil elapsed time: 1 seconds (0d 0h 0m 1s)

---------------  T H R E A D  ---------------

Current thread (0x000001b0cf699800):  WatcherThread [stack: 0x0000009c1a600000,0x0000009c1a700000] [id=9400]

Stack: [0x0000009c1a600000,0x0000009c1a700000],  sp=0x0000009c1a6ff660,  free space=1021k
Native frames: (J=compiled Java code, j=interpreted, Vv=VM code, C=native code)
V  [jvm.dll+0x6f3949]
V  [jvm.dll+0x73fc7d]
V  [jvm.dll+0x765fe9]
V  [jvm.dll+0x75e875]
V  [jvm.dll+0x660b26]
C  [ucrtbase.dll+0x20e82]
C  [KERNEL32.DLL+0x17bd4]
C  [ntdll.dll+0x6ce51]


siginfo: EXCEPTION_ACCESS_VIOLATION (0xc0000005), reading address 0x0000000400000003


Register to memory mapping:

RIP=0x00007ff8e2343949 jvm.dll
RAX=0x000001b0cf61f780 points into unknown readable memory: 03 00 00 00 04 00 00 00
RBX=0x0 is NULL
RCX=0x0000000400000003 is an unknown value
RDX=0x0000000000000032 is an unknown value
RSP=0x0000009c1a6ff660 points into unknown readable memory: 00 98 69 cf b0 01 00 00
RBP=0x0000000000000002 is an unknown value
RSI=0x000001b0cf61f740 points into unknown readable memory: 00 21 64 cf b0 01 00 00
RDI=0x0 is NULL
R8 =0x0 is NULL
R9 =0x000001b0b6be0b80 is at begin+0 in a stub
StubRoutines::atomic_cmpxchg_long [0x000001b0b6be0b80, 0x000001b0b6be0b89[ (9 bytes)
R10=0x00000000546c6148 is an unknown value
R11=0xfffffffffa15540b is an unknown value
R12=0x0 is NULL
R13=0x000001b0cf699800 points into unknown readable memory: 18 92 55 e2 f8 7f 00 00
R14=0x0000000000000032 is an unknown value
R15=0x000001b0cf4fd030 points into unknown readable memory: 00 00 00 00 00 00 00 00


Registers:
RAX=0x000001b0cf61f780, RBX=0x0000000000000000, RCX=0x0000000400000003, RDX=0x0000000000000032
RSP=0x0000009c1a6ff660, RBP=0x0000000000000002, RSI=0x000001b0cf61f740, RDI=0x0000000000000000
R8 =0x0000000000000000, R9 =0x000001b0b6be0b80, R10=0x00000000546c6148, R11=0xfffffffffa15540b
R12=0x0000000000000000, R13=0x000001b0cf699800, R14=0x0000000000000032, R15=0x000001b0cf4fd030
RIP=0x00007ff8e2343949, EFLAGS=0x0000000000010202

Top of Stack: (sp=0x0000009c1a6ff660)
0x0000009c1a6ff660:   000001b0cf699800 000001b0cf699800
0x0000009c1a6ff670:   000000dbed0aa108 00007ff8e22842d9
0x0000009c1a6ff680:   00007ff8e26fabc8 00007ff8e238fc7d
0x0000009c1a6ff690:   0000000000000001 000001b0ad00cad0
0x0000009c1a6ff6a0:   000001b0ad00cad0 431bde82d7b634db
0x0000009c1a6ff6b0:   000001b0cf4fd030 000000dbed0aa108
0x0000009c1a6ff6c0:   000001b0ad00cad0 00007ff8e23b5fe9
0x0000009c1a6ff6d0:   0000000000000001 0000000000000032
0x0000009c1a6ff6e0:   0000000000000032 0000000000000002
0x0000009c1a6ff6f0:   0000009c1a6ff790 0000000000000000
0x0000009c1a6ff700:   00007ff91fb20000 00007ff91fb917d3
0x0000009c1a6ff710:   0000000000000000 00007ff91fb20000
0x0000009c1a6ff720:   0000000000000000 0000009c18d9d000
0x0000009c1a6ff730:   000001b0cf699800 0000000000000000
0x0000009c1a6ff740:   0000000000100000 0000009c1a6ffb90
0x0000009c1a6ff750:   0000009c1a600000 00007ff8e23ae875 

Instructions: (pc=0x00007ff8e2343949)
0x00007ff8e2343929:   20 48 8b 35 67 23 3b 00 33 db 48 8b 06 39 18 7e
0x00007ff8e2343939:   27 48 89 7c 24 30 8b fb 48 8b 40 18 48 8b 0c 07
0x00007ff8e2343949:   48 8b 01 ff 50 08 48 8b 06 48 8d 7f 08 ff c3 3b
0x00007ff8e2343959:   18 7c e5 48 8b 7c 24 30 48 8b 5c 24 38 48 83 c4 


Stack slot to memory mapping:
stack at sp + 0 slots: 0x000001b0cf699800 points into unknown readable memory: 18 92 55 e2 f8 7f 00 00
stack at sp + 1 slots: 0x000001b0cf699800 points into unknown readable memory: 18 92 55 e2 f8 7f 00 00
stack at sp + 2 slots: 0x000000dbed0aa108 is an unknown value
stack at sp + 3 slots: 0x00007ff8e22842d9 jvm.dll
stack at sp + 4 slots: 0x00007ff8e26fabc8 jvm.dll
stack at sp + 5 slots: 0x00007ff8e238fc7d jvm.dll
stack at sp + 6 slots: 0x0000000000000001 is an unknown value
stack at sp + 7 slots: 0x000001b0ad00cad0 points into unknown readable memory: 01 00 00 00 00 00 00 00


---------------  P R O C E S S  ---------------

Threads class SMR info:
_java_thread_list=0x000001b0cf6ebfc0, length=13, elements={
0x000001b0ad012000, 0x000001b0cdc66000, 0x000001b0cdc67000, 0x000001b0ce5c2800,
0x000001b0ce5c3800, 0x000001b0ce5c4800, 0x000001b0ce5d0800, 0x000001b0ce783000,
0x000001b0ce803000, 0x000001b0cf635000, 0x000001b0cf61e800, 0x000001b0cf633000,
0x000001b0cf731000
}

Java Threads: ( => current thread )
  0x000001b0ad012000 JavaThread "main" [_thread_blocked, id=16028, stack(0x0000009c19200000,0x0000009c19300000)]
  0x000001b0cdc66000 JavaThread "Reference Handler" daemon [_thread_blocked, id=3600, stack(0x0000009c19900000,0x0000009c19a00000)]
  0x000001b0cdc67000 JavaThread "Finalizer" daemon [_thread_blocked, id=3840, stack(0x0000009c19a00000,0x0000009c19b00000)]
  0x000001b0ce5c2800 JavaThread "Signal Dispatcher" daemon [_thread_blocked, id=10056, stack(0x0000009c19b00000,0x0000009c19c00000)]
  0x000001b0ce5c3800 JavaThread "Attach Listener" daemon [_thread_blocked, id=11980, stack(0x0000009c19c00000,0x0000009c19d00000)]
  0x000001b0ce5c4800 JavaThread "C1 CompilerThread0" daemon [_thread_in_vm, id=4380, stack(0x0000009c19d00000,0x0000009c19e00000)]
  0x000001b0ce5d0800 JavaThread "Sweeper thread" daemon [_thread_blocked, id=13464, stack(0x0000009c19e00000,0x0000009c19f00000)]
  0x000001b0ce783000 JavaThread "Common-Cleaner" daemon [_thread_blocked, id=12644, stack(0x0000009c19f00000,0x0000009c1a000000)]
  0x000001b0ce803000 JavaThread "Service Thread" daemon [_thread_blocked, id=15988, stack(0x0000009c1a000000,0x0000009c1a100000)]
  0x000001b0cf635000 JavaThread "RMI TCP Accept-0" daemon [_thread_in_native, id=14080, stack(0x0000009c1a300000,0x0000009c1a400000)]
  0x000001b0cf61e800 JavaThread "RMI TCP Accept-50310" daemon [_thread_in_native, id=15792, stack(0x0000009c1a400000,0x0000009c1a500000)]
  0x000001b0cf633000 JavaThread "RMI TCP Accept-0" daemon [_thread_in_native, id=12188, stack(0x0000009c1a500000,0x0000009c1a600000)]
  0x000001b0cf731000 JavaThread "RMI TCP Connection(idle)" daemon [_thread_blocked, id=7312, stack(0x0000009c1a700000,0x0000009c1a800000)]

Other Threads:
  0x000001b0cdc54000 VMThread "VM Thread" [stack: 0x0000009c19800000,0x0000009c19900000] [id=12180]
=>0x000001b0cf699800 WatcherThread [stack: 0x0000009c1a600000,0x0000009c1a700000] [id=9400]
  0x000001b0ad02a800 GCTaskThread "GC Thread#0" [stack: 0x0000009c19300000,0x0000009c19400000] [id=10356]
  0x000001b0cf5ff800 GCTaskThread "GC Thread#1" [stack: 0x0000009c1a100000,0x0000009c1a200000] [id=376]
  0x000001b0cf600800 GCTaskThread "GC Thread#2" [stack: 0x0000009c1a200000,0x0000009c1a300000] [id=8260]
  0x000001b0ad05a800 ConcurrentGCThread "G1 Main Marker" [stack: 0x0000009c19400000,0x0000009c19500000] [id=372]
  0x000001b0ad05d000 ConcurrentGCThread "G1 Conc#0" [stack: 0x0000009c19500000,0x0000009c19600000] [id=15752]
  0x000001b0cdaa3800 ConcurrentGCThread "G1 Refine#0" [stack: 0x0000009c19600000,0x0000009c19700000] [id=12220]
  0x000001b0cdaa4000 ConcurrentGCThread "G1 Young RemSet Sampling" [stack: 0x0000009c19700000,0x0000009c19800000] [id=10336]

Threads with active compile tasks:
C1 CompilerThread01098       1       java.lang.Class::forName (47 bytes)

VM state:synchronizing (normal execution)

VM Mutex/Monitor currently owned by a thread:  ([mutex/lock_event])
[0x000001b0ad00c920] Threads_lock - owner thread: 0x000001b0cdc54000
[0x000001b0ad00cad0] PeriodicTask_lock - owner thread: 0x000001b0cf699800

Heap address: 0x0000000081e00000, size: 2018 MB, Compressed Oops mode: 32-bit
Narrow klass base: 0x0000000000000000, Narrow klass shift: 3
Compressed class space size: 1073741824 Address: 0x0000000100000000

Heap:
 garbage-first heap   total 131072K, used 25819K [0x0000000081e00000, 0x0000000100000000)
  region size 1024K, 11 young (11264K), 3 survivors (3072K)
 Metaspace       used 13361K, capacity 13702K, committed 13824K, reserved 1060864K
  class space    used 1381K, capacity 1509K, committed 1536K, reserved 1048576K
Heap Regions: E=young(eden), S=young(survivor), O=old, HS=humongous(starts), HC=humongous(continues), CS=collection set, F=free, A=archive, TAMS=top-at-mark-start (previous, next)
|   0|0x0000000081e00000, 0x0000000081f00000, 0x0000000081f00000|100%|HS|  |TAMS 0x0000000081e00000, 0x0000000081e00000| Complete 
|   1|0x0000000081f00000, 0x0000000082000000, 0x0000000082000000|100%| O|  |TAMS 0x0000000081f00000, 0x0000000081f00000| Untracked 
|   2|0x0000000082000000, 0x0000000082100000, 0x0000000082100000|100%| O|  |TAMS 0x0000000082000000, 0x0000000082000000| Untracked 
|   3|0x0000000082100000, 0x0000000082200000, 0x0000000082200000|100%| O|  |TAMS 0x0000000082100000, 0x0000000082100000| Untracked 
|   4|0x0000000082200000, 0x0000000082300000, 0x0000000082300000|100%| O|  |TAMS 0x0000000082200000, 0x0000000082200000| Untracked 
|   5|0x0000000082300000, 0x0000000082400000, 0x0000000082400000|100%| O|  |TAMS 0x0000000082300000, 0x0000000082300000| Untracked 
|   6|0x0000000082400000, 0x0000000082500000, 0x0000000082500000|100%| O|  |TAMS 0x0000000082400000, 0x0000000082400000| Untracked 
|   7|0x0000000082500000, 0x0000000082600000, 0x0000000082600000|100%| O|  |TAMS 0x0000000082500000, 0x0000000082500000| Untracked 
|   8|0x0000000082600000, 0x0000000082700000, 0x0000000082700000|100%| O|  |TAMS 0x0000000082600000, 0x0000000082600000| Untracked 
|   9|0x0000000082700000, 0x0000000082800000, 0x0000000082800000|100%| O|  |TAMS 0x0000000082700000, 0x0000000082700000| Untracked 
|  10|0x0000000082800000, 0x0000000082900000, 0x0000000082900000|100%| O|  |TAMS 0x0000000082800000, 0x0000000082800000| Untracked 
|  11|0x0000000082900000, 0x0000000082a00000, 0x0000000082a00000|100%| O|  |TAMS 0x0000000082900000, 0x0000000082900000| Untracked 
|  12|0x0000000082a00000, 0x0000000082b00000, 0x0000000082b00000|100%| O|  |TAMS 0x0000000082a00000, 0x0000000082a00000| Untracked 
|  13|0x0000000082b00000, 0x0000000082c00000, 0x0000000082c00000|100%| O|  |TAMS 0x0000000082b00000, 0x0000000082b00000| Untracked 
|  14|0x0000000082c00000, 0x0000000082d00000, 0x0000000082d00000|100%| O|  |TAMS 0x0000000082c00000, 0x0000000082c00000| Untracked 
|  15|0x0000000082d00000, 0x0000000082d36e00, 0x0000000082e00000| 21%| O|  |TAMS 0x0000000082d00000, 0x0000000082d00000| Untracked 
|  16|0x0000000082e00000, 0x0000000082e00000, 0x0000000082f00000|  0%| F|  |TAMS 0x0000000082e00000, 0x0000000082e00000| Untracked 
|  17|0x0000000082f00000, 0x0000000082f00000, 0x0000000083000000|  0%| F|  |TAMS 0x0000000082f00000, 0x0000000082f00000| Untracked 
|  18|0x0000000083000000, 0x0000000083000000, 0x0000000083100000|  0%| F|  |TAMS 0x0000000083000000, 0x0000000083000000| Untracked 
|  19|0x0000000083100000, 0x0000000083100000, 0x0000000083200000|  0%| F|  |TAMS 0x0000000083100000, 0x0000000083100000| Untracked 
|  20|0x0000000083200000, 0x0000000083200000, 0x0000000083300000|  0%| F|  |TAMS 0x0000000083200000, 0x0000000083200000| Untracked 
|  21|0x0000000083300000, 0x0000000083300000, 0x0000000083400000|  0%| F|  |TAMS 0x0000000083300000, 0x0000000083300000| Untracked 
|  22|0x0000000083400000, 0x0000000083400000, 0x0000000083500000|  0%| F|  |TAMS 0x0000000083400000, 0x0000000083400000| Untracked 
|  23|0x0000000083500000, 0x0000000083500000, 0x0000000083600000|  0%| F|  |TAMS 0x0000000083500000, 0x0000000083500000| Untracked 
|  24|0x0000000083600000, 0x0000000083600000, 0x0000000083700000|  0%| F|  |TAMS 0x0000000083600000, 0x0000000083600000| Untracked 
|  25|0x0000000083700000, 0x0000000083700000, 0x0000000083800000|  0%| F|  |TAMS 0x0000000083700000, 0x0000000083700000| Untracked 
|  26|0x0000000083800000, 0x0000000083800000, 0x0000000083900000|  0%| F|  |TAMS 0x0000000083800000, 0x0000000083800000| Untracked 
|  27|0x0000000083900000, 0x0000000083900000, 0x0000000083a00000|  0%| F|  |TAMS 0x0000000083900000, 0x0000000083900000| Untracked 
|  28|0x0000000083a00000, 0x0000000083a00000, 0x0000000083b00000|  0%| F|  |TAMS 0x0000000083a00000, 0x0000000083a00000| Untracked 
|  29|0x0000000083b00000, 0x0000000083b00000, 0x0000000083c00000|  0%| F|  |TAMS 0x0000000083b00000, 0x0000000083b00000| Untracked 
|  30|0x0000000083c00000, 0x0000000083c00000, 0x0000000083d00000|  0%| F|  |TAMS 0x0000000083c00000, 0x0000000083c00000| Untracked 
|  31|0x0000000083d00000, 0x0000000083d00000, 0x0000000083e00000|  0%| F|  |TAMS 0x0000000083d00000, 0x0000000083d00000| Untracked 
|  32|0x0000000083e00000, 0x0000000083e00000, 0x0000000083f00000|  0%| F|  |TAMS 0x0000000083e00000, 0x0000000083e00000| Untracked 
|  33|0x0000000083f00000, 0x0000000083f00000, 0x0000000084000000|  0%| F|  |TAMS 0x0000000083f00000, 0x0000000083f00000| Untracked 
|  34|0x0000000084000000, 0x0000000084000000, 0x0000000084100000|  0%| F|  |TAMS 0x0000000084000000, 0x0000000084000000| Untracked 
|  35|0x0000000084100000, 0x0000000084100000, 0x0000000084200000|  0%| F|  |TAMS 0x0000000084100000, 0x0000000084100000| Untracked 
|  36|0x0000000084200000, 0x0000000084200000, 0x0000000084300000|  0%| F|  |TAMS 0x0000000084200000, 0x0000000084200000| Untracked 
|  37|0x0000000084300000, 0x0000000084300000, 0x0000000084400000|  0%| F|  |TAMS 0x0000000084300000, 0x0000000084300000| Untracked 
|  38|0x0000000084400000, 0x0000000084400000, 0x0000000084500000|  0%| F|  |TAMS 0x0000000084400000, 0x0000000084400000| Untracked 
|  39|0x0000000084500000, 0x0000000084500000, 0x0000000084600000|  0%| F|  |TAMS 0x0000000084500000, 0x0000000084500000| Untracked 
|  40|0x0000000084600000, 0x0000000084600000, 0x0000000084700000|  0%| F|  |TAMS 0x0000000084600000, 0x0000000084600000| Untracked 
|  41|0x0000000084700000, 0x0000000084700000, 0x0000000084800000|  0%| F|  |TAMS 0x0000000084700000, 0x0000000084700000| Untracked 
|  42|0x0000000084800000, 0x0000000084800000, 0x0000000084900000|  0%| F|  |TAMS 0x0000000084800000, 0x0000000084800000| Untracked 
|  43|0x0000000084900000, 0x0000000084900000, 0x0000000084a00000|  0%| F|  |TAMS 0x0000000084900000, 0x0000000084900000| Untracked 
|  44|0x0000000084a00000, 0x0000000084a00000, 0x0000000084b00000|  0%| F|  |TAMS 0x0000000084a00000, 0x0000000084a00000| Untracked 
|  45|0x0000000084b00000, 0x0000000084b00000, 0x0000000084c00000|  0%| F|  |TAMS 0x0000000084b00000, 0x0000000084b00000| Untracked 
|  46|0x0000000084c00000, 0x0000000084c00000, 0x0000000084d00000|  0%| F|  |TAMS 0x0000000084c00000, 0x0000000084c00000| Untracked 
|  47|0x0000000084d00000, 0x0000000084d00000, 0x0000000084e00000|  0%| F|  |TAMS 0x0000000084d00000, 0x0000000084d00000| Untracked 
|  48|0x0000000084e00000, 0x0000000084e00000, 0x0000000084f00000|  0%| F|  |TAMS 0x0000000084e00000, 0x0000000084e00000| Untracked 
|  49|0x0000000084f00000, 0x0000000084f00000, 0x0000000085000000|  0%| F|  |TAMS 0x0000000084f00000, 0x0000000084f00000| Untracked 
|  50|0x0000000085000000, 0x0000000085000000, 0x0000000085100000|  0%| F|  |TAMS 0x0000000085000000, 0x0000000085000000| Untracked 
|  51|0x0000000085100000, 0x0000000085100000, 0x0000000085200000|  0%| F|  |TAMS 0x0000000085100000, 0x0000000085100000| Untracked 
|  52|0x0000000085200000, 0x0000000085200000, 0x0000000085300000|  0%| F|  |TAMS 0x0000000085200000, 0x0000000085200000| Untracked 
|  53|0x0000000085300000, 0x0000000085300000, 0x0000000085400000|  0%| F|  |TAMS 0x0000000085300000, 0x0000000085300000| Untracked 
|  54|0x0000000085400000, 0x0000000085400000, 0x0000000085500000|  0%| F|  |TAMS 0x0000000085400000, 0x0000000085400000| Untracked 
|  55|0x0000000085500000, 0x0000000085500000, 0x0000000085600000|  0%| F|  |TAMS 0x0000000085500000, 0x0000000085500000| Untracked 
|  56|0x0000000085600000, 0x0000000085600000, 0x0000000085700000|  0%| F|  |TAMS 0x0000000085600000, 0x0000000085600000| Untracked 
|  57|0x0000000085700000, 0x0000000085700000, 0x0000000085800000|  0%| F|  |TAMS 0x0000000085700000, 0x0000000085700000| Untracked 
|  58|0x0000000085800000, 0x0000000085800000, 0x0000000085900000|  0%| F|  |TAMS 0x0000000085800000, 0x0000000085800000| Untracked 
|  59|0x0000000085900000, 0x0000000085900000, 0x0000000085a00000|  0%| F|  |TAMS 0x0000000085900000, 0x0000000085900000| Untracked 
|  60|0x0000000085a00000, 0x0000000085a00000, 0x0000000085b00000|  0%| F|  |TAMS 0x0000000085a00000, 0x0000000085a00000| Untracked 
|  61|0x0000000085b00000, 0x0000000085b00000, 0x0000000085c00000|  0%| F|  |TAMS 0x0000000085b00000, 0x0000000085b00000| Untracked 
|  62|0x0000000085c00000, 0x0000000085c00000, 0x0000000085d00000|  0%| F|  |TAMS 0x0000000085c00000, 0x0000000085c00000| Untracked 
|  63|0x0000000085d00000, 0x0000000085d00000, 0x0000000085e00000|  0%| F|  |TAMS 0x0000000085d00000, 0x0000000085d00000| Untracked 
|  64|0x0000000085e00000, 0x0000000085e00000, 0x0000000085f00000|  0%| F|  |TAMS 0x0000000085e00000, 0x0000000085e00000| Untracked 
|  65|0x0000000085f00000, 0x0000000085f00000, 0x0000000086000000|  0%| F|  |TAMS 0x0000000085f00000, 0x0000000085f00000| Untracked 
|  66|0x0000000086000000, 0x0000000086000000, 0x0000000086100000|  0%| F|  |TAMS 0x0000000086000000, 0x0000000086000000| Untracked 
|  67|0x0000000086100000, 0x0000000086100000, 0x0000000086200000|  0%| F|  |TAMS 0x0000000086100000, 0x0000000086100000| Untracked 
|  68|0x0000000086200000, 0x0000000086200000, 0x0000000086300000|  0%| F|  |TAMS 0x0000000086200000, 0x0000000086200000| Untracked 
|  69|0x0000000086300000, 0x0000000086300000, 0x0000000086400000|  0%| F|  |TAMS 0x0000000086300000, 0x0000000086300000| Untracked 
|  70|0x0000000086400000, 0x0000000086400000, 0x0000000086500000|  0%| F|  |TAMS 0x0000000086400000, 0x0000000086400000| Untracked 
|  71|0x0000000086500000, 0x0000000086500000, 0x0000000086600000|  0%| F|  |TAMS 0x0000000086500000, 0x0000000086500000| Untracked 
|  72|0x0000000086600000, 0x0000000086600000, 0x0000000086700000|  0%| F|  |TAMS 0x0000000086600000, 0x0000000086600000| Untracked 
|  73|0x0000000086700000, 0x0000000086700000, 0x0000000086800000|  0%| F|  |TAMS 0x0000000086700000, 0x0000000086700000| Untracked 
|  74|0x0000000086800000, 0x0000000086800000, 0x0000000086900000|  0%| F|  |TAMS 0x0000000086800000, 0x0000000086800000| Untracked 
|  75|0x0000000086900000, 0x0000000086900000, 0x0000000086a00000|  0%| F|  |TAMS 0x0000000086900000, 0x0000000086900000| Untracked 
|  76|0x0000000086a00000, 0x0000000086a00000, 0x0000000086b00000|  0%| F|  |TAMS 0x0000000086a00000, 0x0000000086a00000| Untracked 
|  77|0x0000000086b00000, 0x0000000086b00000, 0x0000000086c00000|  0%| F|  |TAMS 0x0000000086b00000, 0x0000000086b00000| Untracked 
|  78|0x0000000086c00000, 0x0000000086c00000, 0x0000000086d00000|  0%| F|  |TAMS 0x0000000086c00000, 0x0000000086c00000| Untracked 
|  79|0x0000000086d00000, 0x0000000086d00000, 0x0000000086e00000|  0%| F|  |TAMS 0x0000000086d00000, 0x0000000086d00000| Untracked 
|  80|0x0000000086e00000, 0x0000000086e00000, 0x0000000086f00000|  0%| F|  |TAMS 0x0000000086e00000, 0x0000000086e00000| Untracked 
|  81|0x0000000086f00000, 0x0000000086f00000, 0x0000000087000000|  0%| F|  |TAMS 0x0000000086f00000, 0x0000000086f00000| Untracked 
|  82|0x0000000087000000, 0x0000000087000000, 0x0000000087100000|  0%| F|  |TAMS 0x0000000087000000, 0x0000000087000000| Untracked 
|  83|0x0000000087100000, 0x0000000087100000, 0x0000000087200000|  0%| F|  |TAMS 0x0000000087100000, 0x0000000087100000| Untracked 
|  84|0x0000000087200000, 0x0000000087200000, 0x0000000087300000|  0%| F|  |TAMS 0x0000000087200000, 0x0000000087200000| Untracked 
|  85|0x0000000087300000, 0x0000000087300000, 0x0000000087400000|  0%| F|  |TAMS 0x0000000087300000, 0x0000000087300000| Untracked 
|  86|0x0000000087400000, 0x0000000087400000, 0x0000000087500000|  0%| F|  |TAMS 0x0000000087400000, 0x0000000087400000| Untracked 
|  87|0x0000000087500000, 0x0000000087500000, 0x0000000087600000|  0%| F|  |TAMS 0x0000000087500000, 0x0000000087500000| Untracked 
|  88|0x0000000087600000, 0x0000000087600000, 0x0000000087700000|  0%| F|  |TAMS 0x0000000087600000, 0x0000000087600000| Untracked 
|  89|0x0000000087700000, 0x0000000087700000, 0x0000000087800000|  0%| F|  |TAMS 0x0000000087700000, 0x0000000087700000| Untracked 
|  90|0x0000000087800000, 0x0000000087800000, 0x0000000087900000|  0%| F|  |TAMS 0x0000000087800000, 0x0000000087800000| Untracked 
|  91|0x0000000087900000, 0x0000000087900000, 0x0000000087a00000|  0%| F|  |TAMS 0x0000000087900000, 0x0000000087900000| Untracked 
|  92|0x0000000087a00000, 0x0000000087a00000, 0x0000000087b00000|  0%| F|  |TAMS 0x0000000087a00000, 0x0000000087a00000| Untracked 
|  93|0x0000000087b00000, 0x0000000087b00000, 0x0000000087c00000|  0%| F|  |TAMS 0x0000000087b00000, 0x0000000087b00000| Untracked 
|  94|0x0000000087c00000, 0x0000000087c00000, 0x0000000087d00000|  0%| F|  |TAMS 0x0000000087c00000, 0x0000000087c00000| Untracked 
|  95|0x0000000087d00000, 0x0000000087d00000, 0x0000000087e00000|  0%| F|  |TAMS 0x0000000087d00000, 0x0000000087d00000| Untracked 
|  96|0x0000000087e00000, 0x0000000087e00000, 0x0000000087f00000|  0%| F|  |TAMS 0x0000000087e00000, 0x0000000087e00000| Untracked 
|  97|0x0000000087f00000, 0x0000000087f00000, 0x0000000088000000|  0%| F|  |TAMS 0x0000000087f00000, 0x0000000087f00000| Untracked 
|  98|0x0000000088000000, 0x0000000088000000, 0x0000000088100000|  0%| F|  |TAMS 0x0000000088000000, 0x0000000088000000| Untracked 
|  99|0x0000000088100000, 0x0000000088100000, 0x0000000088200000|  0%| F|  |TAMS 0x0000000088100000, 0x0000000088100000| Untracked 
| 100|0x0000000088200000, 0x0000000088200000, 0x0000000088300000|  0%| F|  |TAMS 0x0000000088200000, 0x0000000088200000| Untracked 
| 101|0x0000000088300000, 0x0000000088400000, 0x0000000088400000|100%| S|CS|TAMS 0x0000000088300000, 0x0000000088300000| Complete 
| 102|0x0000000088400000, 0x0000000088500000, 0x0000000088500000|100%| S|CS|TAMS 0x0000000088400000, 0x0000000088400000| Complete 
| 103|0x0000000088500000, 0x0000000088600000, 0x0000000088600000|100%| S|CS|TAMS 0x0000000088500000, 0x0000000088500000| Complete 
| 104|0x0000000088600000, 0x0000000088600000, 0x0000000088700000|  0%| F|  |TAMS 0x0000000088600000, 0x0000000088600000| Untracked 
| 105|0x0000000088700000, 0x0000000088700000, 0x0000000088800000|  0%| F|  |TAMS 0x0000000088700000, 0x0000000088700000| Untracked 
| 106|0x0000000088800000, 0x0000000088800000, 0x0000000088900000|  0%| F|  |TAMS 0x0000000088800000, 0x0000000088800000| Untracked 
| 107|0x0000000088900000, 0x0000000088900000, 0x0000000088a00000|  0%| F|  |TAMS 0x0000000088900000, 0x0000000088900000| Untracked 
| 108|0x0000000088a00000, 0x0000000088a00000, 0x0000000088b00000|  0%| F|  |TAMS 0x0000000088a00000, 0x0000000088a00000| Untracked 
| 109|0x0000000088b00000, 0x0000000088b00000, 0x0000000088c00000|  0%| F|  |TAMS 0x0000000088b00000, 0x0000000088b00000| Untracked 
| 110|0x0000000088c00000, 0x0000000088c00000, 0x0000000088d00000|  0%| F|  |TAMS 0x0000000088c00000, 0x0000000088c00000| Untracked 
| 111|0x0000000088d00000, 0x0000000088d00000, 0x0000000088e00000|  0%| F|  |TAMS 0x0000000088d00000, 0x0000000088d00000| Untracked 
| 112|0x0000000088e00000, 0x0000000088e00000, 0x0000000088f00000|  0%| F|  |TAMS 0x0000000088e00000, 0x0000000088e00000| Untracked 
| 113|0x0000000088f00000, 0x0000000088f00000, 0x0000000089000000|  0%| F|  |TAMS 0x0000000088f00000, 0x0000000088f00000| Untracked 
| 114|0x0000000089000000, 0x0000000089000000, 0x0000000089100000|  0%| F|  |TAMS 0x0000000089000000, 0x0000000089000000| Untracked 
| 115|0x0000000089100000, 0x0000000089100000, 0x0000000089200000|  0%| F|  |TAMS 0x0000000089100000, 0x0000000089100000| Untracked 
| 116|0x0000000089200000, 0x0000000089200000, 0x0000000089300000|  0%| F|  |TAMS 0x0000000089200000, 0x0000000089200000| Untracked 
| 117|0x0000000089300000, 0x0000000089300000, 0x0000000089400000|  0%| F|  |TAMS 0x0000000089300000, 0x0000000089300000| Untracked 
| 118|0x0000000089400000, 0x0000000089400000, 0x0000000089500000|  0%| F|  |TAMS 0x0000000089400000, 0x0000000089400000| Untracked 
| 119|0x0000000089500000, 0x0000000089500000, 0x0000000089600000|  0%| F|  |TAMS 0x0000000089500000, 0x0000000089500000| Untracked 
| 120|0x0000000089600000, 0x0000000089626e78, 0x0000000089700000| 15%| E|  |TAMS 0x0000000089600000, 0x0000000089600000| Complete 
| 121|0x0000000089700000, 0x0000000089800000, 0x0000000089800000|100%| E|CS|TAMS 0x0000000089700000, 0x0000000089700000| Complete 
| 122|0x0000000089800000, 0x0000000089900000, 0x0000000089900000|100%| E|CS|TAMS 0x0000000089800000, 0x0000000089800000| Complete 
| 123|0x0000000089900000, 0x0000000089a00000, 0x0000000089a00000|100%| E|CS|TAMS 0x0000000089900000, 0x0000000089900000| Complete 
| 124|0x0000000089a00000, 0x0000000089b00000, 0x0000000089b00000|100%| E|CS|TAMS 0x0000000089a00000, 0x0000000089a00000| Complete 
| 125|0x0000000089b00000, 0x0000000089c00000, 0x0000000089c00000|100%| E|CS|TAMS 0x0000000089b00000, 0x0000000089b00000| Complete 
| 126|0x0000000089c00000, 0x0000000089d00000, 0x0000000089d00000|100%| E|CS|TAMS 0x0000000089c00000, 0x0000000089c00000| Complete 
| 127|0x0000000089d00000, 0x0000000089e00000, 0x0000000089e00000|100%| E|CS|TAMS 0x0000000089d00000, 0x0000000089d00000| Complete 

Card table byte_map: [0x000001b0c6a40000,0x000001b0c6e40000] _byte_map_base: 0x000001b0c6631000

Marking Bits (Prev, Next): (CMBitMap*) 0x000001b0ad051d38, (CMBitMap*) 0x000001b0ad051d70
 Prev Bits: [0x000001b0c7240000, 0x000001b0c91c8000)
 Next Bits: [0x000001b0c91d0000, 0x000001b0cb158000)

Polling page: 0x000001b0acd70000

Metaspace:

Usage:
  Non-class:     11.91 MB capacity,    11.70 MB ( 98%) used,   180.84 KB (  1%) free+waste,    31.56 KB ( <1%) overhead. 
      Class:      1.47 MB capacity,     1.35 MB ( 92%) used,   112.16 KB (  7%) free+waste,    15.50 KB (  1%) overhead. 
       Both:     13.38 MB capacity,    13.05 MB ( 98%) used,   293.01 KB (  2%) free+waste,    47.06 KB ( <1%) overhead. 

Virtual space:
  Non-class space:       12.00 MB reserved,      12.00 MB (100%) committed 
      Class space:        1.00 GB reserved,       1.50 MB ( <1%) committed 
             Both:        1.01 GB reserved,      13.50 MB (  1%) committed 

Chunk freelists:
   Non-Class:  3.88 KB
       Class:  3.38 KB
        Both:  7.25 KB

CodeHeap 'non-profiled nmethods': size=238336Kb used=1502Kb max_used=1502Kb free=236833Kb
 bounds [0x000001b0b7320000, 0x000001b0b7590000, 0x000001b0c5be0000]
CodeHeap 'non-nmethods': size=7424Kb used=1110Kb max_used=1110Kb free=6314Kb
 bounds [0x000001b0b6be0000, 0x000001b0b6e50000, 0x000001b0b7320000]
 total_blobs=1524 nmethods=1096 adapters=338
 compilation: enabled
              stopped_count=0, restarted_count=0
 full_count=0

Compilation events (10 events):
Event: 1.636 Thread 0x000001b0ce5c4800 1091       1       sun.security.provider.PolicyParser::match (766 bytes)
Event: 1.638 Thread 0x000001b0ce5c4800 nmethod 1091 0x000001b0b7493a90 code [0x000001b0b7493fe0, 0x000001b0b7495770]
Event: 1.638 Thread 0x000001b0ce5c4800 1092       1       java.lang.String::copyValueOf (11 bytes)
Event: 1.638 Thread 0x000001b0ce5c4800 nmethod 1092 0x000001b0b7496710 code [0x000001b0b74968c0, 0x000001b0b7496ac0]
Event: 1.638 Thread 0x000001b0ce5c4800 1094       1       java.lang.String::indexOf (65 bytes)
Event: 1.638 Thread 0x000001b0ce5c4800 nmethod 1094 0x000001b0b7496c10 code [0x000001b0b7496de0, 0x000001b0b74970b0]
Event: 1.638 Thread 0x000001b0ce5c4800 1095       1       java.lang.StringLatin1::indexOf (25 bytes)
Event: 1.638 Thread 0x000001b0ce5c4800 nmethod 1095 0x000001b0b7497290 code [0x000001b0b7497440, 0x000001b0b74975b0]
Event: 1.638 Thread 0x000001b0ce5c4800 1097       1       java.net.URI::match (56 bytes)
Event: 1.639 Thread 0x000001b0ce5c4800 nmethod 1097 0x000001b0b7497690 code [0x000001b0b7497820, 0x000001b0b74979f8]

GC Heap History (2 events):
Event: 1.120 GC heap before
{Heap before GC invocations=0 (full 0):
 garbage-first heap   total 131072K, used 24576K [0x0000000081e00000, 0x0000000100000000)
  region size 1024K, 24 young (24576K), 0 survivors (0K)
 Metaspace       used 9622K, capacity 9824K, committed 10112K, reserved 1058816K
  class space    used 981K, capacity 1065K, committed 1152K, reserved 1048576K
}
Event: 1.133 GC heap after
{Heap after GC invocations=1 (full 0):
 garbage-first heap   total 131072K, used 18651K [0x0000000081e00000, 0x0000000100000000)
  region size 1024K, 3 young (3072K), 3 survivors (3072K)
 Metaspace       used 9622K, capacity 9824K, committed 10112K, reserved 1058816K
  class space    used 981K, capacity 1065K, committed 1152K, reserved 1048576K
}

Deoptimization events (0 events):
No events

Classes redefined (0 events):
No events

Internal exceptions (10 events):
Event: 1.151 Thread 0x000001b0ad012000 Exception <a 'java/lang/NoSuchMethodError'{0x0000000089d5aca0}: java.lang.invoke.DirectMethodHandle$Holder.invokeStaticInit(Ljava/lang/Object;IIII)Ljava/lang/Object;> (0x0000000089d5aca0) thrown at [./open/src/hotspot/share/interpreter/linkResolver.cpp, l
Event: 1.531 Thread 0x000001b0ad012000 Exception <a 'java/lang/NoSuchMethodError'{0x0000000089dcbd20}: java.lang.invoke.DirectMethodHandle$Holder.invokeStatic(Ljava/lang/Object;Ljava/lang/Object;IIII)Ljava/lang/Object;> (0x0000000089dcbd20) thrown at [./open/src/hotspot/share/interpreter/linkR
Event: 1.531 Thread 0x000001b0ad012000 Exception <a 'java/lang/NoSuchMethodError'{0x0000000089dcf068}: java.lang.invoke.DirectMethodHandle$Holder.invokeStaticInit(Ljava/lang/Object;Ljava/lang/Object;IIII)Ljava/lang/Object;> (0x0000000089dcf068) thrown at [./open/src/hotspot/share/interpreter/l
Event: 1.541 Thread 0x000001b0ad012000 Exception <a 'java/lang/ClassNotFoundException'{0x0000000089dec5c8}: javax/management/remote/rmi/RMIServerImpl_Skel> (0x0000000089dec5c8) thrown at [./open/src/hotspot/share/classfile/systemDictionary.cpp, line 228]
Event: 1.584 Thread 0x000001b0ad012000 Exception <a 'java/lang/ClassNotFoundException'{0x0000000089cc2770}: jdk/internal/agent/resources/spi/agentProvider> (0x0000000089cc2770) thrown at [./open/src/hotspot/share/classfile/systemDictionary.cpp, line 228]
Event: 1.590 Thread 0x000001b0ad012000 Exception <a 'java/lang/NoSuchMethodError'{0x0000000089b18860}: java.lang.invoke.DirectMethodHandle$Holder.invokeStatic(Ljava/lang/Object;Ljava/lang/Object;Ljava/lang/Object;Ljava/lang/Object;Ljava/lang/Object;Ljava/lang/Object;Ljava/lang/Object;Ljava/lan
Event: 1.590 Thread 0x000001b0ad012000 Exception <a 'java/lang/NoSuchMethodError'{0x0000000089b25220}: java.lang.invoke.DirectMethodHandle$Holder.invokeStatic(Ljava/lang/Object;Ljava/lang/Object;Ljava/lang/Object;Ljava/lang/Object;Ljava/lang/Object;Ljava/lang/Object;Ljava/lang/Object;Ljava/lan
Event: 1.591 Thread 0x000001b0ad012000 Exception <a 'java/lang/NoSuchMethodError'{0x0000000089b3eea8}: java.lang.invoke.DelegatingMethodHandle$Holder.reinvoke_L(Ljava/lang/Object;ILjava/lang/Object;)Ljava/lang/Object;> (0x0000000089b3eea8) thrown at [./open/src/hotspot/share/interpreter/linkRe
Event: 1.636 Thread 0x000001b0ad012000 Exception <a 'java/lang/ClassNotFoundException'{0x000000008990f5a8}: javax/smartcardio/CardPermission> (0x000000008990f5a8) thrown at [./open/src/hotspot/share/classfile/systemDictionary.cpp, line 228]
Event: 1.638 Thread 0x000001b0ad012000 Exception <a 'java/io/FileNotFoundException'{0x000000008991d980}> (0x000000008991d980) thrown at [./open/src/hotspot/share/prims/jni.cpp, line 611]

Events (10 events):
Event: 1.646 loading class java/security/PermissionsEnumerator
Event: 1.646 loading class java/security/PermissionsEnumerator done
Event: 1.647 loading class java/security/AccessControlException
Event: 1.647 loading class java/security/AccessControlException done
Event: 1.648 loading class ch/qos/logback/core/status/InfoStatus
Event: 1.648 loading class ch/qos/logback/core/status/InfoStatus done
Event: 1.648 loading class ch/qos/logback/core/status/StatusBase
Event: 1.648 loading class ch/qos/logback/core/status/StatusBase done
Event: 1.648 loading class ch/qos/logback/core/status/Status
Event: 1.648 loading class ch/qos/logback/core/status/Status done


Dynamic libraries:
0x00007ff616580000 - 0x00007ff6165c7000 	C:\Program Files\Java\jdk-11.0.7\bin\javaw.exe
0x00007ff91fb20000 - 0x00007ff91fd10000 	C:\WINDOWS\SYSTEM32\ntdll.dll
0x00007ff91fa20000 - 0x00007ff91fad2000 	C:\WINDOWS\System32\KERNEL32.DLL
0x00007ff91cbb0000 - 0x00007ff91ce54000 	C:\WINDOWS\System32\KERNELBASE.dll
0x00007ff91e7b0000 - 0x00007ff91e853000 	C:\WINDOWS\System32\ADVAPI32.dll
0x00007ff91e640000 - 0x00007ff91e6de000 	C:\WINDOWS\System32\msvcrt.dll
0x00007ff91dbf0000 - 0x00007ff91dc87000 	C:\WINDOWS\System32\sechost.dll
0x00007ff91f160000 - 0x00007ff91f280000 	C:\WINDOWS\System32\RPCRT4.dll
0x00007ff91ef50000 - 0x00007ff91f0e4000 	C:\WINDOWS\System32\USER32.dll
0x00007ff91d130000 - 0x00007ff91d151000 	C:\WINDOWS\System32\win32u.dll
0x00007ff91de00000 - 0x00007ff91de26000 	C:\WINDOWS\System32\GDI32.dll
0x00007ff91ce60000 - 0x00007ff91cff5000 	C:\WINDOWS\System32\gdi32full.dll
0x00007ff91db30000 - 0x00007ff91dbce000 	C:\WINDOWS\System32\msvcp_win.dll
0x00007ff91cab0000 - 0x00007ff91cbaa000 	C:\WINDOWS\System32\ucrtbase.dll
0x00007ff8fe190000 - 0x00007ff8fe414000 	C:\WINDOWS\WinSxS\amd64_microsoft.windows.common-controls_6595b64144ccf1df_6.0.18362.900_none_e6beb9d913147d17\COMCTL32.dll
0x00007ff915ec0000 - 0x00007ff915eca000 	C:\WINDOWS\SYSTEM32\VERSION.dll
0x00007ff91f6b0000 - 0x00007ff91f9e5000 	C:\WINDOWS\System32\combase.dll
0x00007ff91d0b0000 - 0x00007ff91d130000 	C:\WINDOWS\System32\bcryptPrimitives.dll
0x00007ff91f9f0000 - 0x00007ff91fa1e000 	C:\WINDOWS\System32\IMM32.DLL
0x00007ff8e0ec0000 - 0x00007ff8e0ed6000 	C:\Program Files\Java\jdk-11.0.7\bin\vcruntime140.dll
0x00007ff8e0e10000 - 0x00007ff8e0eba000 	C:\Program Files\Java\jdk-11.0.7\bin\msvcp140.dll
0x00007ff8e1c50000 - 0x00007ff8e27b1000 	C:\Program Files\Java\jdk-11.0.7\bin\server\jvm.dll
0x00007ff91dbd0000 - 0x00007ff91dbd8000 	C:\WINDOWS\System32\PSAPI.DLL
0x00007ff9194a0000 - 0x00007ff9194c4000 	C:\WINDOWS\SYSTEM32\WINMM.dll
0x00007ff91b540000 - 0x00007ff91b549000 	C:\WINDOWS\SYSTEM32\WSOCK32.dll
0x00007ff91f280000 - 0x00007ff91f2ef000 	C:\WINDOWS\System32\WS2_32.dll
0x00007ff919470000 - 0x00007ff91949d000 	C:\WINDOWS\SYSTEM32\WINMMBASE.dll
0x00007ff91d1f0000 - 0x00007ff91d23a000 	C:\WINDOWS\System32\cfgmgr32.dll
0x00007ff91c9f0000 - 0x00007ff91ca01000 	C:\WINDOWS\System32\kernel.appcore.dll
0x00007ff8e9440000 - 0x00007ff8e9451000 	C:\Program Files\Java\jdk-11.0.7\bin\verify.dll
0x00007ff91b2c0000 - 0x00007ff91b4b4000 	C:\WINDOWS\SYSTEM32\DBGHELP.DLL
0x00007ff915e50000 - 0x00007ff915e7a000 	C:\WINDOWS\SYSTEM32\dbgcore.DLL
0x00007ff8e5800000 - 0x00007ff8e5829000 	C:\Program Files\Java\jdk-11.0.7\bin\java.dll
0x00007ff906990000 - 0x00007ff90699a000 	C:\Program Files\Java\jdk-11.0.7\bin\jimage.dll
0x00007ff8e5e20000 - 0x00007ff8e5e36000 	C:\Program Files\Java\jdk-11.0.7\bin\zip.dll
0x00007ff91e860000 - 0x00007ff91ef46000 	C:\WINDOWS\System32\SHELL32.dll
0x00007ff91e450000 - 0x00007ff91e4f9000 	C:\WINDOWS\System32\shcore.dll
0x00007ff91d240000 - 0x00007ff91d9c0000 	C:\WINDOWS\System32\windows.storage.dll
0x00007ff91ca60000 - 0x00007ff91ca83000 	C:\WINDOWS\System32\profapi.dll
0x00007ff91ca10000 - 0x00007ff91ca5a000 	C:\WINDOWS\System32\powrprof.dll
0x00007ff91c9e0000 - 0x00007ff91c9f0000 	C:\WINDOWS\System32\UMPDC.dll
0x00007ff91f2f0000 - 0x00007ff91f342000 	C:\WINDOWS\System32\shlwapi.dll
0x00007ff91db10000 - 0x00007ff91db27000 	C:\WINDOWS\System32\cryptsp.dll
0x00007ff8e5640000 - 0x00007ff8e5659000 	C:\Program Files\Java\jdk-11.0.7\bin\net.dll
0x00007ff915770000 - 0x00007ff915860000 	C:\WINDOWS\SYSTEM32\WINHTTP.dll
0x00007ff91c250000 - 0x00007ff91c2b7000 	C:\WINDOWS\system32\mswsock.dll
0x00007ff8e5620000 - 0x00007ff8e5633000 	C:\Program Files\Java\jdk-11.0.7\bin\nio.dll
0x00007ff8e75e0000 - 0x00007ff8e75e9000 	C:\Program Files\Java\jdk-11.0.7\bin\management.dll
0x00007ff8e75c0000 - 0x00007ff8e75cc000 	C:\Program Files\Java\jdk-11.0.7\bin\management_ext.dll
0x00007ff907c90000 - 0x00007ff907ca6000 	C:\WINDOWS\system32\napinsp.dll
0x00007ff907cb0000 - 0x00007ff907cca000 	C:\WINDOWS\system32\pnrpnsp.dll
0x00007ff91bff0000 - 0x00007ff91c0bb000 	C:\WINDOWS\SYSTEM32\DNSAPI.dll
0x00007ff91ddf0000 - 0x00007ff91ddf8000 	C:\WINDOWS\System32\NSI.dll
0x00007ff91bf60000 - 0x00007ff91bf9a000 	C:\WINDOWS\SYSTEM32\IPHLPAPI.DLL
0x00007ff9158d0000 - 0x00007ff9158de000 	C:\WINDOWS\System32\winrnr.dll
0x00007ff913270000 - 0x00007ff91328c000 	C:\WINDOWS\system32\NLAapi.dll
0x00007ff915370000 - 0x00007ff915385000 	C:\WINDOWS\system32\wshbth.dll
0x00007ff90bf80000 - 0x00007ff90bf8a000 	C:\Windows\System32\rasadhlp.dll
0x00007ff910220000 - 0x00007ff910297000 	C:\WINDOWS\System32\fwpuclnt.dll
0x00007ff91d160000 - 0x00007ff91d186000 	C:\WINDOWS\System32\bcrypt.dll
0x00007ff91bdc0000 - 0x00007ff91bdf3000 	C:\WINDOWS\system32\rsaenh.dll
0x00007ff91c900000 - 0x00007ff91c925000 	C:\WINDOWS\SYSTEM32\USERENV.dll
0x00007ff91c420000 - 0x00007ff91c42c000 	C:\WINDOWS\SYSTEM32\CRYPTBASE.dll
0x00007ff910390000 - 0x00007ff9103a6000 	C:\WINDOWS\SYSTEM32\dhcpcsvc6.DLL
0x00007ff910510000 - 0x00007ff91052c000 	C:\WINDOWS\SYSTEM32\dhcpcsvc.DLL

dbghelp: loaded successfully - version: 4.0.5 - missing functions: none
symbol engine: initialized successfully - sym options: 0x614 - pdb path: .;C:\Program Files\Java\jdk-11.0.7\bin;C:\WINDOWS\SYSTEM32;C:\WINDOWS\WinSxS\amd64_microsoft.windows.common-controls_6595b64144ccf1df_6.0.18362.900_none_e6beb9d913147d17;C:\Program Files\Java\jdk-11.0.7\bin\server

VM Arguments:
jvm_args: -Dcom.sun.management.jmxremote -Dcom.sun.management.jmxremote.port=50310 -Dcom.sun.management.jmxremote.authenticate=false -Dcom.sun.management.jmxremote.ssl=false -Djava.rmi.server.hostname=localhost -Dspring.jmx.enabled=true -Dspring.application.admin.enabled=true -Xverify:none -XX:TieredStopAtLevel=1 -Dspring.boot.project.name=ecommerce -Dfile.encoding=UTF-8 
java_command: com.mycompany.ecommerce.EcommerceApplication --spring.output.ansi.enabled=always
java_class_path (initial): C:\Users\Vinicius\Documents\git\ecommerce\target\classes;C:\Users\Vinicius\.m2\repository\org\springframework\boot\spring-boot-starter-web\2.3.0.RELEASE\spring-boot-starter-web-2.3.0.RELEASE.jar;C:\Users\Vinicius\.m2\repository\org\springframework\boot\spring-boot-starter\2.3.0.RELEASE\spring-boot-starter-2.3.0.RELEASE.jar;C:\Users\Vinicius\.m2\repository\org\springframework\boot\spring-boot-starter-logging\2.3.0.RELEASE\spring-boot-starter-logging-2.3.0.RELEASE.jar;C:\Users\Vinicius\.m2\repository\ch\qos\logback\logback-classic\1.2.3\logback-classic-1.2.3.jar;C:\Users\Vinicius\.m2\repository\ch\qos\logback\logback-core\1.2.3\logback-core-1.2.3.jar;C:\Users\Vinicius\.m2\repository\org\apache\logging\log4j\log4j-to-slf4j\2.13.2\log4j-to-slf4j-2.13.2.jar;C:\Users\Vinicius\.m2\repository\org\apache\logging\log4j\log4j-api\2.13.2\log4j-api-2.13.2.jar;C:\Users\Vinicius\.m2\repository\org\slf4j\jul-to-slf4j\1.7.30\jul-to-slf4j-1.7.30.jar;C:\Users\Vinicius\.m2\repository\jakarta\annotation\jakarta.annotation-api\1.3.5\jakarta.annotation-api-1.3.5.jar;C:\Users\Vinicius\.m2\repository\org\yaml\snakeyaml\1.26\snakeyaml-1.26.jar;C:\Users\Vinicius\.m2\repository\org\springframework\boot\spring-boot-starter-json\2.3.0.RELEASE\spring-boot-starter-json-2.3.0.RELEASE.jar;C:\Users\Vinicius\.m2\repository\com\fasterxml\jackson\datatype\jackson-datatype-jdk8\2.11.0\jackson-datatype-jdk8-2.11.0.jar;C:\Users\Vinicius\.m2\repository\com\fasterxml\jackson\datatype\jackson-datatype-jsr310\2.11.0\jackson-datatype-jsr310-2.11.0.jar;C:\Users\Vinicius\.m2\repository\com\fasterxml\jackson\module\jackson-module-parameter-names\2.11.0\jackson-module-parameter-names-2.11.0.jar;C:\Users\Vinicius\.m2\repository\org\springframework\boot\spring-boot-starter-tomcat\2.3.0.RELEASE\spring-boot-starter-tomcat-2.3.0.RELEASE.jar;C:\Users\Vinicius\.m2\repository\org\apache\tomcat\embed\tomcat-embed-core\9.0.35\tomcat-embed-core-9.0.35.jar;C:\Users\Vinicius\.m2\repository\org\glass
Launcher Type: SUN_STANDARD

[Global flags]
     bool BytecodeVerificationLocal                = false                                     {product} {command line}
     bool BytecodeVerificationRemote               = false                                     {product} {command line}
     intx CICompilerCount                          = 4                                         {product} {ergonomic}
     uint ConcGCThreads                            = 2                                         {product} {ergonomic}
     uint G1ConcRefinementThreads                  = 8                                         {product} {ergonomic}
   size_t G1HeapRegionSize                         = 1048576                                   {product} {ergonomic}
    uintx GCDrainStackTargetSize                   = 64                                        {product} {ergonomic}
   size_t InitialHeapSize                          = 134217728                                 {product} {ergonomic}
     bool ManagementServer                         = true                                      {product} {command line}
   size_t MarkStackSize                            = 4194304                                   {product} {ergonomic}
   size_t MaxHeapSize                              = 2116026368                                {product} {ergonomic}
   size_t MaxNewSize                               = 1268776960                                {product} {ergonomic}
   size_t MinHeapDeltaBytes                        = 1048576                                   {product} {ergonomic}
    uintx NonNMethodCodeHeapSize                   = 7549744                                {pd product} {ergonomic}
    uintx NonProfiledCodeHeapSize                  = 244108496                              {pd product} {ergonomic}
    uintx ProfiledCodeHeapSize                     = 0                                      {pd product} {ergonomic}
    uintx ReservedCodeCacheSize                    = 251658240                              {pd product} {ergonomic}
     bool SegmentedCodeCache                       = true                                      {product} {ergonomic}
     intx TieredStopAtLevel                        = 1                                         {product} {command line}
     bool UseCompressedClassPointers               = true                                 {lp64_product} {ergonomic}
     bool UseCompressedOops                        = true                                 {lp64_product} {ergonomic}
     bool UseG1GC                                  = true                                      {product} {ergonomic}
     bool UseLargePagesIndividualAllocation        = false                                  {pd product} {ergonomic}

Logging:
Log output configuration:
 #0: stdout all=warning uptime,level,tags
 #1: stderr all=off uptime,level,tags

Environment Variables:
JAVA_HOME=C:\Program Files\Java\jdk-11.0.7
PATH=C:/Program Files/Java/jdk-11.0.7/bin/server;C:/Program Files/Java/jdk-11.0.7/bin;C:\Program Files (x86)\Intel\iCLS Client\;C:\Program Files\Intel\iCLS Client\;C:\Windows\system32;C:\Windows;C:\Windows\System32\Wbem;C:\Windows\System32\WindowsPowerShell\v1.0\;C:\Program Files (x86)\Intel\Intel(R) Management Engine Components\DAL;C:\Program Files\Intel\Intel(R) Management Engine Components\DAL;C:\Program Files (x86)\Intel\Intel(R) Management Engine Components\IPT;C:\Program Files\Intel\Intel(R) Management Engine Components\IPT;C:\Program Files (x86)\NVIDIA Corporation\PhysX\Common;C:\ProgramData\ComposerSetup\bin;C:\WINDOWS\system32;C:\WINDOWS;C:\WINDOWS\System32\Wbem;C:\WINDOWS\System32\WindowsPowerShell\v1.0\;C:\wamp64\bin\php\php7.0.10;C:\Program Files\Microsoft SQL Server\130\Tools\Binn\;C:\Program Files\dotnet\;C:\WINDOWS\System32\OpenSSH\;C:\Program Files\Java\jdk-11.0.7\bin;C:\wamp64\bin\mysql\mysql5.7.14\bin;C:\Users\Vinicius\AppData\Roaming\Composer\vendor\bin;C:\Users\Vinicius\AppData\Local\Microsoft\WindowsApps;C:\Program Files (x86)\Heroku\bin;;C:\sts-4.6.1.RELEASE;
USERNAME=Vinicius
OS=Windows_NT
PROCESSOR_IDENTIFIER=Intel64 Family 6 Model 94 Stepping 3, GenuineIntel



---------------  S Y S T E M  ---------------

OS: Windows 10 , 64 bit Build 18362 (10.0.18362.900)

CPU:total 8 (initial active 8) (4 cores per cpu, 2 threads per core) family 6 model 94 stepping 3, cmov, cx8, fxsr, mmx, sse, sse2, sse3, ssse3, sse4.1, sse4.2, popcnt, avx, avx2, aes, clmul, erms, rtm, 3dnowpref, lzcnt, ht, tsc, tscinvbit, bmi1, bmi2, adx, fma

Memory: 4k page, system-wide physical 8064M (2186M free)
TotalPageFile size 12160M (AvailPageFile size 5579M)
current process WorkingSet (physical memory assigned to process): 90M, peak: 90M
current process commit charge ("private bytes"): 226M, peak: 226M

vm_info: Java HotSpot(TM) 64-Bit Server VM (11.0.7+8-LTS) for windows-amd64 JRE (11.0.7+8-LTS), built on Mar 12 2020 02:04:32 by "mach5one" with MS VC++ 15.5 (VS2017)

END.
